
> @zintrust/core@0.1.1 test
> vitest run --coverage --coverage.include=src/cli/commands/*.ts


[1m[46m RUN [49m[22m [36mv4.0.16 [39m[90m/opt/homebrew/var/www/Sites/zintrust[39m
      [2mCoverage enabled with [22m[33mv8[39m

 [31mâ¯[39m tests/cli/TemplateEngine.test.ts [2m([22m[2m29 tests[22m[2m | [22m[31m5 failed[39m[2m)[22m[32m 11[2mms[22m[39m
       [32mâœ“[39m should replace simple variables[32m 1[2mms[22m[39m
       [32mâœ“[39m should handle multiple occurrences of same variable[32m 0[2mms[22m[39m
       [32mâœ“[39m should handle variables with spaces[32m 0[2mms[22m[39m
       [32mâœ“[39m should convert numbers to strings[32m 0[2mms[22m[39m
       [32mâœ“[39m should convert booleans to strings[32m 0[2mms[22m[39m
       [32mâœ“[39m should skip undefined variables[32m 0[2mms[22m[39m
       [32mâœ“[39m should skip null variables[32m 0[2mms[22m[39m
       [32mâœ“[39m should handle empty content[32m 0[2mms[22m[39m
       [32mâœ“[39m should handle no variables[32m 0[2mms[22m[39m
       [32mâœ“[39m should be case-sensitive[32m 0[2mms[22m[39m
[31m       [31mÃ—[31m should render file paths with variables[39m[32m 3[2mms[22m[39m
[31m       [31mÃ—[31m should handle multiple variables in path[39m[32m 0[2mms[22m[39m
[31m       [31mÃ—[31m should render content with variables[39m[32m 0[2mms[22m[39m
[31m       [31mÃ—[31m should handle multi-line content[39m[32m 0[2mms[22m[39m
       [32mâœ“[39m should merge custom variables with defaults[32m 1[2mms[22m[39m
       [32mâœ“[39m should override all defaults with custom[32m 0[2mms[22m[39m
       [32mâœ“[39m should add new variables from custom[32m 0[2mms[22m[39m
       [32mâœ“[39m should detect variables in content[32m 0[2mms[22m[39m
       [32mâœ“[39m should detect multiple variables[32m 0[2mms[22m[39m
       [32mâœ“[39m should handle edge cases[32m 0[2mms[22m[39m
       [32mâœ“[39m should extract variable names[32m 1[2mms[22m[39m
       [32mâœ“[39m should handle multiple occurrences of same variable[32m 0[2mms[22m[39m
       [32mâœ“[39m should trim variable names[32m 0[2mms[22m[39m
       [32mâœ“[39m should return empty array for no variables[32m 0[2mms[22m[39m
       [32mâœ“[39m should have basic template[32m 0[2mms[22m[39m
       [32mâœ“[39m should have api template[32m 0[2mms[22m[39m
       [32mâœ“[39m basic template should have required directories[32m 0[2mms[22m[39m
       [32mâœ“[39m basic template should have required files[32m 0[2mms[22m[39m
[31m       [31mÃ—[31m template files should be valid[39m[32m 2[2mms[22m[39m
[90mstdout[2m | tests/cli/MigrationGenerator.test.ts[2m > [22m[2mMigrationGenerator Generation Basic[2m > [22m[2mshould create migration file
[22m[39m[INFO] Created file: /opt/homebrew/var/www/Sites/zintrust/tests/cli/test-migrations/migrations/20251226152333_create_users_table.ts 
[INFO] âœ… Created migration: 20251226152333_create_users_table.ts 

[90mstdout[2m | tests/cli/MigrationGenerator.test.ts[2m > [22m[2mMigrationGenerator Generation Basic[2m > [22m[2mshould generate filename with timestamp
[22m[39m[INFO] Created file: /opt/homebrew/var/www/Sites/zintrust/tests/cli/test-migrations/migrations/20251226152333_create_users_table.ts 
[INFO] âœ… Created migration: 20251226152333_create_users_table.ts 

[90mstdout[2m | tests/cli/MigrationGenerator.test.ts[2m > [22m[2mMigrationGenerator Generation Basic[2m > [22m[2mshould reject duplicate migration
[22m[39m[INFO] Created file: /opt/homebrew/var/www/Sites/zintrust/tests/cli/test-migrations/migrations/20251226152333_create_users_table.ts 
[INFO] âœ… Created migration: 20251226152333_create_users_table.ts 

 [32mâœ“[39m tests/unit/runtime/FargateAdapter.test.ts [2m([22m[2m12 tests[22m[2m)[22m[32m 200[2mms[22m[39m
 [31mâ¯[39m tests/unit/cli/commands/NewCommand.test.ts [2m([22m[2m77 tests[22m[2m | [22m[31m1 failed[39m[2m)[22m[32m 50[2mms[22m[39m
       [32mâœ“[39m should create NewCommand instance[32m 1[2mms[22m[39m
[31m       [31mÃ—[31m should inherit from BaseCommand[39m[32m 8[2mms[22m[39m
       [32mâœ“[39m should have name property (protected)[32m 0[2mms[22m[39m
       [32mâœ“[39m should have description property (protected)[32m 0[2mms[22m[39m
       [32mâœ“[39m should have execute method[32m 0[2mms[22m[39m
       [32mâœ“[39m should have getCommand method from BaseCommand[32m 0[2mms[22m[39m
       [32mâœ“[39m command name should be "new"[32m 0[2mms[22m[39m
       [32mâœ“[39m description should not be empty[32m 0[2mms[22m[39m
       [32mâœ“[39m description should mention project creation[32m 0[2mms[22m[39m
       [32mâœ“[39m addOptions method should be defined[32m 0[2mms[22m[39m
       [32mâœ“[39m debug method should be defined[32m 0[2mms[22m[39m
       [32mâœ“[39m info method should be defined[32m 0[2mms[22m[39m
       [32mâœ“[39m success method should be defined[32m 0[2mms[22m[39m
       [32mâœ“[39m warn method should be defined[32m 0[2mms[22m[39m
       [32mâœ“[39m should have getProjectConfig private method[32m 0[2mms[22m[39m
       [32mâœ“[39m should have promptForConfig private method[32m 0[2mms[22m[39m
       [32mâœ“[39m should have getQuestions private method[32m 0[2mms[22m[39m
       [32mâœ“[39m should have runScaffolding private method[32m 0[2mms[22m[39m
       [32mâœ“[39m should have initializeGit private method[32m 0[2mms[22m[39m
       [32mâœ“[39m should have getGitBinary private method[32m 0[2mms[22m[39m
       [32mâœ“[39m should have getSafeEnv private method[32m 1[2mms[22m[39m
       [32mâœ“[39m should set name to "new" in constructor[32m 0[2mms[22m[39m
       [32mâœ“[39m should set description in constructor[32m 0[2mms[22m[39m
       [32mâœ“[39m getCommand should return a Command object[32m 1[2mms[22m[39m
       [32mâœ“[39m getCommand should set up command name correctly[32m 0[2mms[22m[39m
       [32mâœ“[39m getCommand should set up command description[32m 0[2mms[22m[39m
       [32mâœ“[39m getCommand should have arguments configured[32m 1[2mms[22m[39m
       [32mâœ“[39m getCommand should have template option configured[32m 0[2mms[22m[39m
       [32mâœ“[39m getCommand should have database option configured[32m 0[2mms[22m[39m
       [32mâœ“[39m getCommand should have port option configured[32m 0[2mms[22m[39m
       [32mâœ“[39m getCommand should have interactive option configured[32m 0[2mms[22m[39m
       [32mâœ“[39m getCommand should have git option configured[32m 0[2mms[22m[39m
       [32mâœ“[39m should throw error if project name is missing[32m 1[2mms[22m[39m
       [32mâœ“[39m should throw error if project name is empty string[32m 0[2mms[22m[39m
       [32mâœ“[39m should execute with project name provided[32m 1[2mms[22m[39m
       [32mâœ“[39m should handle execution errors gracefully[32m 1[2mms[22m[39m
       [32mâœ“[39m should skip git initialization when git option is false[32m 1[2mms[22m[39m
       [32mâœ“[39m should use default options when not provided[32m 2[2mms[22m[39m
       [32mâœ“[39m should handle different database options[32m 1[2mms[22m[39m
       [32mâœ“[39m should handle custom port configuration[32m 1[2mms[22m[39m
       [32mâœ“[39m should handle template options[32m 2[2mms[22m[39m
       [32mâœ“[39m should handle author metadata[32m 0[2mms[22m[39m
       [32mâœ“[39m should handle project description[32m 4[2mms[22m[39m
       [32mâœ“[39m should handle overwrite option[32m 1[2mms[22m[39m
       [32mâœ“[39m should call scaffolding with correct parameters[32m 1[2mms[22m[39m
       [32mâœ“[39m should call initializeGit when git option is not explicitly false[32m 0[2mms[22m[39m
       [32mâœ“[39m should log info messages on success[32m 0[2mms[22m[39m
       [32mâœ“[39m should return config with all options provided[32m 1[2mms[22m[39m
       [32mâœ“[39m should parse port to number[32m 0[2mms[22m[39m
       [32mâœ“[39m should return array of questions[32m 0[2mms[22m[39m
       [32mâœ“[39m should include template question[32m 1[2mms[22m[39m
       [32mâœ“[39m should include database question with options[32m 0[2mms[22m[39m
       [32mâœ“[39m should include port question[32m 0[2mms[22m[39m
       [32mâœ“[39m should validate port number range[32m 0[2mms[22m[39m
       [32mâœ“[39m should include author question[32m 2[2mms[22m[39m
       [32mâœ“[39m should include description question[32m 1[2mms[22m[39m
       [32mâœ“[39m should use default description with project name[32m 1[2mms[22m[39m
       [32mâœ“[39m should return object with PATH key[32m 1[2mms[22m[39m
       [32mâœ“[39m should include bin directories in PATH[32m 0[2mms[22m[39m
       [32mâœ“[39m should preserve other env variables[32m 0[2mms[22m[39m
       [32mâœ“[39m should return a string[32m 0[2mms[22m[39m
       [32mâœ“[39m should contain git reference[32m 0[2mms[22m[39m
       [32mâœ“[39m should handle interactive project name prompt[32m 1[2mms[22m[39m
       [32mâœ“[39m should throw error if interactive project name prompt returns empty[32m 0[2mms[22m[39m
       [32mâœ“[39m should handle scaffolding failure result[32m 0[2mms[22m[39m
       [32mâœ“[39m should handle scaffolding failure result without message[32m 0[2mms[22m[39m
       [32mâœ“[39m should initialize git if git option is true[32m 0[2mms[22m[39m
       [32mâœ“[39m should install dependencies if install option is true[32m 1[2mms[22m[39m
       [32mâœ“[39m should handle dependency installation failure[32m 0[2mms[22m[39m
       [32mâœ“[39m should handle git initialization failure[32m 1[2mms[22m[39m
       [32mâœ“[39m should skip git initialization if git is not installed[32m 2[2mms[22m[39m
       [32mâœ“[39m should prompt for config in interactive mode[32m 0[2mms[22m[39m
       [32mâœ“[39m should use defaults if prompt answers are missing or invalid[32m 0[2mms[22m[39m
       [32mâœ“[39m should handle numeric port in prompt answers[32m 0[2mms[22m[39m
       [32mâœ“[39m should call ProjectScaffolder.scaffold in runScaffolding[32m 0[2mms[22m[39m
       [32mâœ“[39m should handle non-Error objects in errorToMessage[32m 0[2mms[22m[39m
       [32mâœ“[39m should handle fallback values in getProjectDefaults[32m 0[2mms[22m[39m
 [32mâœ“[39m tests/unit/performance/code-generation-benchmark.test.ts [2m([22m[2m10 tests[22m[2m)[22m[32m 252[2mms[22m[39m
 [32mâœ“[39m tests/unit/security/Encryptor.test.ts [2m([22m[2m11 tests[22m[2m)[22m[32m 216[2mms[22m[39m
 [32mâœ“[39m tests/unit/Optimizer.test.ts [2m([22m[2m16 tests[22m[2m)[22m[33m 383[2mms[22m[39m
 [32mâœ“[39m tests/unit/RequestProfiler.test.ts [2m([22m[2m12 tests[22m[2m)[22m[33m 345[2mms[22m[39m
 [32mâœ“[39m tests/unit/cache/Cache.test.ts [2m([22m[2m7 tests[22m[2m)[22m[32m 95[2mms[22m[39m
[90mstdout[2m | tests/cli/ProjectScaffolder.test.ts[2m > [22m[2mProjectScaffolder Context and Preparation Paths[2m > [22m[2mshould return true for existing directory
[22m[39m[INFO] Created directory: /opt/homebrew/var/www/Sites/zintrust/tests/cli/test-projects/existing-app 

[90mstdout[2m | tests/cli/ProjectScaffolder.test.ts[2m > [22m[2mProjectScaffolder Scaffolding Execution[2m > [22m[2mshould create project directories
[22m[39m[INFO] Created directory: /opt/homebrew/var/www/Sites/zintrust/tests/cli/test-projects/my-app 

[90mstdout[2m | tests/cli/ProjectScaffolder.test.ts[2m > [22m[2mProjectScaffolder Scaffolding Execution[2m > [22m[2mshould create project files
[22m[39m[INFO] Created directory: /opt/homebrew/var/www/Sites/zintrust/tests/cli/test-projects/my-app 

[90mstdout[2m | tests/cli/ProjectScaffolder.test.ts[2m > [22m[2mProjectScaffolder Scaffolding Execution[2m > [22m[2mshould render template variables in files
[22m[39m[INFO] Created directory: /opt/homebrew/var/www/Sites/zintrust/tests/cli/test-projects/my-app 

[90mstdout[2m | tests/cli/ProjectScaffolder.test.ts[2m > [22m[2mProjectScaffolder Configuration[2m > [22m[2mshould create .zintrust.json
[22m[39m[INFO] Created directory: /opt/homebrew/var/www/Sites/zintrust/tests/cli/test-projects/my-app 

[90mstdout[2m | tests/cli/ProjectScaffolder.test.ts[2m > [22m[2mProjectScaffolder Configuration[2m > [22m[2mshould create .env file
[22m[39m[INFO] Created directory: /opt/homebrew/var/www/Sites/zintrust/tests/cli/test-projects/my-app 

[90mstdout[2m | tests/cli/ProjectScaffolder.test.ts[2m > [22m[2mProjectScaffolder Database Configuration[2m > [22m[2mshould create PostgreSQL env for PostgreSQL projects
[22m[39m[INFO] Created directory: /opt/homebrew/var/www/Sites/zintrust/tests/cli/test-projects/my-app 

[90mstdout[2m | tests/cli/ProjectScaffolder.test.ts[2m > [22m[2mProjectScaffolder Database Configuration[2m > [22m[2mshould create SQLite env for SQLite projects
[22m[39m[INFO] Created directory: /opt/homebrew/var/www/Sites/zintrust/tests/cli/test-projects/my-app 

[90mstdout[2m | tests/cli/ProjectScaffolder.test.ts[2m > [22m[2mProjectScaffolder Overwrite[2m > [22m[2mshould fail if directory exists without overwrite
[22m[39m[INFO] Created directory: /opt/homebrew/var/www/Sites/zintrust/tests/cli/test-projects/existing 

[90mstdout[2m | tests/cli/ProjectScaffolder.test.ts[2m > [22m[2mProjectScaffolder Overwrite[2m > [22m[2mshould succeed with overwrite option
[22m[39m[INFO] Created directory: /opt/homebrew/var/www/Sites/zintrust/tests/cli/test-projects/my-app 
[INFO] Created file: /opt/homebrew/var/www/Sites/zintrust/tests/cli/test-projects/my-app/old-file.txt 

 [32mâœ“[39m tests/unit/security/JwtManager.test.ts [2m([22m[2m20 tests[22m[2m)[22m[32m 115[2mms[22m[39m
 [32mâœ“[39m tests/cli/ProjectScaffolder.test.ts [2m([22m[2m27 tests[22m[2m)[22m[32m 102[2mms[22m[39m
[90mstdout[2m | tests/cli/RequestFactoryGenerator.test.ts[2m > [22m[2mRequestFactoryGenerator Basic Generation - Part 1[2m > [22m[2mgenerateRequestFactory - Core[2m > [22m[2mshould create a basic request factory file
[22m[39m[INFO] Created file: /opt/homebrew/var/www/Sites/zintrust/tests/cli/test-request-factories-basic-1-1766762613613/CreateUserRequestFactory.ts 
[INFO] âœ… Created request factory: CreateUserRequestFactory.ts 

[90mstdout[2m | tests/cli/RequestFactoryGenerator.test.ts[2m > [22m[2mRequestFactoryGenerator Basic Generation - Part 1[2m > [22m[2mgenerateRequestFactory - Core[2m > [22m[2mshould generate factory with create method
[22m[39m[INFO] Created file: /opt/homebrew/var/www/Sites/zintrust/tests/cli/test-request-factories-basic-1-1766762613618/LoginRequestFactory.ts 
[INFO] âœ… Created request factory: LoginRequestFactory.ts 

[90mstdout[2m | tests/cli/RequestFactoryGenerator.test.ts[2m > [22m[2mRequestFactoryGenerator Basic Generation - Part 1[2m > [22m[2mgenerateRequestFactory - Core[2m > [22m[2mshould generate factory with times method for multiple instances
[22m[39m[INFO] Created file: /opt/homebrew/var/www/Sites/zintrust/tests/cli/test-request-factories-basic-1-1766762613619/PostRequestFactory.ts 
[INFO] âœ… Created request factory: PostRequestFactory.ts 

[90mstdout[2m | tests/cli/RequestFactoryGenerator.test.ts[2m > [22m[2mRequestFactoryGenerator Basic Generation - Part 2[2m > [22m[2mgenerateRequestFactory - Features[2m > [22m[2mshould include state management
[22m[39m[INFO] Created file: /opt/homebrew/var/www/Sites/zintrust/tests/cli/test-request-factories-basic-2-1766762613622/UpdateUserRequestFactory.ts 
[INFO] âœ… Created request factory: UpdateUserRequestFactory.ts 

[90mstdout[2m | tests/cli/RequestFactoryGenerator.test.ts[2m > [22m[2mRequestFactoryGenerator Basic Generation - Part 2[2m > [22m[2mgenerateRequestFactory - Features[2m > [22m[2mshould include validation methods
[22m[39m[INFO] Created file: /opt/homebrew/var/www/Sites/zintrust/tests/cli/test-request-factories-basic-2-1766762613624/CreateUserRequestFactory.ts 
[INFO] âœ… Created request factory: CreateUserRequestFactory.ts 

[90mstdout[2m | tests/cli/RequestFactoryGenerator.test.ts[2m > [22m[2mRequestFactoryGenerator Advanced Generation - Part 1[2m > [22m[2mgenerateRequestFactory - Custom Fields[2m > [22m[2mshould handle custom fields
[22m[39m[INFO] Created file: /opt/homebrew/var/www/Sites/zintrust/tests/cli/test-request-factories-advanced-1-1766762613628/RegisterRequestFactory.ts 
[INFO] âœ… Created request factory: RegisterRequestFactory.ts 

[90mstdout[2m | tests/cli/RequestFactoryGenerator.test.ts[2m > [22m[2mRequestFactoryGenerator Advanced Generation - Part 1[2m > [22m[2mgenerateRequestFactory - Custom Fields[2m > [22m[2mshould support field validation rules
[22m[39m[INFO] Created file: /opt/homebrew/var/www/Sites/zintrust/tests/cli/test-request-factories-advanced-1-1766762613632/LoginRequestFactory.ts 
[INFO] âœ… Created request factory: LoginRequestFactory.ts 

[90mstdout[2m | tests/cli/RequestFactoryGenerator.test.ts[2m > [22m[2mRequestFactoryGenerator Advanced Generation - Part 2[2m > [22m[2mgenerateRequestFactory - DTO Generation[2m > [22m[2mshould generate request DTO when requestsPath provided
[22m[39m[INFO] Created file: /opt/homebrew/var/www/Sites/zintrust/tests/cli/test-request-factories-advanced-2-1766762613633/CreateUserRequestFactory.ts 
[INFO] âœ… Created request factory: CreateUserRequestFactory.ts 
[INFO] Created file: /opt/homebrew/var/www/Sites/zintrust/tests/cli/test-request-factories-advanced-2-1766762613633/requests/CreateUserRequest.ts 
[INFO] âœ… Created request class: CreateUserRequest.ts 

[90mstdout[2m | tests/cli/RequestFactoryGenerator.test.ts[2m > [22m[2mRequestFactoryGenerator Specialized Generation - Part 1[2m > [22m[2mgenerateRequestFactory - Metadata[2m > [22m[2mshould include endpoint and method in generated DTO
[22m[39m[INFO] Created file: /opt/homebrew/var/www/Sites/zintrust/tests/cli/test-request-factories-specialized-1-1766762613636/CreatePostRequestFactory.ts 
[INFO] âœ… Created request factory: CreatePostRequestFactory.ts 
[INFO] Created file: /opt/homebrew/var/www/Sites/zintrust/tests/cli/test-request-factories-specialized-1-1766762613636/requests/CreatePostRequest.ts 
[INFO] âœ… Created request class: CreatePostRequest.ts 

[90mstderr[2m | tests/cli/RequestFactoryGenerator.test.ts[2m > [22m[2mRequestFactoryGenerator Specialized Generation - Part 1[2m > [22m[2mgenerateRequestFactory - Metadata[2m > [22m[2mshould handle invalid factory name error
[22m[39m[ERROR] Request factory generation failed Request factory name must end with "RequestFactory" (e.g., CreateUserRequestFactory)

[90mstdout[2m | tests/cli/RequestFactoryGenerator.test.ts[2m > [22m[2mRequestFactoryGenerator Specialized Generation - Part 2[2m > [22m[2mgenerateRequestFactory - Multiple Factories[2m > [22m[2mshould create multiple factories in same directory
[22m[39m[INFO] Created file: /opt/homebrew/var/www/Sites/zintrust/tests/cli/test-request-factories-specialized-2-1766762613641/CreateUserRequestFactory.ts 
[INFO] âœ… Created request factory: CreateUserRequestFactory.ts 

[90mstdout[2m | tests/cli/RequestFactoryGenerator.test.ts[2m > [22m[2mRequestFactoryGenerator Specialized Generation - Part 2[2m > [22m[2mgenerateRequestFactory - Multiple Factories[2m > [22m[2mshould create multiple factories in same directory
[22m[39m[INFO] Created file: /opt/homebrew/var/www/Sites/zintrust/tests/cli/test-request-factories-specialized-2-1766762613641/UpdateUserRequestFactory.ts 
[INFO] âœ… Created request factory: UpdateUserRequestFactory.ts 

[90mstdout[2m | tests/cli/RequestFactoryGenerator.test.ts[2m > [22m[2mRequestFactoryGenerator Code Validation[2m > [22m[2mGenerated Code Validation[2m > [22m[2mshould generate valid TypeScript syntax
[22m[39m[INFO] Created file: /opt/homebrew/var/www/Sites/zintrust/tests/cli/test-request-factories-code-validation-1766762613644/ArticleRequestFactory.ts 
[INFO] âœ… Created request factory: ArticleRequestFactory.ts 

[90mstdout[2m | tests/cli/RequestFactoryGenerator.test.ts[2m > [22m[2mRequestFactoryGenerator Code Validation[2m > [22m[2mGenerated Code Validation[2m > [22m[2mshould include proper field type generation
[22m[39m[INFO] Created file: /opt/homebrew/var/www/Sites/zintrust/tests/cli/test-request-factories-code-validation-1766762613646/CompleteRequestFactory.ts 
[INFO] âœ… Created request factory: CompleteRequestFactory.ts 

[90mstdout[2m | tests/cli/RequestFactoryGenerator.test.ts[2m > [22m[2mRequestFactoryGenerator Integration Tests - Part 1[2m > [22m[2mIntegration Tests - Common Types[2m > [22m[2mshould generate common request types (create, update, login, register)
[22m[39m[INFO] Created file: /opt/homebrew/var/www/Sites/zintrust/tests/cli/test-request-factories-integration-1-1766762613649/CreateUserRequestFactory.ts 
[INFO] âœ… Created request factory: CreateUserRequestFactory.ts 

[90mstdout[2m | tests/cli/RequestFactoryGenerator.test.ts[2m > [22m[2mRequestFactoryGenerator Integration Tests - Part 1[2m > [22m[2mIntegration Tests - Common Types[2m > [22m[2mshould generate common request types (create, update, login, register)
[22m[39m[INFO] Created file: /opt/homebrew/var/www/Sites/zintrust/tests/cli/test-request-factories-integration-1-1766762613649/UpdateUserRequestFactory.ts 
[INFO] âœ… Created request factory: UpdateUserRequestFactory.ts 

[90mstdout[2m | tests/cli/RequestFactoryGenerator.test.ts[2m > [22m[2mRequestFactoryGenerator Integration Tests - Part 1[2m > [22m[2mIntegration Tests - Common Types[2m > [22m[2mshould generate common request types (create, update, login, register)
[22m[39m[INFO] Created file: /opt/homebrew/var/www/Sites/zintrust/tests/cli/test-request-factories-integration-1-1766762613649/LoginRequestFactory.ts 
[INFO] âœ… Created request factory: LoginRequestFactory.ts 

[90mstdout[2m | tests/cli/RequestFactoryGenerator.test.ts[2m > [22m[2mRequestFactoryGenerator Integration Tests - Part 1[2m > [22m[2mIntegration Tests - Common Types[2m > [22m[2mshould generate common request types (create, update, login, register)
[22m[39m[INFO] Created file: /opt/homebrew/var/www/Sites/zintrust/tests/cli/test-request-factories-integration-1-1766762613649/RegisterRequestFactory.ts 
[INFO] âœ… Created request factory: RegisterRequestFactory.ts 

 [32mâœ“[39m tests/cli/CLI.test.ts [2m([22m[2m13 tests[22m[2m)[22m[33m 628[2mms[22m[39m
[90mstdout[2m | tests/cli/RequestFactoryGenerator.test.ts[2m > [22m[2mRequestFactoryGenerator Integration Tests - Part 2[2m > [22m[2mIntegration Tests - Complex Fields[2m > [22m[2mshould support complex multi-field requests
[22m[39m[INFO] Created file: /opt/homebrew/var/www/Sites/zintrust/tests/cli/test-request-factories-integration-2-1766762613669/PublishArticleRequestFactory.ts 
[INFO] âœ… Created request factory: PublishArticleRequestFactory.ts 

[90mstdout[2m | tests/cli/RequestFactoryGenerator.test.ts[2m > [22m[2mRequestFactoryGenerator Integration Tests - Part 2[2m > [22m[2mIntegration Tests - Patterns[2m > [22m[2mshould generate state patterns for testing
[22m[39m[INFO] Created file: /opt/homebrew/var/www/Sites/zintrust/tests/cli/test-request-factories-integration-2-1766762613671/ValidationTestRequestFactory.ts 
[INFO] âœ… Created request factory: ValidationTestRequestFactory.ts 

[90mstderr[2m | tests/cli/RequestFactoryGenerator.test.ts[2m > [22m[2mRequestFactoryGenerator Error Handling[2m > [22m[2mError Handling[2m > [22m[2mshould gracefully handle missing factory name
[22m[39m[ERROR] Request factory generation failed Cannot read properties of undefined (reading 'trim')

[90mstderr[2m | tests/cli/RequestFactoryGenerator.test.ts[2m > [22m[2mRequestFactoryGenerator Error Handling[2m > [22m[2mError Handling[2m > [22m[2mshould handle non-existent factories path
[22m[39m[ERROR] Request factory generation failed Request factories path does not exist: /non/existent/path

 [32mâœ“[39m tests/cli/RequestFactoryGenerator.test.ts [2m([22m[2m24 tests[22m[2m)[22m[32m 80[2mms[22m[39m
 [32mâœ“[39m tests/unit/functions/deno.test.ts [2m([22m[2m2 tests[22m[2m)[22m[32m 78[2mms[22m[39m
 [32mâœ“[39m tests/unit/performance/establish-baseline.test.ts [2m([22m[2m6 tests[22m[2m)[22m[32m 126[2mms[22m[39m
[90mstdout[2m | tests/cli/ServiceScaffolder.test.ts[2m > [22m[2mServiceScaffolder Scaffolding Basic[2m > [22m[2mscaffold Basic[2m > [22m[2mshould create service with all files
[22m[39m[INFO] Created directory: /opt/homebrew/var/www/Sites/zintrust/tests/cli/test-services/src/services/ecommerce/users/src/controllers 
[INFO] Created directory: /opt/homebrew/var/www/Sites/zintrust/tests/cli/test-services/src/services/ecommerce/users/src/models 
[INFO] Created directory: /opt/homebrew/var/www/Sites/zintrust/tests/cli/test-services/src/services/ecommerce/users/src/services 
[INFO] Created directory: /opt/homebrew/var/www/Sites/zintrust/tests/cli/test-services/src/services/ecommerce/users/src/middleware 
[INFO] Created directory: /opt/homebrew/var/www/Sites/zintrust/tests/cli/test-services/src/services/ecommerce/users/src/migrations 
[INFO] Created directory: /opt/homebrew/var/www/Sites/zintrust/tests/cli/test-services/src/services/ecommerce/users/src/factories 
[INFO] âœ… Created service directories 
[INFO] Created file: /opt/homebrew/var/www/Sites/zintrust/tests/cli/test-services/src/services/ecommerce/users/service.config.json 
[INFO] Created file: /opt/homebrew/var/www/Sites/zintrust/tests/cli/test-services/src/services/ecommerce/users/src/index.ts 
[INFO] Created file: /opt/homebrew/var/www/Sites/zintrust/tests/cli/test-services/src/services/ecommerce/users/src/routes.ts 
[INFO] Created file: /opt/homebrew/var/www/Sites/zintrust/tests/cli/test-services/src/services/ecommerce/users/src/controllers/ExampleController.ts 
[INFO] Created file: /opt/homebrew/var/www/Sites/zintrust/tests/cli/test-services/src/services/ecommerce/users/src/models/Example.ts 
[INFO] Created file: /opt/homebrew/var/www/Sites/zintrust/tests/cli/test-services/src/services/ecommerce/users/.env 
[INFO] Created file: /opt/homebrew/var/www/Sites/zintrust/tests/cli/test-services/src/services/ecommerce/users/src/middleware/index.ts 
[INFO] Created file: /opt/homebrew/var/www/Sites/zintrust/tests/cli/test-services/src/services/ecommerce/users/README.md 

[90mstdout[2m | tests/cli/ServiceScaffolder.test.ts[2m > [22m[2mServiceScaffolder Scaffolding Basic[2m > [22m[2mscaffold Basic[2m > [22m[2mshould reject existing service
[22m[39m[INFO] Created directory: /opt/homebrew/var/www/Sites/zintrust/tests/cli/test-services/src/services/ecommerce/users/src/controllers 
[INFO] Created directory: /opt/homebrew/var/www/Sites/zintrust/tests/cli/test-services/src/services/ecommerce/users/src/models 
[INFO] Created directory: /opt/homebrew/var/www/Sites/zintrust/tests/cli/test-services/src/services/ecommerce/users/src/services 
[INFO] Created directory: /opt/homebrew/var/www/Sites/zintrust/tests/cli/test-services/src/services/ecommerce/users/src/middleware 
[INFO] Created directory: /opt/homebrew/var/www/Sites/zintrust/tests/cli/test-services/src/services/ecommerce/users/src/migrations 
[INFO] Created directory: /opt/homebrew/var/www/Sites/zintrust/tests/cli/test-services/src/services/ecommerce/users/src/factories 
[INFO] âœ… Created service directories 
[INFO] Created file: /opt/homebrew/var/www/Sites/zintrust/tests/cli/test-services/src/services/ecommerce/users/service.config.json 
[INFO] Created file: /opt/homebrew/var/www/Sites/zintrust/tests/cli/test-services/src/services/ecommerce/users/src/index.ts 
[INFO] Created file: /opt/homebrew/var/www/Sites/zintrust/tests/cli/test-services/src/services/ecommerce/users/src/routes.ts 
[INFO] Created file: /opt/homebrew/var/www/Sites/zintrust/tests/cli/test-services/src/services/ecommerce/users/src/controllers/ExampleController.ts 
[INFO] Created file: /opt/homebrew/var/www/Sites/zintrust/tests/cli/test-services/src/services/ecommerce/users/src/models/Example.ts 
[INFO] Created file: /opt/homebrew/var/www/Sites/zintrust/tests/cli/test-services/src/services/ecommerce/users/.env 
[INFO] Created file: /opt/homebrew/var/www/Sites/zintrust/tests/cli/test-services/src/services/ecommerce/users/src/middleware/index.ts 
[INFO] Created file: /opt/homebrew/var/www/Sites/zintrust/tests/cli/test-services/src/services/ecommerce/users/README.md 

[90mstdout[2m | tests/cli/ServiceScaffolder.test.ts[2m > [22m[2mServiceScaffolder Scaffolding Files Basic[2m > [22m[2mscaffold Files Basic[2m > [22m[2mshould create service config file
[22m[39m[INFO] Created directory: /opt/homebrew/var/www/Sites/zintrust/tests/cli/test-services/src/services/default/users/src/controllers 
[INFO] Created directory: /opt/homebrew/var/www/Sites/zintrust/tests/cli/test-services/src/services/default/users/src/models 
[INFO] Created directory: /opt/homebrew/var/www/Sites/zintrust/tests/cli/test-services/src/services/default/users/src/services 
[INFO] Created directory: /opt/homebrew/var/www/Sites/zintrust/tests/cli/test-services/src/services/default/users/src/middleware 
[INFO] Created directory: /opt/homebrew/var/www/Sites/zintrust/tests/cli/test-services/src/services/default/users/src/migrations 
[INFO] Created directory: /opt/homebrew/var/www/Sites/zintrust/tests/cli/test-services/src/services/default/users/src/factories 
[INFO] âœ… Created service directories 
[INFO] Created file: /opt/homebrew/var/www/Sites/zintrust/tests/cli/test-services/src/services/default/users/service.config.json 
[INFO] Created file: /opt/homebrew/var/www/Sites/zintrust/tests/cli/test-services/src/services/default/users/src/index.ts 
[INFO] Created file: /opt/homebrew/var/www/Sites/zintrust/tests/cli/test-services/src/services/default/users/src/routes.ts 
[INFO] Created file: /opt/homebrew/var/www/Sites/zintrust/tests/cli/test-services/src/services/default/users/src/controllers/ExampleController.ts 
[INFO] Created file: /opt/homebrew/var/www/Sites/zintrust/tests/cli/test-services/src/services/default/users/src/models/Example.ts 
[INFO] Created file: /opt/homebrew/var/www/Sites/zintrust/tests/cli/test-services/src/services/default/users/.env 
[INFO] Created file: /opt/homebrew/var/www/Sites/zintrust/tests/cli/test-services/src/services/default/users/src/middleware/index.ts 
[INFO] Created file: /opt/homebrew/var/www/Sites/zintrust/tests/cli/test-services/src/services/default/users/README.md 

[90mstdout[2m | tests/cli/ServiceScaffolder.test.ts[2m > [22m[2mServiceScaffolder Scaffolding Files Index and Routes[2m > [22m[2mscaffold Files Index and Routes[2m > [22m[2mshould create service index.ts
[22m[39m[INFO] Created directory: /opt/homebrew/var/www/Sites/zintrust/tests/cli/test-services/src/services/default/payments/src/controllers 
[INFO] Created directory: /opt/homebrew/var/www/Sites/zintrust/tests/cli/test-services/src/services/default/payments/src/models 
[INFO] Created directory: /opt/homebrew/var/www/Sites/zintrust/tests/cli/test-services/src/services/default/payments/src/services 
[INFO] Created directory: /opt/homebrew/var/www/Sites/zintrust/tests/cli/test-services/src/services/default/payments/src/middleware 
[INFO] Created directory: /opt/homebrew/var/www/Sites/zintrust/tests/cli/test-services/src/services/default/payments/src/migrations 
[INFO] Created directory: /opt/homebrew/var/www/Sites/zintrust/tests/cli/test-services/src/services/default/payments/src/factories 
[INFO] âœ… Created service directories 
[INFO] Created file: /opt/homebrew/var/www/Sites/zintrust/tests/cli/test-services/src/services/default/payments/service.config.json 
[INFO] Created file: /opt/homebrew/var/www/Sites/zintrust/tests/cli/test-services/src/services/default/payments/src/index.ts 
[INFO] Created file: /opt/homebrew/var/www/Sites/zintrust/tests/cli/test-services/src/services/default/payments/src/routes.ts 
[INFO] Created file: /opt/homebrew/var/www/Sites/zintrust/tests/cli/test-services/src/services/default/payments/src/controllers/ExampleController.ts 
[INFO] Created file: /opt/homebrew/var/www/Sites/zintrust/tests/cli/test-services/src/services/default/payments/src/models/Example.ts 
[INFO] Created file: /opt/homebrew/var/www/Sites/zintrust/tests/cli/test-services/src/services/default/payments/.env 
[INFO] Created file: /opt/homebrew/var/www/Sites/zintrust/tests/cli/test-services/src/services/default/payments/src/middleware/index.ts 
[INFO] Created file: /opt/homebrew/var/www/Sites/zintrust/tests/cli/test-services/src/services/default/payments/README.md 

[90mstdout[2m | tests/cli/ServiceScaffolder.test.ts[2m > [22m[2mServiceScaffolder Scaffolding Files Index and Routes[2m > [22m[2mscaffold Files Index and Routes[2m > [22m[2mshould create service routes.ts
[22m[39m[INFO] Created directory: /opt/homebrew/var/www/Sites/zintrust/tests/cli/test-services/src/services/default/orders/src/controllers 
[INFO] Created directory: /opt/homebrew/var/www/Sites/zintrust/tests/cli/test-services/src/services/default/orders/src/models 
[INFO] Created directory: /opt/homebrew/var/www/Sites/zintrust/tests/cli/test-services/src/services/default/orders/src/services 
[INFO] Created directory: /opt/homebrew/var/www/Sites/zintrust/tests/cli/test-services/src/services/default/orders/src/middleware 
[INFO] Created directory: /opt/homebrew/var/www/Sites/zintrust/tests/cli/test-services/src/services/default/orders/src/migrations 
[INFO] Created directory: /opt/homebrew/var/www/Sites/zintrust/tests/cli/test-services/src/services/default/orders/src/factories 
[INFO] âœ… Created service directories 
[INFO] Created file: /opt/homebrew/var/www/Sites/zintrust/tests/cli/test-services/src/services/default/orders/service.config.json 
[INFO] Created file: /opt/homebrew/var/www/Sites/zintrust/tests/cli/test-services/src/services/default/orders/src/index.ts 
[INFO] Created file: /opt/homebrew/var/www/Sites/zintrust/tests/cli/test-services/src/services/default/orders/src/routes.ts 
[INFO] Created file: /opt/homebrew/var/www/Sites/zintrust/tests/cli/test-services/src/services/default/orders/src/controllers/ExampleController.ts 
[INFO] Created file: /opt/homebrew/var/www/Sites/zintrust/tests/cli/test-services/src/services/default/orders/src/models/Example.ts 
[INFO] Created file: /opt/homebrew/var/www/Sites/zintrust/tests/cli/test-services/src/services/default/orders/.env 
[INFO] Created file: /opt/homebrew/var/www/Sites/zintrust/tests/cli/test-services/src/services/default/orders/src/middleware/index.ts 
[INFO] Created file: /opt/homebrew/var/www/Sites/zintrust/tests/cli/test-services/src/services/default/orders/README.md 

[90mstdout[2m | tests/cli/FactoryGenerator.test.ts[2m > [22m[2mFactoryGenerator Basic Generation[2m > [22m[2mshould create a basic factory file
[22m[39m[INFO] Created file: /opt/homebrew/var/www/Sites/zintrust/tests/cli/test-factories-1766762613760/UserFactory.ts 
[INFO] âœ… Created factory: UserFactory.ts 

[90mstdout[2m | tests/cli/ServiceScaffolder.test.ts[2m > [22m[2mServiceScaffolder Scaffolding Files Advanced[2m > [22m[2mscaffold Files Advanced[2m > [22m[2mshould create service controller
[22m[39m[INFO] Created directory: /opt/homebrew/var/www/Sites/zintrust/tests/cli/test-services/src/services/default/users/src/controllers 
[INFO] Created directory: /opt/homebrew/var/www/Sites/zintrust/tests/cli/test-services/src/services/default/users/src/models 
[INFO] Created directory: /opt/homebrew/var/www/Sites/zintrust/tests/cli/test-services/src/services/default/users/src/services 
[INFO] Created directory: /opt/homebrew/var/www/Sites/zintrust/tests/cli/test-services/src/services/default/users/src/middleware 
[INFO] Created directory: /opt/homebrew/var/www/Sites/zintrust/tests/cli/test-services/src/services/default/users/src/migrations 
[INFO] Created directory: /opt/homebrew/var/www/Sites/zintrust/tests/cli/test-services/src/services/default/users/src/factories 
[INFO] âœ… Created service directories 
[INFO] Created file: /opt/homebrew/var/www/Sites/zintrust/tests/cli/test-services/src/services/default/users/service.config.json 
[INFO] Created file: /opt/homebrew/var/www/Sites/zintrust/tests/cli/test-services/src/services/default/users/src/index.ts 
[INFO] Created file: /opt/homebrew/var/www/Sites/zintrust/tests/cli/test-services/src/services/default/users/src/routes.ts 
[INFO] Created file: /opt/homebrew/var/www/Sites/zintrust/tests/cli/test-services/src/services/default/users/src/controllers/ExampleController.ts 
[INFO] Created file: /opt/homebrew/var/www/Sites/zintrust/tests/cli/test-services/src/services/default/users/src/models/Example.ts 
[INFO] Created file: /opt/homebrew/var/www/Sites/zintrust/tests/cli/test-services/src/services/default/users/.env 
[INFO] Created file: /opt/homebrew/var/www/Sites/zintrust/tests/cli/test-services/src/services/default/users/src/middleware/index.ts 
[INFO] Created file: /opt/homebrew/var/www/Sites/zintrust/tests/cli/test-services/src/services/default/users/README.md 

[90mstdout[2m | tests/cli/FactoryGenerator.test.ts[2m > [22m[2mFactoryGenerator Class Structure[2m > [22m[2mshould generate factory with correct class name
[22m[39m[INFO] Created file: /opt/homebrew/var/www/Sites/zintrust/tests/cli/test-factories-1766762613764/PostFactory.ts 
[INFO] âœ… Created factory: PostFactory.ts 

[90mstdout[2m | tests/cli/FactoryGenerator.test.ts[2m > [22m[2mFactoryGenerator Class Structure[2m > [22m[2mshould include Faker import
[22m[39m[INFO] Created file: /opt/homebrew/var/www/Sites/zintrust/tests/cli/test-factories-1766762613766/UserFactory.ts 
[INFO] âœ… Created factory: UserFactory.ts 

[90mstdout[2m | tests/cli/ServiceScaffolder.test.ts[2m > [22m[2mServiceScaffolder Scaffolding Files Advanced[2m > [22m[2mscaffold Files Advanced[2m > [22m[2mshould create service model
[22m[39m[INFO] Created directory: /opt/homebrew/var/www/Sites/zintrust/tests/cli/test-services/src/services/default/products/src/controllers 
[INFO] Created directory: /opt/homebrew/var/www/Sites/zintrust/tests/cli/test-services/src/services/default/products/src/models 
[INFO] Created directory: /opt/homebrew/var/www/Sites/zintrust/tests/cli/test-services/src/services/default/products/src/services 
[INFO] Created directory: /opt/homebrew/var/www/Sites/zintrust/tests/cli/test-services/src/services/default/products/src/middleware 
[INFO] Created directory: /opt/homebrew/var/www/Sites/zintrust/tests/cli/test-services/src/services/default/products/src/migrations 
[INFO] Created directory: /opt/homebrew/var/www/Sites/zintrust/tests/cli/test-services/src/services/default/products/src/factories 
[INFO] âœ… Created service directories 
[INFO] Created file: /opt/homebrew/var/www/Sites/zintrust/tests/cli/test-services/src/services/default/products/service.config.json 
[INFO] Created file: /opt/homebrew/var/www/Sites/zintrust/tests/cli/test-services/src/services/default/products/src/index.ts 
[INFO] Created file: /opt/homebrew/var/www/Sites/zintrust/tests/cli/test-services/src/services/default/products/src/routes.ts 
[INFO] Created file: /opt/homebrew/var/www/Sites/zintrust/tests/cli/test-services/src/services/default/products/src/controllers/ExampleController.ts 
[INFO] Created file: /opt/homebrew/var/www/Sites/zintrust/tests/cli/test-services/src/services/default/products/src/models/Example.ts 
[INFO] Created file: /opt/homebrew/var/www/Sites/zintrust/tests/cli/test-services/src/services/default/products/.env 
[INFO] Created file: /opt/homebrew/var/www/Sites/zintrust/tests/cli/test-services/src/services/default/products/src/middleware/index.ts 
[INFO] Created file: /opt/homebrew/var/www/Sites/zintrust/tests/cli/test-services/src/services/default/products/README.md 

[90mstdout[2m | tests/cli/FactoryGenerator.test.ts[2m > [22m[2mFactoryGenerator Class Structure[2m > [22m[2mshould include model import
[22m[39m[INFO] Created file: /opt/homebrew/var/www/Sites/zintrust/tests/cli/test-factories-1766762613768/UserFactory.ts 
[INFO] âœ… Created factory: UserFactory.ts 

[90mstdout[2m | tests/cli/FactoryGenerator.test.ts[2m > [22m[2mFactoryGenerator State Patterns[2m > [22m[2mshould include state patterns
[22m[39m[INFO] Created file: /opt/homebrew/var/www/Sites/zintrust/tests/cli/test-factories-1766762613771/UserFactory.ts 
[INFO] âœ… Created factory: UserFactory.ts 

[90mstdout[2m | tests/cli/ServiceScaffolder.test.ts[2m > [22m[2mServiceScaffolder Scaffolding Files Env and Readme[2m > [22m[2mscaffold Files Env and Readme[2m > [22m[2mshould create service .env file
[22m[39m[INFO] Created directory: /opt/homebrew/var/www/Sites/zintrust/tests/cli/test-services/src/services/default/users/src/controllers 
[INFO] Created directory: /opt/homebrew/var/www/Sites/zintrust/tests/cli/test-services/src/services/default/users/src/models 
[INFO] Created directory: /opt/homebrew/var/www/Sites/zintrust/tests/cli/test-services/src/services/default/users/src/services 
[INFO] Created directory: /opt/homebrew/var/www/Sites/zintrust/tests/cli/test-services/src/services/default/users/src/middleware 
[INFO] Created directory: /opt/homebrew/var/www/Sites/zintrust/tests/cli/test-services/src/services/default/users/src/migrations 
[INFO] Created directory: /opt/homebrew/var/www/Sites/zintrust/tests/cli/test-services/src/services/default/users/src/factories 
[INFO] âœ… Created service directories 
[INFO] Created file: /opt/homebrew/var/www/Sites/zintrust/tests/cli/test-services/src/services/default/users/service.config.json 
[INFO] Created file: /opt/homebrew/var/www/Sites/zintrust/tests/cli/test-services/src/services/default/users/src/index.ts 
[INFO] Created file: /opt/homebrew/var/www/Sites/zintrust/tests/cli/test-services/src/services/default/users/src/routes.ts 
[INFO] Created file: /opt/homebrew/var/www/Sites/zintrust/tests/cli/test-services/src/services/default/users/src/controllers/ExampleController.ts 
[INFO] Created file: /opt/homebrew/var/www/Sites/zintrust/tests/cli/test-services/src/services/default/users/src/models/Example.ts 
[INFO] Created file: /opt/homebrew/var/www/Sites/zintrust/tests/cli/test-services/src/services/default/users/.env 
[INFO] Created file: /opt/homebrew/var/www/Sites/zintrust/tests/cli/test-services/src/services/default/users/src/middleware/index.ts 
[INFO] Created file: /opt/homebrew/var/www/Sites/zintrust/tests/cli/test-services/src/services/default/users/README.md 

[90mstdout[2m | tests/cli/FactoryGenerator.test.ts[2m > [22m[2mFactoryGenerator Methods[2m > [22m[2mshould include make method
[22m[39m[INFO] Created file: /opt/homebrew/var/www/Sites/zintrust/tests/cli/test-factories-1766762613774/UserFactory.ts 
[INFO] âœ… Created factory: UserFactory.ts 

[90mstdout[2m | tests/cli/FactoryGenerator.test.ts[2m > [22m[2mFactoryGenerator Methods[2m > [22m[2mshould include count method
[22m[39m[INFO] Created file: /opt/homebrew/var/www/Sites/zintrust/tests/cli/test-factories-1766762613776/UserFactory.ts 
[INFO] âœ… Created factory: UserFactory.ts 

[90mstdout[2m | tests/cli/ServiceScaffolder.test.ts[2m > [22m[2mServiceScaffolder Scaffolding Files Env and Readme[2m > [22m[2mscaffold Files Env and Readme[2m > [22m[2mshould create service README
[22m[39m[INFO] Created directory: /opt/homebrew/var/www/Sites/zintrust/tests/cli/test-services/src/services/default/users/src/controllers 
[INFO] Created directory: /opt/homebrew/var/www/Sites/zintrust/tests/cli/test-services/src/services/default/users/src/models 
[INFO] Created directory: /opt/homebrew/var/www/Sites/zintrust/tests/cli/test-services/src/services/default/users/src/services 
[INFO] Created directory: /opt/homebrew/var/www/Sites/zintrust/tests/cli/test-services/src/services/default/users/src/middleware 
[INFO] Created directory: /opt/homebrew/var/www/Sites/zintrust/tests/cli/test-services/src/services/default/users/src/migrations 
[INFO] Created directory: /opt/homebrew/var/www/Sites/zintrust/tests/cli/test-services/src/services/default/users/src/factories 
[INFO] âœ… Created service directories 
[INFO] Created file: /opt/homebrew/var/www/Sites/zintrust/tests/cli/test-services/src/services/default/users/service.config.json 
[INFO] Created file: /opt/homebrew/var/www/Sites/zintrust/tests/cli/test-services/src/services/default/users/src/index.ts 
[INFO] Created file: /opt/homebrew/var/www/Sites/zintrust/tests/cli/test-services/src/services/default/users/src/routes.ts 
[INFO] Created file: /opt/homebrew/var/www/Sites/zintrust/tests/cli/test-services/src/services/default/users/src/controllers/ExampleController.ts 
[INFO] Created file: /opt/homebrew/var/www/Sites/zintrust/tests/cli/test-services/src/services/default/users/src/models/Example.ts 
[INFO] Created file: /opt/homebrew/var/www/Sites/zintrust/tests/cli/test-services/src/services/default/users/.env 
[INFO] Created file: /opt/homebrew/var/www/Sites/zintrust/tests/cli/test-services/src/services/default/users/src/middleware/index.ts 
[INFO] Created file: /opt/homebrew/var/www/Sites/zintrust/tests/cli/test-services/src/services/default/users/README.md 

[90mstdout[2m | tests/cli/ServiceScaffolder.test.ts[2m > [22m[2mServiceScaffolder Scaffolding Directories[2m > [22m[2mscaffold Directories[2m > [22m[2mshould create all expected directories
[22m[39m[INFO] Created directory: /opt/homebrew/var/www/Sites/zintrust/tests/cli/test-services/src/services/test/users/src/controllers 
[INFO] Created directory: /opt/homebrew/var/www/Sites/zintrust/tests/cli/test-services/src/services/test/users/src/models 
[INFO] Created directory: /opt/homebrew/var/www/Sites/zintrust/tests/cli/test-services/src/services/test/users/src/services 
[INFO] Created directory: /opt/homebrew/var/www/Sites/zintrust/tests/cli/test-services/src/services/test/users/src/middleware 
[INFO] Created directory: /opt/homebrew/var/www/Sites/zintrust/tests/cli/test-services/src/services/test/users/src/migrations 
[INFO] Created directory: /opt/homebrew/var/www/Sites/zintrust/tests/cli/test-services/src/services/test/users/src/factories 
[INFO] âœ… Created service directories 
[INFO] Created file: /opt/homebrew/var/www/Sites/zintrust/tests/cli/test-services/src/services/test/users/service.config.json 
[INFO] Created file: /opt/homebrew/var/www/Sites/zintrust/tests/cli/test-services/src/services/test/users/src/index.ts 
[INFO] Created file: /opt/homebrew/var/www/Sites/zintrust/tests/cli/test-services/src/services/test/users/src/routes.ts 
[INFO] Created file: /opt/homebrew/var/www/Sites/zintrust/tests/cli/test-services/src/services/test/users/src/controllers/ExampleController.ts 
[INFO] Created file: /opt/homebrew/var/www/Sites/zintrust/tests/cli/test-services/src/services/test/users/src/models/Example.ts 
[INFO] Created file: /opt/homebrew/var/www/Sites/zintrust/tests/cli/test-services/src/services/test/users/.env 
[INFO] Created file: /opt/homebrew/var/www/Sites/zintrust/tests/cli/test-services/src/services/test/users/src/middleware/index.ts 
[INFO] Created file: /opt/homebrew/var/www/Sites/zintrust/tests/cli/test-services/src/services/test/users/README.md 

[90mstdout[2m | tests/cli/FactoryGenerator.test.ts[2m > [22m[2mFactoryGenerator Methods[2m > [22m[2mshould include state method
[22m[39m[INFO] Created file: /opt/homebrew/var/www/Sites/zintrust/tests/cli/test-factories-1766762613787/UserFactory.ts 
[INFO] âœ… Created factory: UserFactory.ts 

 [32mâœ“[39m tests/cli/ServiceScaffolder.test.ts [2m([22m[2m17 tests[22m[2m)[22m[32m 63[2mms[22m[39m
[90mstdout[2m | tests/cli/FactoryGenerator.test.ts[2m > [22m[2mFactoryGenerator Advanced Generation[2m > [22m[2mshould support custom fields
[22m[39m[INFO] Created file: /opt/homebrew/var/www/Sites/zintrust/tests/cli/test-factories-1766762613796/UserFactory.ts 
[INFO] âœ… Created factory: UserFactory.ts 

[90mstdout[2m | tests/cli/FactoryGenerator.test.ts[2m > [22m[2mFactoryGenerator Advanced Generation[2m > [22m[2mshould support relationships
[22m[39m[INFO] Created file: /opt/homebrew/var/www/Sites/zintrust/tests/cli/test-factories-1766762613798/PostFactory.ts 
[INFO] âœ… Created factory: PostFactory.ts 

[90mstdout[2m | tests/cli/FactoryGenerator.test.ts[2m > [22m[2mFactoryGenerator Default Models[2m > [22m[2mshould include create method
[22m[39m[INFO] Created file: /opt/homebrew/var/www/Sites/zintrust/tests/cli/test-factories-1766762613799/UserFactory.ts 
[INFO] âœ… Created factory: UserFactory.ts 

[90mstdout[2m | tests/cli/FactoryGenerator.test.ts[2m > [22m[2mFactoryGenerator Default Models[2m > [22m[2mshould handle User factory defaults
[22m[39m[INFO] Created file: /opt/homebrew/var/www/Sites/zintrust/tests/cli/test-factories-1766762613801/UserFactory.ts 
[INFO] âœ… Created factory: UserFactory.ts 

[90mstdout[2m | tests/cli/FactoryGenerator.test.ts[2m > [22m[2mFactoryGenerator Model Variations[2m > [22m[2mshould handle Post factory defaults
[22m[39m[INFO] Created file: /opt/homebrew/var/www/Sites/zintrust/tests/cli/test-factories-1766762613802/PostFactory.ts 
[INFO] âœ… Created factory: PostFactory.ts 

[90mstdout[2m | tests/cli/FactoryGenerator.test.ts[2m > [22m[2mFactoryGenerator Model Variations[2m > [22m[2mshould handle Product factory defaults
[22m[39m[INFO] Created file: /opt/homebrew/var/www/Sites/zintrust/tests/cli/test-factories-1766762613804/ProductFactory.ts 
[INFO] âœ… Created factory: ProductFactory.ts 

[90mstdout[2m | tests/cli/FactoryGenerator.test.ts[2m > [22m[2mFactoryGenerator Smart Detection Basic[2m > [22m[2mshould smart-detect email fields
[22m[39m[INFO] Created file: /opt/homebrew/var/www/Sites/zintrust/tests/cli/test-factories-1766762613805/UserFactory.ts 
[INFO] âœ… Created factory: UserFactory.ts 

[90mstdout[2m | tests/cli/FactoryGenerator.test.ts[2m > [22m[2mFactoryGenerator Smart Detection Basic[2m > [22m[2mshould smart-detect phone fields
[22m[39m[INFO] Created file: /opt/homebrew/var/www/Sites/zintrust/tests/cli/test-factories-1766762613806/ContactFactory.ts 
[INFO] âœ… Created factory: ContactFactory.ts 

[90mstdout[2m | tests/cli/FactoryGenerator.test.ts[2m > [22m[2mFactoryGenerator Smart Detection Advanced[2m > [22m[2mshould smart-detect name fields
[22m[39m[INFO] Created file: /opt/homebrew/var/www/Sites/zintrust/tests/cli/test-factories-1766762613808/UserFactory.ts 
[INFO] âœ… Created factory: UserFactory.ts 

[90mstdout[2m | tests/cli/FactoryGenerator.test.ts[2m > [22m[2mFactoryGenerator Advanced Fields[2m > [22m[2mshould support nullable fields
[22m[39m[INFO] Created file: /opt/homebrew/var/www/Sites/zintrust/tests/cli/test-factories-1766762613810/UserFactory.ts 
[INFO] âœ… Created factory: UserFactory.ts 

[90mstdout[2m | tests/cli/FactoryGenerator.test.ts[2m > [22m[2mFactoryGenerator Advanced Fields[2m > [22m[2mshould generate multiple factories
[22m[39m[INFO] Created file: /opt/homebrew/var/www/Sites/zintrust/tests/cli/test-factories-1766762613812/UserFactory.ts 
[INFO] âœ… Created factory: UserFactory.ts 

[90mstdout[2m | tests/cli/FactoryGenerator.test.ts[2m > [22m[2mFactoryGenerator Advanced Fields[2m > [22m[2mshould generate multiple factories
[22m[39m[INFO] Created file: /opt/homebrew/var/www/Sites/zintrust/tests/cli/test-factories-1766762613812/PostFactory.ts 
[INFO] âœ… Created factory: PostFactory.ts 

[90mstdout[2m | tests/cli/FactoryGenerator.test.ts[2m > [22m[2mFactoryGenerator Advanced Fields[2m > [22m[2mshould generate multiple factories
[22m[39m[INFO] Created file: /opt/homebrew/var/www/Sites/zintrust/tests/cli/test-factories-1766762613812/ProductFactory.ts 
[INFO] âœ… Created factory: ProductFactory.ts 

[90mstdout[2m | tests/cli/FactoryGenerator.test.ts[2m > [22m[2mFactoryGenerator Field Type Support[2m > [22m[2mshould support string type
[22m[39m[INFO] Created file: /opt/homebrew/var/www/Sites/zintrust/tests/cli/test-factories-1766762613814/PageFactory.ts 
[INFO] âœ… Created factory: PageFactory.ts 

[90mstdout[2m | tests/cli/FactoryGenerator.test.ts[2m > [22m[2mFactoryGenerator Field Type Support[2m > [22m[2mshould support integer type
[22m[39m[INFO] Created file: /opt/homebrew/var/www/Sites/zintrust/tests/cli/test-factories-1766762613820/StatsFactory.ts 
[INFO] âœ… Created factory: StatsFactory.ts 

[90mstdout[2m | tests/cli/FactoryGenerator.test.ts[2m > [22m[2mFactoryGenerator Field Type Support[2m > [22m[2mshould support float type
[22m[39m[INFO] Created file: /opt/homebrew/var/www/Sites/zintrust/tests/cli/test-factories-1766762613821/ReviewFactory.ts 
[INFO] âœ… Created factory: ReviewFactory.ts 

[90mstdout[2m | tests/cli/FactoryGenerator.test.ts[2m > [22m[2mFactoryGenerator Complex Types[2m > [22m[2mshould support boolean type
[22m[39m[INFO] Created file: /opt/homebrew/var/www/Sites/zintrust/tests/cli/test-factories-1766762613822/ArticleFactory.ts 
[INFO] âœ… Created factory: ArticleFactory.ts 

[90mstdout[2m | tests/cli/ResponseFactoryGenerator.test.ts[2m > [22m[2mResponseFactoryGenerator Success Generation - Part 1[2m > [22m[2mshould generate success response factory
[22m[39m[INFO] Created file: /var/folders/m8/pz2rx2296lgbnfdvkctnkxbm0000gn/T/response-factory-test-success-1-1766762613828/UserResponseFactory.ts 
[INFO] âœ… Generated response factory: UserResponseFactory 

[90mstdout[2m | tests/cli/FactoryGenerator.test.ts[2m > [22m[2mFactoryGenerator Complex Types[2m > [22m[2mshould support datetime type
[22m[39m[INFO] Created file: /opt/homebrew/var/www/Sites/zintrust/tests/cli/test-factories-1766762613829/ArticleFactory.ts 
[INFO] âœ… Created factory: ArticleFactory.ts 

[90mstdout[2m | tests/cli/FactoryGenerator.test.ts[2m > [22m[2mFactoryGenerator Complex Types[2m > [22m[2mshould support json type
[22m[39m[INFO] Created file: /opt/homebrew/var/www/Sites/zintrust/tests/cli/test-factories-1766762613831/ConfigFactory.ts 
[INFO] âœ… Created factory: ConfigFactory.ts 

[90mstdout[2m | tests/cli/ResponseFactoryGenerator.test.ts[2m > [22m[2mResponseFactoryGenerator Multiple Types[2m > [22m[2mshould support multiple response types
[22m[39m[INFO] Created file: /var/folders/m8/pz2rx2296lgbnfdvkctnkxbm0000gn/T/response-factory-test-success-1-types-1766762613832/SResponseFactory.ts 
[INFO] âœ… Generated response factory: SResponseFactory 

[90mstdout[2m | tests/cli/ResponseFactoryGenerator.test.ts[2m > [22m[2mResponseFactoryGenerator Multiple Types[2m > [22m[2mshould support multiple response types
[22m[39m[INFO] Created file: /var/folders/m8/pz2rx2296lgbnfdvkctnkxbm0000gn/T/response-factory-test-success-1-types-1766762613832/EResponseFactory.ts 
[INFO] âœ… Generated response factory: EResponseFactory 

[90mstdout[2m | tests/cli/ResponseFactoryGenerator.test.ts[2m > [22m[2mResponseFactoryGenerator Multiple Types[2m > [22m[2mshould support multiple response types
[22m[39m[INFO] Created file: /var/folders/m8/pz2rx2296lgbnfdvkctnkxbm0000gn/T/response-factory-test-success-1-types-1766762613832/PResponseFactory.ts 
[INFO] âœ… Generated response factory: PResponseFactory 

[90mstdout[2m | tests/cli/ResponseFactoryGenerator.test.ts[2m > [22m[2mResponseFactoryGenerator Success Generation - Part 2[2m > [22m[2mshould handle nullable fields
[22m[39m[INFO] Created file: /var/folders/m8/pz2rx2296lgbnfdvkctnkxbm0000gn/T/response-factory-test-success-2-1766762613833/UserResponseFactory.ts 
[INFO] âœ… Generated response factory: UserResponseFactory 

[90mstdout[2m | tests/cli/ResponseFactoryGenerator.test.ts[2m > [22m[2mResponseFactoryGenerator Success Generation - Part 2[2m > [22m[2mshould support array fields
[22m[39m[INFO] Created file: /var/folders/m8/pz2rx2296lgbnfdvkctnkxbm0000gn/T/response-factory-test-success-2-1766762613834/UserResponseFactory.ts 
[INFO] âœ… Generated response factory: UserResponseFactory 

[90mstdout[2m | tests/cli/ResponseFactoryGenerator.test.ts[2m > [22m[2mResponseFactoryGenerator Other Tests[2m > [22m[2mGeneration - Error Response[2m > [22m[2mshould generate error response factory
[22m[39m[INFO] Created file: /var/folders/m8/pz2rx2296lgbnfdvkctnkxbm0000gn/T/response-factory-test-other-1766762613835/ErrorResponseFactory.ts 
[INFO] âœ… Generated response factory: ErrorResponseFactory 

[90mstdout[2m | tests/cli/ResponseFactoryGenerator.test.ts[2m > [22m[2mResponseFactoryGenerator Other Tests[2m > [22m[2mGeneration - Paginated Response[2m > [22m[2mshould generate paginated response factory
[22m[39m[INFO] Created file: /var/folders/m8/pz2rx2296lgbnfdvkctnkxbm0000gn/T/response-factory-test-other-1766762613836/PaginatedResponseFactory.ts 
[INFO] âœ… Generated response factory: PaginatedResponseFactory 

[90mstdout[2m | tests/cli/ResponseFactoryGenerator.test.ts[2m > [22m[2mResponseFactoryGenerator Factory Methods - Part 1[2m > [22m[2mshould include create() method
[22m[39m[INFO] Created file: /var/folders/m8/pz2rx2296lgbnfdvkctnkxbm0000gn/T/response-factory-test-methods-1-1766762613837/TestResponseFactory.ts 
[INFO] âœ… Generated response factory: TestResponseFactory 

[90mstdout[2m | tests/cli/ResponseFactoryGenerator.test.ts[2m > [22m[2mResponseFactoryGenerator Factory Methods - Part 1[2m > [22m[2mshould include times() method
[22m[39m[INFO] Created file: /var/folders/m8/pz2rx2296lgbnfdvkctnkxbm0000gn/T/response-factory-test-methods-1-1766762613840/TestResponseFactory.ts 
[INFO] âœ… Generated response factory: TestResponseFactory 

 [32mâœ“[39m tests/cli/FactoryGenerator.test.ts [2m([22m[2m31 tests[22m[2m)[22m[32m 85[2mms[22m[39m
[90mstdout[2m | tests/cli/ResponseFactoryGenerator.test.ts[2m > [22m[2mResponseFactoryGenerator Factory Methods - Part 1[2m > [22m[2mshould include state() method
[22m[39m[INFO] Created file: /var/folders/m8/pz2rx2296lgbnfdvkctnkxbm0000gn/T/response-factory-test-methods-1-1766762613841/TestResponseFactory.ts 
[INFO] âœ… Generated response factory: TestResponseFactory 

[90mstdout[2m | tests/cli/ResponseFactoryGenerator.test.ts[2m > [22m[2mResponseFactoryGenerator Factory Methods - Part 2[2m > [22m[2mshould include make() method
[22m[39m[INFO] Created file: /var/folders/m8/pz2rx2296lgbnfdvkctnkxbm0000gn/T/response-factory-test-methods-2-1766762613842/TestResponseFactory.ts 
[INFO] âœ… Generated response factory: TestResponseFactory 

[90mstdout[2m | tests/cli/ResponseFactoryGenerator.test.ts[2m > [22m[2mResponseFactoryGenerator Factory Methods - Part 2[2m > [22m[2mshould include makeMany() method
[22m[39m[INFO] Created file: /var/folders/m8/pz2rx2296lgbnfdvkctnkxbm0000gn/T/response-factory-test-methods-2-1766762613844/TestResponseFactory.ts 
[INFO] âœ… Generated response factory: TestResponseFactory 

[90mstdout[2m | tests/cli/ResponseFactoryGenerator.test.ts[2m > [22m[2mResponseFactoryGenerator Factory Methods - Part 2[2m > [22m[2mshould include get() alias
[22m[39m[INFO] Created file: /var/folders/m8/pz2rx2296lgbnfdvkctnkxbm0000gn/T/response-factory-test-methods-2-1766762613846/TestResponseFactory.ts 
[INFO] âœ… Generated response factory: TestResponseFactory 

[90mstdout[2m | tests/cli/ResponseFactoryGenerator.test.ts[2m > [22m[2mResponseFactoryGenerator Factory Methods - Part 2[2m > [22m[2mshould include first() method
[22m[39m[INFO] Created file: /var/folders/m8/pz2rx2296lgbnfdvkctnkxbm0000gn/T/response-factory-test-methods-2-1766762613847/TestResponseFactory.ts 
[INFO] âœ… Generated response factory: TestResponseFactory 

[90mstdout[2m | tests/cli/ResponseFactoryGenerator.test.ts[2m > [22m[2mResponseFactoryGenerator Code Validation and Integration[2m > [22m[2mGeneration - Response DTO[2m > [22m[2mshould generate response DTO when path provided
[22m[39m[INFO] Created file: /var/folders/m8/pz2rx2296lgbnfdvkctnkxbm0000gn/T/response-factory-test-int-1766762613849/UserResponseFactory.ts 
[INFO] âœ… Generated response factory: UserResponseFactory 
[INFO] Created file: /var/folders/m8/pz2rx2296lgbnfdvkctnkxbm0000gn/T/response-factory-test-int-1766762613849/responses/UserResponse.ts 
[INFO] âœ… Generated response DTO: UserResponse 

[90mstdout[2m | tests/cli/ResponseFactoryGenerator.test.ts[2m > [22m[2mResponseFactoryGenerator Field Types Support[2m > [22m[2mField Types[2m > [22m[2mshould support all field types
[22m[39m[INFO] Created file: /var/folders/m8/pz2rx2296lgbnfdvkctnkxbm0000gn/T/response-factory-test-field-types-1766762613854/SFieldFactory.ts 
[INFO] âœ… Generated response factory: SFieldFactory 

[90mstdout[2m | tests/cli/ResponseFactoryGenerator.test.ts[2m > [22m[2mResponseFactoryGenerator Field Types Support[2m > [22m[2mField Types[2m > [22m[2mshould support all field types
[22m[39m[INFO] Created file: /var/folders/m8/pz2rx2296lgbnfdvkctnkxbm0000gn/T/response-factory-test-field-types-1766762613854/NFieldFactory.ts 
[INFO] âœ… Generated response factory: NFieldFactory 

[90mstdout[2m | tests/cli/ResponseFactoryGenerator.test.ts[2m > [22m[2mResponseFactoryGenerator Field Types Support[2m > [22m[2mField Types[2m > [22m[2mshould support all field types
[22m[39m[INFO] Created file: /var/folders/m8/pz2rx2296lgbnfdvkctnkxbm0000gn/T/response-factory-test-field-types-1766762613854/BFieldFactory.ts 
[INFO] âœ… Generated response factory: BFieldFactory 

[90mstdout[2m | tests/cli/ResponseFactoryGenerator.test.ts[2m > [22m[2mResponseFactoryGenerator Field Types Support[2m > [22m[2mField Types[2m > [22m[2mshould support all field types
[22m[39m[INFO] Created file: /var/folders/m8/pz2rx2296lgbnfdvkctnkxbm0000gn/T/response-factory-test-field-types-1766762613854/DFieldFactory.ts 
[INFO] âœ… Generated response factory: DFieldFactory 

[90mstdout[2m | tests/cli/ResponseFactoryGenerator.test.ts[2m > [22m[2mResponseFactoryGenerator Field Types Support[2m > [22m[2mField Types[2m > [22m[2mshould support all field types
[22m[39m[INFO] Created file: /var/folders/m8/pz2rx2296lgbnfdvkctnkxbm0000gn/T/response-factory-test-field-types-1766762613854/JFieldFactory.ts 
[INFO] âœ… Generated response factory: JFieldFactory 

[90mstdout[2m | tests/cli/ResponseFactoryGenerator.test.ts[2m > [22m[2mResponseFactoryGenerator Field Types Support[2m > [22m[2mField Types[2m > [22m[2mshould support all field types
[22m[39m[INFO] Created file: /var/folders/m8/pz2rx2296lgbnfdvkctnkxbm0000gn/T/response-factory-test-field-types-1766762613854/UFieldFactory.ts 
[INFO] âœ… Generated response factory: UFieldFactory 

[90mstdout[2m | tests/cli/ResponseFactoryGenerator.test.ts[2m > [22m[2mResponseFactoryGenerator Field Types Support[2m > [22m[2mField Types[2m > [22m[2mshould support all field types
[22m[39m[INFO] Created file: /var/folders/m8/pz2rx2296lgbnfdvkctnkxbm0000gn/T/response-factory-test-field-types-1766762613854/EFieldFactory.ts 
[INFO] âœ… Generated response factory: EFieldFactory 

[90mstdout[2m | tests/cli/ResponseFactoryGenerator.test.ts[2m > [22m[2mResponseFactoryGenerator Code Validation Basic[2m > [22m[2mCode Validation Basic[2m > [22m[2mshould generate valid TypeScript code
[22m[39m[INFO] Created file: /var/folders/m8/pz2rx2296lgbnfdvkctnkxbm0000gn/T/response-factory-test-code-val-basic-1766762613857/ValidResponseFactory.ts 
[INFO] âœ… Generated response factory: ValidResponseFactory 

[90mstdout[2m | tests/cli/ResponseFactoryGenerator.test.ts[2m > [22m[2mResponseFactoryGenerator Code Validation DTO[2m > [22m[2mCode Validation DTO[2m > [22m[2mshould generate DTO with proper structure
[22m[39m[INFO] Created file: /var/folders/m8/pz2rx2296lgbnfdvkctnkxbm0000gn/T/response-factory-test-code-val-dto-1766762613859/UserResponseFactory.ts 
[INFO] âœ… Generated response factory: UserResponseFactory 
[INFO] Created file: /var/folders/m8/pz2rx2296lgbnfdvkctnkxbm0000gn/T/response-factory-test-code-val-dto-1766762613859/responses/UserResponse.ts 
[INFO] âœ… Generated response DTO: UserResponse 

[90mstdout[2m | tests/cli/ResponseFactoryGenerator.test.ts[2m > [22m[2mResponseFactoryGenerator Integration Tests - Part 1[2m > [22m[2mshould generate complete response testing suite
[22m[39m[INFO] Created file: /var/folders/m8/pz2rx2296lgbnfdvkctnkxbm0000gn/T/response-factory-test-int-1-1766762613867/UserResponseFactory.ts 
[INFO] âœ… Generated response factory: UserResponseFactory 
[INFO] Created file: /var/folders/m8/pz2rx2296lgbnfdvkctnkxbm0000gn/T/response-factory-test-int-1-1766762613867/responses/UserResponse.ts 
[INFO] âœ… Generated response DTO: UserResponse 

[90mstdout[2m | tests/cli/ResponseFactoryGenerator.test.ts[2m > [22m[2mIntegration Tests - Part 2[2m > [22m[2mshould support all response types in integration
[22m[39m[INFO] Created file: /var/folders/m8/pz2rx2296lgbnfdvkctnkxbm0000gn/T/response-factory-test-int-2-1766762613869/successTestFactory.ts 
[INFO] âœ… Generated response factory: successTestFactory 

[90mstdout[2m | tests/cli/ResponseFactoryGenerator.test.ts[2m > [22m[2mIntegration Tests - Part 2[2m > [22m[2mshould support all response types in integration
[22m[39m[INFO] Created file: /var/folders/m8/pz2rx2296lgbnfdvkctnkxbm0000gn/T/response-factory-test-int-2-1766762613869/errorTestFactory.ts 
[INFO] âœ… Generated response factory: errorTestFactory 

[90mstdout[2m | tests/cli/ResponseFactoryGenerator.test.ts[2m > [22m[2mIntegration Tests - Part 2[2m > [22m[2mshould support all response types in integration
[22m[39m[INFO] Created file: /var/folders/m8/pz2rx2296lgbnfdvkctnkxbm0000gn/T/response-factory-test-int-2-1766762613869/paginatedTestFactory.ts 
[INFO] âœ… Generated response factory: paginatedTestFactory 

 [32mâœ“[39m tests/cli/ResponseFactoryGenerator.test.ts [2m([22m[2m22 tests[22m[2m)[22m[32m 50[2mms[22m[39m
 [32mâœ“[39m tests/unit/cli/commands/LogsCommand.test.ts [2m([22m[2m15 tests[22m[2m)[22m[32m 44[2mms[22m[39m
 [32mâœ“[39m tests/integration/performance.test.ts [2m([22m[2m23 tests[22m[2m)[22m[32m 67[2mms[22m[39m
 [32mâœ“[39m tests/unit/IntegrationCoverage.test.ts [2m([22m[2m40 tests[22m[2m)[22m[32m 65[2mms[22m[39m
[90mstdout[2m | tests/cli/SeederGenerator.test.ts[2m > [22m[2mSeederGenerator Generation Basic - Part 1[2m > [22m[2mgenerateSeeder Basic - Core[2m > [22m[2mshould create a basic seeder file
[22m[39m[INFO] Created file: /opt/homebrew/var/www/Sites/zintrust/tests/cli/test-seeders-basic-1-1766762613935/UserSeeder.ts 
[INFO] âœ… Created seeder: UserSeeder.ts 

[90mstdout[2m | tests/cli/SeederGenerator.test.ts[2m > [22m[2mSeederGenerator Generation Basic - Part 1[2m > [22m[2mgenerateSeeder Basic - Core[2m > [22m[2mshould generate seeder with correct class name
[22m[39m[INFO] Created file: /opt/homebrew/var/www/Sites/zintrust/tests/cli/test-seeders-basic-1-1766762613938/PostSeeder.ts 
[INFO] âœ… Created seeder: PostSeeder.ts 

[90mstdout[2m | tests/cli/SeederGenerator.test.ts[2m > [22m[2mSeederGenerator Generation Basic - Part 2[2m > [22m[2mgenerateSeeder Basic - Imports[2m > [22m[2mshould include factory import
[22m[39m[INFO] Created file: /opt/homebrew/var/www/Sites/zintrust/tests/cli/test-seeders-basic-2-1766762613950/UserSeeder.ts 
[INFO] âœ… Created seeder: UserSeeder.ts 

[90mstdout[2m | tests/cli/SeederGenerator.test.ts[2m > [22m[2mSeederGenerator Generation Basic - Part 2[2m > [22m[2mgenerateSeeder Basic - Imports[2m > [22m[2mshould include model import
[22m[39m[INFO] Created file: /opt/homebrew/var/www/Sites/zintrust/tests/cli/test-seeders-basic-2-1766762613957/UserSeeder.ts 
[INFO] âœ… Created seeder: UserSeeder.ts 

[90mstdout[2m | tests/cli/SeederGenerator.test.ts[2m > [22m[2mSeederGenerator Generation Methods - Part 1[2m > [22m[2mgenerateSeeder Methods - Core[2m > [22m[2mshould include run method
[22m[39m[INFO] Created file: /opt/homebrew/var/www/Sites/zintrust/tests/cli/test-seeders-methods-1-1766762613968/UserSeeder.ts 
[INFO] âœ… Created seeder: UserSeeder.ts 

[90mstdout[2m | tests/cli/SeederGenerator.test.ts[2m > [22m[2mSeederGenerator Generation Methods - Part 1[2m > [22m[2mgenerateSeeder Methods - Core[2m > [22m[2mshould include getRecords method
[22m[39m[INFO] Created file: /opt/homebrew/var/www/Sites/zintrust/tests/cli/test-seeders-methods-1-1766762613991/PostSeeder.ts 
[INFO] âœ… Created seeder: PostSeeder.ts 

[90mstdout[2m | tests/cli/SeederGenerator.test.ts[2m > [22m[2mSeederGenerator Generation Methods - Part 2[2m > [22m[2mgenerateSeeder Methods - Advanced[2m > [22m[2mshould include state methods
[22m[39m[INFO] Created file: /opt/homebrew/var/www/Sites/zintrust/tests/cli/test-seeders-methods-2-1766762613996/UserSeeder.ts 
[INFO] âœ… Created seeder: UserSeeder.ts 

[90mstdout[2m | tests/unit/CoverageBoost.test.ts[2m > [22m[2mCLI[2m > [22m[2mshould run CLI with version request
[22m[39mâ”Œâ”€â”€â”€â”€â”€â”€â”€â”€â”€â”€â”€â”€â”€â”€â”€â”€â”€â”€â”€â”€â”€â”€â”€â”€â”€â”€â”€â”€â”€â”€â”€â”€â”€â”€â”€â”€â”€â”€â”€â”€â”€â”€â”€â”€â”€â”€â”
â”‚ Framework: Zintrust Framework                 â”‚
â”‚ Version:   1.0.0                              â”‚
â”‚ Env:       test                               â”‚
â”‚ Database:  sqlite                             â”‚
â””â”€â”€â”€â”€â”€â”€â”€â”€â”€â”€â”€â”€â”€â”€â”€â”€â”€â”€â”€â”€â”€â”€â”€â”€â”€â”€â”€â”€â”€â”€â”€â”€â”€â”€â”€â”€â”€â”€â”€â”€â”€â”€â”€â”€â”€â”€â”˜


[90mstdout[2m | tests/unit/CoverageBoost.test.ts[2m > [22m[2mCLI[2m > [22m[2mshould run CLI with long version request
[22m[39mâ”Œâ”€â”€â”€â”€â”€â”€â”€â”€â”€â”€â”€â”€â”€â”€â”€â”€â”€â”€â”€â”€â”€â”€â”€â”€â”€â”€â”€â”€â”€â”€â”€â”€â”€â”€â”€â”€â”€â”€â”€â”€â”€â”€â”€â”€â”€â”€â”
â”‚ Framework: Zintrust Framework                 â”‚
â”‚ Version:   1.0.0                              â”‚
â”‚ Env:       test                               â”‚
â”‚ Database:  sqlite                             â”‚
â””â”€â”€â”€â”€â”€â”€â”€â”€â”€â”€â”€â”€â”€â”€â”€â”€â”€â”€â”€â”€â”€â”€â”€â”€â”€â”€â”€â”€â”€â”€â”€â”€â”€â”€â”€â”€â”€â”€â”€â”€â”€â”€â”€â”€â”€â”€â”˜


[90mstdout[2m | tests/cli/SeederGenerator.test.ts[2m > [22m[2mSeederGenerator Generation Methods - Part 2[2m > [22m[2mgenerateSeeder Methods - Advanced[2m > [22m[2mshould include reset method
[22m[39m[INFO] Created file: /opt/homebrew/var/www/Sites/zintrust/tests/cli/test-seeders-methods-2-1766762614001/UserSeeder.ts 
[INFO] âœ… Created seeder: UserSeeder.ts 

Usage: zintrust [command] [options]

Zintrust Framework CLI - Build production-grade TypeScript APIs

Options:
  -v, --version                            Output version number
  -h, --help                               Display help for command

Commands:
  new [options] <name>                     Create a new Zintrust project
  prepare [options]                        Prepare local dist/ so it can be installed via file:/.../dist
  add [options] <type> [name]              Add services and features to existing project
  start|s [options]                        Start the application (dev watch, production, or Wrangler mode)
  migrate [options]                        Run database migrations
  d1:migrate [options]                     Run Cloudflare D1 migrations
  debug [options]                          Launch debug mode with real-time monitoring dashboard
  config [options] [action] [key] [value]  Manage application configuration
  plugin|p [options]                       Manage framework plugins
  qa [options]                             Run full Quality Assurance suite
  fix [options]                            Run automated code fixes
  key:generate [options]                   Set the application key
  simulate|-sim <name>                     [INTERNAL DEV] Create a simulated Zintrust application in simulate/ folder
  help [command]                           Display help for a command
[90mstdout[2m | tests/unit/CoverageBoost.test.ts[2m > [22m[2mCLI[2m > [22m[2mshould run CLI with help request
[22m[39mâ”Œâ”€â”€â”€â”€â”€â”€â”€â”€â”€â”€â”€â”€â”€â”€â”€â”€â”€â”€â”€â”€â”€â”€â”€â”€â”€â”€â”€â”€â”€â”€â”€â”€â”€â”€â”€â”€â”€â”€â”€â”€â”€â”€â”€â”€â”€â”€â”
â”‚ Framework: Zintrust Framework                 â”‚
â”‚ Version:   1.0.0                              â”‚
â”‚ Env:       test                               â”‚
â”‚ Database:  sqlite                             â”‚
â””â”€â”€â”€â”€â”€â”€â”€â”€â”€â”€â”€â”€â”€â”€â”€â”€â”€â”€â”€â”€â”€â”€â”€â”€â”€â”€â”€â”€â”€â”€â”€â”€â”€â”€â”€â”€â”€â”€â”€â”€â”€â”€â”€â”€â”€â”€â”˜


[90mstdout[2m | tests/cli/SeederGenerator.test.ts[2m > [22m[2mSeederGenerator Generation Options - Part 1[2m > [22m[2mgenerateSeeder Options - Factory[2m > [22m[2mshould handle custom factory name
[22m[39m[INFO] Created file: /opt/homebrew/var/www/Sites/zintrust/tests/cli/test-seeders-options-1-1766762614005/UserSeeder.ts 
[INFO] âœ… Created seeder: UserSeeder.ts 

[90mstdout[2m | tests/unit/CoverageBoost.test.ts[2m > [22m[2mCLI[2m > [22m[2mshould handle CLI errors
[22m[39mâ”Œâ”€â”€â”€â”€â”€â”€â”€â”€â”€â”€â”€â”€â”€â”€â”€â”€â”€â”€â”€â”€â”€â”€â”€â”€â”€â”€â”€â”€â”€â”€â”€â”€â”€â”€â”€â”€â”€â”€â”€â”€â”€â”€â”€â”€â”€â”€â”
â”‚ Framework: Zintrust Framework                 â”‚
â”‚ Version:   1.0.0                              â”‚
â”‚ Env:       test                               â”‚
â”‚ Database:  sqlite                             â”‚
â””â”€â”€â”€â”€â”€â”€â”€â”€â”€â”€â”€â”€â”€â”€â”€â”€â”€â”€â”€â”€â”€â”€â”€â”€â”€â”€â”€â”€â”€â”€â”€â”€â”€â”€â”€â”€â”€â”€â”€â”€â”€â”€â”€â”€â”€â”€â”˜


[90mstdout[2m | tests/unit/CoverageBoost.test.ts[2m > [22m[2mCLI[2m > [22m[2mshould handle ignorable commander errors
[22m[39mâ”Œâ”€â”€â”€â”€â”€â”€â”€â”€â”€â”€â”€â”€â”€â”€â”€â”€â”€â”€â”€â”€â”€â”€â”€â”€â”€â”€â”€â”€â”€â”€â”€â”€â”€â”€â”€â”€â”€â”€â”€â”€â”€â”€â”€â”€â”€â”€â”
â”‚ Framework: Zintrust Framework                 â”‚
â”‚ Version:   1.0.0                              â”‚
â”‚ Env:       test                               â”‚
â”‚ Database:  sqlite                             â”‚
â””â”€â”€â”€â”€â”€â”€â”€â”€â”€â”€â”€â”€â”€â”€â”€â”€â”€â”€â”€â”€â”€â”€â”€â”€â”€â”€â”€â”€â”€â”€â”€â”€â”€â”€â”€â”€â”€â”€â”€â”€â”€â”€â”€â”€â”€â”€â”˜


[90mstdout[2m | tests/cli/SeederGenerator.test.ts[2m > [22m[2mSeederGenerator Generation Options - Part 1[2m > [22m[2mgenerateSeeder Options - Factory[2m > [22m[2mshould support relationship seeding
[22m[39m[INFO] Created file: /opt/homebrew/var/www/Sites/zintrust/tests/cli/test-seeders-options-1-1766762614010/PostSeeder.ts 
[INFO] âœ… Created seeder: PostSeeder.ts 

[90mstdout[2m | tests/unit/CoverageBoost.test.ts[2m > [22m[2mCLI[2m > [22m[2mshould not treat non-commander errors as ignorable
[22m[39mâ”Œâ”€â”€â”€â”€â”€â”€â”€â”€â”€â”€â”€â”€â”€â”€â”€â”€â”€â”€â”€â”€â”€â”€â”€â”€â”€â”€â”€â”€â”€â”€â”€â”€â”€â”€â”€â”€â”€â”€â”€â”€â”€â”€â”€â”€â”€â”€â”
â”‚ Framework: Zintrust Framework                 â”‚
â”‚ Version:   1.0.0                              â”‚
â”‚ Env:       test                               â”‚
â”‚ Database:  sqlite                             â”‚
â””â”€â”€â”€â”€â”€â”€â”€â”€â”€â”€â”€â”€â”€â”€â”€â”€â”€â”€â”€â”€â”€â”€â”€â”€â”€â”€â”€â”€â”€â”€â”€â”€â”€â”€â”€â”€â”€â”€â”€â”€â”€â”€â”€â”€â”€â”€â”˜


[90mstdout[2m | tests/unit/CoverageBoost.test.ts[2m > [22m[2mCLI[2m > [22m[2mshould not treat non-commander errors as ignorable
[22m[39mâ”Œâ”€â”€â”€â”€â”€â”€â”€â”€â”€â”€â”€â”€â”€â”€â”€â”€â”€â”€â”€â”€â”€â”€â”€â”€â”€â”€â”€â”€â”€â”€â”€â”€â”€â”€â”€â”€â”€â”€â”€â”€â”€â”€â”€â”€â”€â”€â”
â”‚ Framework: Zintrust Framework                 â”‚
â”‚ Version:   1.0.0                              â”‚
â”‚ Env:       test                               â”‚
â”‚ Database:  sqlite                             â”‚
â””â”€â”€â”€â”€â”€â”€â”€â”€â”€â”€â”€â”€â”€â”€â”€â”€â”€â”€â”€â”€â”€â”€â”€â”€â”€â”€â”€â”€â”€â”€â”€â”€â”€â”€â”€â”€â”€â”€â”€â”€â”€â”€â”€â”€â”€â”€â”˜


[90mstdout[2m | tests/unit/CoverageBoost.test.ts[2m > [22m[2mCLI[2m > [22m[2mshould return early for ignorable commander errors in handleExecutionError
[22m[39mâ”Œâ”€â”€â”€â”€â”€â”€â”€â”€â”€â”€â”€â”€â”€â”€â”€â”€â”€â”€â”€â”€â”€â”€â”€â”€â”€â”€â”€â”€â”€â”€â”€â”€â”€â”€â”€â”€â”€â”€â”€â”€â”€â”€â”€â”€â”€â”€â”
â”‚ Framework: Zintrust Framework                 â”‚
â”‚ Version:   1.0.0                              â”‚
â”‚ Env:       test                               â”‚
â”‚ Database:  sqlite                             â”‚
â””â”€â”€â”€â”€â”€â”€â”€â”€â”€â”€â”€â”€â”€â”€â”€â”€â”€â”€â”€â”€â”€â”€â”€â”€â”€â”€â”€â”€â”€â”€â”€â”€â”€â”€â”€â”€â”€â”€â”€â”€â”€â”€â”€â”€â”€â”€â”˜


[90mstdout[2m | tests/unit/CoverageBoost.test.ts[2m > [22m[2mCLI[2m > [22m[2mshould return early when error equals version in handleExecutionError
[22m[39mâ”Œâ”€â”€â”€â”€â”€â”€â”€â”€â”€â”€â”€â”€â”€â”€â”€â”€â”€â”€â”€â”€â”€â”€â”€â”€â”€â”€â”€â”€â”€â”€â”€â”€â”€â”€â”€â”€â”€â”€â”€â”€â”€â”€â”€â”€â”€â”€â”
â”‚ Framework: Zintrust Framework                 â”‚
â”‚ Version:   1.0.0                              â”‚
â”‚ Env:       test                               â”‚
â”‚ Database:  sqlite                             â”‚
â””â”€â”€â”€â”€â”€â”€â”€â”€â”€â”€â”€â”€â”€â”€â”€â”€â”€â”€â”€â”€â”€â”€â”€â”€â”€â”€â”€â”€â”€â”€â”€â”€â”€â”€â”€â”€â”€â”€â”€â”€â”€â”€â”€â”€â”€â”€â”˜


[90mstdout[2m | tests/unit/CoverageBoost.test.ts[2m > [22m[2mCLI[2m > [22m[2mshould handle commander errors with exit codes
[22m[39mâ”Œâ”€â”€â”€â”€â”€â”€â”€â”€â”€â”€â”€â”€â”€â”€â”€â”€â”€â”€â”€â”€â”€â”€â”€â”€â”€â”€â”€â”€â”€â”€â”€â”€â”€â”€â”€â”€â”€â”€â”€â”€â”€â”€â”€â”€â”€â”€â”
â”‚ Framework: Zintrust Framework                 â”‚
â”‚ Version:   1.0.0                              â”‚
â”‚ Env:       test                               â”‚
â”‚ Database:  sqlite                             â”‚
â””â”€â”€â”€â”€â”€â”€â”€â”€â”€â”€â”€â”€â”€â”€â”€â”€â”€â”€â”€â”€â”€â”€â”€â”€â”€â”€â”€â”€â”€â”€â”€â”€â”€â”€â”€â”€â”€â”€â”€â”€â”€â”€â”€â”€â”€â”€â”˜


[90mstdout[2m | tests/unit/CoverageBoost.test.ts[2m > [22m[2mCLI[2m > [22m[2mshould surface non-commander parse errors via ErrorHandler
[22m[39mâ”Œâ”€â”€â”€â”€â”€â”€â”€â”€â”€â”€â”€â”€â”€â”€â”€â”€â”€â”€â”€â”€â”€â”€â”€â”€â”€â”€â”€â”€â”€â”€â”€â”€â”€â”€â”€â”€â”€â”€â”€â”€â”€â”€â”€â”€â”€â”€â”
â”‚ Framework: Zintrust Framework                 â”‚
â”‚ Version:   1.0.0                              â”‚
â”‚ Env:       test                               â”‚
â”‚ Database:  sqlite                             â”‚
â””â”€â”€â”€â”€â”€â”€â”€â”€â”€â”€â”€â”€â”€â”€â”€â”€â”€â”€â”€â”€â”€â”€â”€â”€â”€â”€â”€â”€â”€â”€â”€â”€â”€â”€â”€â”€â”€â”€â”€â”€â”€â”€â”€â”€â”€â”€â”˜


[90mstdout[2m | tests/unit/CoverageBoost.test.ts[2m > [22m[2mCLI[2m > [22m[2mshould throw non-Error values without calling ErrorHandler.handle
[22m[39mâ”Œâ”€â”€â”€â”€â”€â”€â”€â”€â”€â”€â”€â”€â”€â”€â”€â”€â”€â”€â”€â”€â”€â”€â”€â”€â”€â”€â”€â”€â”€â”€â”€â”€â”€â”€â”€â”€â”€â”€â”€â”€â”€â”€â”€â”€â”€â”€â”
â”‚ Framework: Zintrust Framework                 â”‚
â”‚ Version:   1.0.0                              â”‚
â”‚ Env:       test                               â”‚
â”‚ Database:  sqlite                             â”‚
â””â”€â”€â”€â”€â”€â”€â”€â”€â”€â”€â”€â”€â”€â”€â”€â”€â”€â”€â”€â”€â”€â”€â”€â”€â”€â”€â”€â”€â”€â”€â”€â”€â”€â”€â”€â”€â”€â”€â”€â”€â”€â”€â”€â”€â”€â”€â”˜


Usage: zintrust [command] [options]

Zintrust Framework CLI - Build production-grade TypeScript APIs

Options:
  -v, --version                            Output version number
  -h, --help                               Display help for command

Commands:
  new [options] <name>                     Create a new Zintrust project
  prepare [options]                        Prepare local dist/ so it can be installed via file:/.../dist
  add [options] <type> [name]              Add services and features to existing project
  start|s [options]                        Start the application (dev watch, production, or Wrangler mode)
  migrate [options]                        Run database migrations
  d1:migrate [options]                     Run Cloudflare D1 migrations
  debug [options]                          Launch debug mode with real-time monitoring dashboard
  config [options] [action] [key] [value]  Manage application configuration
  plugin|p [options]                       Manage framework plugins
  qa [options]                             Run full Quality Assurance suite
  fix [options]                            Run automated code fixes
  key:generate [options]                   Set the application key
  simulate|-sim <name>                     [INTERNAL DEV] Create a simulated Zintrust application in simulate/ folder
  help [command]                           Display help for a command
Usage: zintrust help [options] [command]

Display help for a command

Options:
  -h, --help  Display help for command
Usage: zintrust [command] [options]

Zintrust Framework CLI - Build production-grade TypeScript APIs

Options:
  -v, --version                            Output version number
  -h, --help                               Display help for command

Commands:
  new [options] <name>                     Create a new Zintrust project
  prepare [options]                        Prepare local dist/ so it can be installed via file:/.../dist
  add [options] <type> [name]              Add services and features to existing project
  start|s [options]                        Start the application (dev watch, production, or Wrangler mode)
  migrate [options]                        Run database migrations
  d1:migrate [options]                     Run Cloudflare D1 migrations
  debug [options]                          Launch debug mode with real-time monitoring dashboard
  config [options] [action] [key] [value]  Manage application configuration
  plugin|p [options]                       Manage framework plugins
  qa [options]                             Run full Quality Assurance suite
  fix [options]                            Run automated code fixes
  key:generate [options]                   Set the application key
  simulate|-sim <name>                     [INTERNAL DEV] Create a simulated Zintrust application in simulate/ folder
  help [command]                           Display help for a command
[90mstdout[2m | tests/cli/SeederGenerator.test.ts[2m > [22m[2mSeederGenerator Generation Options - Part 2[2m > [22m[2mgenerateSeeder Options - Parameters[2m > [22m[2mshould handle count parameter
[22m[39m[INFO] Created file: /opt/homebrew/var/www/Sites/zintrust/tests/cli/test-seeders-options-2-1766762614017/ProductSeeder.ts 
[INFO] âœ… Created seeder: ProductSeeder.ts 

[90mstdout[2m | tests/cli/SeederGenerator.test.ts[2m > [22m[2mSeederGenerator Generation Options - Part 2[2m > [22m[2mgenerateSeeder Options - Parameters[2m > [22m[2mshould handle truncate option
[22m[39m[INFO] Created file: /opt/homebrew/var/www/Sites/zintrust/tests/cli/test-seeders-options-2-1766762614019/UserSeeder.ts 
[INFO] âœ… Created seeder: UserSeeder.ts 

[90mstdout[2m | tests/cli/SeederGenerator.test.ts[2m > [22m[2mSeederGenerator Generation Options - Part 2[2m > [22m[2mgenerateSeeder Options - Parameters[2m > [22m[2mshould handle no truncate option
[22m[39m[INFO] Created file: /opt/homebrew/var/www/Sites/zintrust/tests/cli/test-seeders-options-2-1766762614023/UserSeeder.ts 
[INFO] âœ… Created seeder: UserSeeder.ts 

[90mstdout[2m | tests/cli/SeederGenerator.test.ts[2m > [22m[2mSeederGenerator Content - Part 1[2m > [22m[2mSeeder Content - Syntax[2m > [22m[2mshould have valid TypeScript syntax
[22m[39m[INFO] Created file: /opt/homebrew/var/www/Sites/zintrust/tests/cli/test-seeders-content-1-1766762614025/ArticleSeeder.ts 
[INFO] âœ… Created seeder: ArticleSeeder.ts 

[90mstdout[2m | tests/cli/SeederGenerator.test.ts[2m > [22m[2mSeederGenerator Content - Part 1[2m > [22m[2mSeeder Content - Syntax[2m > [22m[2mshould include comments and documentation
[22m[39m[INFO] Created file: /opt/homebrew/var/www/Sites/zintrust/tests/cli/test-seeders-content-1-1766762614027/CommentSeeder.ts 
[INFO] âœ… Created seeder: CommentSeeder.ts 

[90mstdout[2m | tests/cli/SeederGenerator.test.ts[2m > [22m[2mSeederGenerator Content - Part 2[2m > [22m[2mSeeder Content - Table Names[2m > [22m[2mshould generate correct table names from model names
[22m[39m[INFO] Created file: /opt/homebrew/var/www/Sites/zintrust/tests/cli/test-seeders-content-2-1766762614030/UserSeeder.ts 
[INFO] âœ… Created seeder: UserSeeder.ts 

[90mstdout[2m | tests/cli/SeederGenerator.test.ts[2m > [22m[2mSeederGenerator Content - Part 2[2m > [22m[2mSeeder Content - Table Names[2m > [22m[2mshould generate correct table names from model names
[22m[39m[INFO] Created file: /opt/homebrew/var/www/Sites/zintrust/tests/cli/test-seeders-content-2-1766762614030/PostSeeder.ts 
[INFO] âœ… Created seeder: PostSeeder.ts 

[90mstdout[2m | tests/cli/SeederGenerator.test.ts[2m > [22m[2mSeederGenerator Content - Part 2[2m > [22m[2mSeeder Content - Table Names[2m > [22m[2mshould generate correct table names from model names
[22m[39m[INFO] Created file: /opt/homebrew/var/www/Sites/zintrust/tests/cli/test-seeders-content-2-1766762614030/UserProfileSeeder.ts 
[INFO] âœ… Created seeder: UserProfileSeeder.ts 

[90mstdout[2m | tests/cli/SeederGenerator.test.ts[2m > [22m[2mSeederGenerator Content - Part 2[2m > [22m[2mSeeder Content - Table Names[2m > [22m[2mshould generate correct table names from model names
[22m[39m[INFO] Created file: /opt/homebrew/var/www/Sites/zintrust/tests/cli/test-seeders-content-2-1766762614030/BlogPostSeeder.ts 
[INFO] âœ… Created seeder: BlogPostSeeder.ts 

 [32mâœ“[39m tests/unit/app/middleware-index.test.ts [2m([22m[2m11 tests[22m[2m)[22m[32m 56[2mms[22m[39m
[90mstdout[2m | tests/cli/SeederGenerator.test.ts[2m > [22m[2mSeederGenerator Integration - Part 1[2m > [22m[2mIntegration Basic[2m > [22m[2mshould generate seeders for common models
[22m[39m[INFO] Created file: /opt/homebrew/var/www/Sites/zintrust/tests/cli/test-seeders-integration-1-1766762614050/UserSeeder.ts 
[INFO] âœ… Created seeder: UserSeeder.ts 

[90mstdout[2m | tests/cli/SeederGenerator.test.ts[2m > [22m[2mSeederGenerator Integration - Part 1[2m > [22m[2mIntegration Basic[2m > [22m[2mshould generate seeders for common models
[22m[39m[INFO] Created file: /opt/homebrew/var/www/Sites/zintrust/tests/cli/test-seeders-integration-1-1766762614050/PostSeeder.ts 
[INFO] âœ… Created seeder: PostSeeder.ts 

[90mstdout[2m | tests/cli/SeederGenerator.test.ts[2m > [22m[2mSeederGenerator Integration - Part 1[2m > [22m[2mIntegration Basic[2m > [22m[2mshould generate seeders for common models
[22m[39m[INFO] Created file: /opt/homebrew/var/www/Sites/zintrust/tests/cli/test-seeders-integration-1-1766762614050/ProductSeeder.ts 
[INFO] âœ… Created seeder: ProductSeeder.ts 

[90mstdout[2m | tests/cli/SeederGenerator.test.ts[2m > [22m[2mSeederGenerator Integration - Part 1[2m > [22m[2mIntegration Basic[2m > [22m[2mshould generate seeders for common models
[22m[39m[INFO] Created file: /opt/homebrew/var/www/Sites/zintrust/tests/cli/test-seeders-integration-1-1766762614050/OrderSeeder.ts 
[INFO] âœ… Created seeder: OrderSeeder.ts 

[90mstdout[2m | tests/cli/SeederGenerator.test.ts[2m > [22m[2mSeederGenerator Integration - Part 1[2m > [22m[2mIntegration Basic[2m > [22m[2mshould generate seeders for common models
[22m[39m[INFO] Created file: /opt/homebrew/var/www/Sites/zintrust/tests/cli/test-seeders-integration-1-1766762614050/CommentSeeder.ts 
[INFO] âœ… Created seeder: CommentSeeder.ts 

[90mstdout[2m | tests/cli/SeederGenerator.test.ts[2m > [22m[2mSeederGenerator Integration - Part 2[2m > [22m[2mIntegration Advanced[2m > [22m[2mshould support complex relationships
[22m[39m[INFO] Created file: /opt/homebrew/var/www/Sites/zintrust/tests/cli/test-seeders-integration-2-1766762614054/OrderSeeder.ts 
[INFO] âœ… Created seeder: OrderSeeder.ts 

[90mstdout[2m | tests/cli/SeederGenerator.test.ts[2m > [22m[2mSeederGenerator Integration - Part 3A[2m > [22m[2mIntegration Advanced[2m > [22m[2mshould handle large dataset seeding
[22m[39m[INFO] Created file: /opt/homebrew/var/www/Sites/zintrust/tests/cli/test-seeders-integration-3a-1766762614056/BulkUserSeeder.ts 
[INFO] âœ… Created seeder: BulkUserSeeder.ts 

[90mstdout[2m | tests/cli/SeederGenerator.test.ts[2m > [22m[2mSeederGenerator Integration - Part 3A[2m > [22m[2mIntegration Advanced[2m > [22m[2mshould support state distribution
[22m[39m[INFO] Created file: /opt/homebrew/var/www/Sites/zintrust/tests/cli/test-seeders-integration-3a-1766762614059/DistributedSeeder.ts 
[INFO] âœ… Created seeder: DistributedSeeder.ts 

 [32mâœ“[39m tests/cli/SeederGenerator.test.ts [2m([22m[2m27 tests[22m[2m)[22m[32m 142[2mms[22m[39m
 [32mâœ“[39m tests/unit/CoverageBoost.test.ts [2m([22m[2m51 tests[22m[2m)[22m[32m 145[2mms[22m[39m
 [32mâœ“[39m tests/unit/bootstrap.test.ts [2m([22m[2m3 tests[22m[2m)[22m[32m 53[2mms[22m[39m
 [32mâœ“[39m tests/unit/functions/cloudflare.test.ts [2m([22m[2m3 tests[22m[2m)[22m[32m 76[2mms[22m[39m
 [32mâœ“[39m tests/unit/app/profiler-middleware.test.ts [2m([22m[2m3 tests[22m[2m)[22m[32m 42[2mms[22m[39m
 [32mâœ“[39m tests/unit/cli/debug/dashboard.test.ts [2m([22m[2m3 tests[22m[2m)[22m[32m 62[2mms[22m[39m
[?25h [32mâœ“[39m tests/unit/JwtManager.test.ts [2m([22m[2m10 tests[22m[2m)[22m[33m 1110[2mms[22m[39m
     [33m[2mâœ“[22m[39m HS256: should reject expired token [33m 1104[2mms[22m[39m
[90mstdout[2m | tests/cli/MigrationGenerator.test.ts[2m > [22m[2mMigrationGenerator Generation Basic[2m > [22m[2mshould reject duplicate migration
[22m[39m[INFO] Created file: /opt/homebrew/var/www/Sites/zintrust/tests/cli/test-migrations/migrations/20251226152334_create_users_table.ts 
[INFO] âœ… Created migration: 20251226152334_create_users_table.ts 

[90mstdout[2m | tests/cli/MigrationGenerator.test.ts[2m > [22m[2mMigrationGenerator Generation Types[2m > [22m[2mshould generate CREATE migration
[22m[39m[INFO] Created file: /opt/homebrew/var/www/Sites/zintrust/tests/cli/test-migrations/migrations/20251226152334_create_posts_table.ts 
[INFO] âœ… Created migration: 20251226152334_create_posts_table.ts 

[90mstdout[2m | tests/cli/MigrationGenerator.test.ts[2m > [22m[2mMigrationGenerator Specialized Generation Basic[2m > [22m[2mshould generate ALTER migration
[22m[39m[INFO] Created file: /opt/homebrew/var/www/Sites/zintrust/tests/cli/test-migrations/migrations/20251226152334_add_email_to_users.ts 
[INFO] âœ… Created migration: 20251226152334_add_email_to_users.ts 

[90mstdout[2m | tests/cli/MigrationGenerator.test.ts[2m > [22m[2mMigrationGenerator Specialized Generation Basic[2m > [22m[2mshould generate DROP migration
[22m[39m[INFO] Created file: /opt/homebrew/var/www/Sites/zintrust/tests/cli/test-migrations/migrations/20251226152334_drop_users_table.ts 
[INFO] âœ… Created migration: 20251226152334_drop_users_table.ts 

[90mstdout[2m | tests/cli/MigrationGenerator.test.ts[2m > [22m[2mMigrationGenerator Specialized Detection[2m > [22m[2mshould auto-detect CREATE type
[22m[39m[INFO] Created file: /opt/homebrew/var/www/Sites/zintrust/tests/cli/test-migrations/migrations/20251226152334_create_products_table.ts 
[INFO] âœ… Created migration: 20251226152334_create_products_table.ts 

[90mstdout[2m | tests/cli/MigrationGenerator.test.ts[2m > [22m[2mMigrationGenerator Specialized Detection[2m > [22m[2mshould auto-detect ALTER type
[22m[39m[INFO] Created file: /opt/homebrew/var/www/Sites/zintrust/tests/cli/test-migrations/migrations/20251226152334_add_status_to_orders.ts 
[INFO] âœ… Created migration: 20251226152334_add_status_to_orders.ts 

[90mstdout[2m | tests/cli/MigrationGenerator.test.ts[2m > [22m[2mMigrationGenerator Specialized Detection[2m > [22m[2mshould auto-detect DROP type
[22m[39m[INFO] Created file: /opt/homebrew/var/www/Sites/zintrust/tests/cli/test-migrations/migrations/20251226152334_drop_old_table.ts 
[INFO] âœ… Created migration: 20251226152334_drop_old_table.ts 

[90mstdout[2m | tests/cli/MigrationGenerator.test.ts[2m > [22m[2mMigrationGenerator Content and Structure[2m > [22m[2mshould include migration interface
[22m[39m[INFO] Created file: /opt/homebrew/var/www/Sites/zintrust/tests/cli/test-migrations/migrations/20251226152334_create_users_table.ts 
[INFO] âœ… Created migration: 20251226152334_create_users_table.ts 

[90mstdout[2m | tests/cli/MigrationGenerator.test.ts[2m > [22m[2mMigrationGenerator Content and Structure[2m > [22m[2mshould handle underscores in migration name
[22m[39m[INFO] Created file: /opt/homebrew/var/www/Sites/zintrust/tests/cli/test-migrations/migrations/20251226152334_add_first_name_last_name_to_users.ts 
[INFO] âœ… Created migration: 20251226152334_add_first_name_last_name_to_users.ts 

[90mstdout[2m | tests/cli/MigrationGenerator.test.ts[2m > [22m[2mMigrationGenerator Multiple Migrations[2m > [22m[2mshould create multiple migrations in same directory
[22m[39m[INFO] Created file: /opt/homebrew/var/www/Sites/zintrust/tests/cli/test-migrations/migrations/20251226152334_create_users_table.ts 
[INFO] âœ… Created migration: 20251226152334_create_users_table.ts 

 [32mâœ“[39m tests/unit/AdapterDirectCoverage.test.ts [2m([22m[2m35 tests[22m[2m)[22m[32m 60[2mms[22m[39m
[90mstdout[2m | tests/cli/FeatureScaffolder.test.ts[2m > [22m[2mFeatureScaffolder Feature Addition Basic[2m > [22m[2mshould add auth feature
[22m[39m[INFO] Created directory: /opt/homebrew/var/www/Sites/zintrust/tests/cli/test-features/test-service/src/features/auth 
[INFO] Created file: /opt/homebrew/var/www/Sites/zintrust/tests/cli/test-features/test-service/src/features/auth/index.ts 
[INFO] Created file: /opt/homebrew/var/www/Sites/zintrust/tests/cli/test-features/test-service/src/features/auth/README.md 
[INFO] âœ… Added feature 'auth' with 2 files 

[90mstdout[2m | tests/cli/FeatureScaffolder.test.ts[2m > [22m[2mFeatureScaffolder Feature Addition Basic[2m > [22m[2mshould create feature directory
[22m[39m[INFO] Created directory: /opt/homebrew/var/www/Sites/zintrust/tests/cli/test-features/test-service/src/features/payments 
[INFO] Created file: /opt/homebrew/var/www/Sites/zintrust/tests/cli/test-features/test-service/src/features/payments/index.ts 
[INFO] Created file: /opt/homebrew/var/www/Sites/zintrust/tests/cli/test-features/test-service/src/features/payments/README.md 
[INFO] âœ… Added feature 'payments' with 2 files 

[90mstdout[2m | tests/cli/FileGenerator.test.ts[2m > [22m[2mFileGenerator Directory Creation Basic[2m > [22m[2mshould create a directory
[22m[39m[INFO] Created directory: /opt/homebrew/var/www/Sites/zintrust/tests/cli/test-scaffold/mydir 

[90mstdout[2m | tests/cli/FileGenerator.test.ts[2m > [22m[2mFileGenerator Directory Creation Basic[2m > [22m[2mshould create nested directories
[22m[39m[INFO] Created directory: /opt/homebrew/var/www/Sites/zintrust/tests/cli/test-scaffold/a/b/c 

[90mstdout[2m | tests/cli/FileGenerator.test.ts[2m > [22m[2mFileGenerator Directory Creation Basic[2m > [22m[2mshould return false if directory already exists
[22m[39m[INFO] Created directory: /opt/homebrew/var/www/Sites/zintrust/tests/cli/test-scaffold/mydir 

[90mstdout[2m | tests/cli/FeatureScaffolder.test.ts[2m > [22m[2mFeatureScaffolder Feature Addition Files[2m > [22m[2mshould create index.ts for feature
[22m[39m[INFO] Created directory: /opt/homebrew/var/www/Sites/zintrust/tests/cli/test-features/test-service/src/features/logging 
[INFO] Created file: /opt/homebrew/var/www/Sites/zintrust/tests/cli/test-features/test-service/src/features/logging/index.ts 
[INFO] Created file: /opt/homebrew/var/www/Sites/zintrust/tests/cli/test-features/test-service/src/features/logging/README.md 
[INFO] âœ… Added feature 'logging' with 2 files 

[90mstdout[2m | tests/cli/FileGenerator.test.ts[2m > [22m[2mFileGenerator Directory Creation Multiple[2m > [22m[2mshould create multiple directories
[22m[39m[INFO] Created directory: /opt/homebrew/var/www/Sites/zintrust/tests/cli/test-scaffold/src 
[INFO] Created directory: /opt/homebrew/var/www/Sites/zintrust/tests/cli/test-scaffold/app/Models 
[INFO] Created directory: /opt/homebrew/var/www/Sites/zintrust/tests/cli/test-scaffold/routes 
[INFO] Created directory: /opt/homebrew/var/www/Sites/zintrust/tests/cli/test-scaffold/tests 

[90mstdout[2m | tests/cli/FileGenerator.test.ts[2m > [22m[2mFileGenerator Directory Creation Multiple[2m > [22m[2mshould handle nested directories
[22m[39m[INFO] Created directory: /opt/homebrew/var/www/Sites/zintrust/tests/cli/test-scaffold/app/Models/User 
[INFO] Created directory: /opt/homebrew/var/www/Sites/zintrust/tests/cli/test-scaffold/app/Controllers/UserController 

[90mstdout[2m | tests/cli/FeatureScaffolder.test.ts[2m > [22m[2mFeatureScaffolder Feature Addition Files[2m > [22m[2mshould create README for feature
[22m[39m[INFO] Created directory: /opt/homebrew/var/www/Sites/zintrust/tests/cli/test-features/test-service/src/features/email 
[INFO] Created file: /opt/homebrew/var/www/Sites/zintrust/tests/cli/test-features/test-service/src/features/email/index.ts 
[INFO] Created file: /opt/homebrew/var/www/Sites/zintrust/tests/cli/test-features/test-service/src/features/email/README.md 
[INFO] âœ… Added feature 'email' with 2 files 

[90mstdout[2m | tests/cli/FileGenerator.test.ts[2m > [22m[2mFileGenerator Directory Checks and Deletion[2m > [22m[2mshould return true for existing directories
[22m[39m[INFO] Created directory: /opt/homebrew/var/www/Sites/zintrust/tests/cli/test-scaffold 

[90mstdout[2m | tests/cli/FileGenerator.test.ts[2m > [22m[2mFileGenerator Directory Checks and Deletion[2m > [22m[2mshould return false for files
[22m[39m[INFO] Created directory: /opt/homebrew/var/www/Sites/zintrust/tests/cli/test-scaffold 
[INFO] Created file: /opt/homebrew/var/www/Sites/zintrust/tests/cli/test-scaffold/test.txt 

[90mstdout[2m | tests/cli/FileGenerator.test.ts[2m > [22m[2mFileGenerator Directory Checks and Deletion[2m > [22m[2mshould delete a directory recursively
[22m[39m[INFO] Created directory: /opt/homebrew/var/www/Sites/zintrust/tests/cli/test-scaffold 
[INFO] Deleted directory: /opt/homebrew/var/www/Sites/zintrust/tests/cli/test-scaffold 

[90mstdout[2m | tests/cli/FileGenerator.test.ts[2m > [22m[2mFileGenerator Directory Checks and Deletion[2m > [22m[2mshould delete directory with files
[22m[39m[INFO] Created directory: /opt/homebrew/var/www/Sites/zintrust/tests/cli/test-scaffold 
[INFO] Created file: /opt/homebrew/var/www/Sites/zintrust/tests/cli/test-scaffold/file.txt 
[INFO] Deleted directory: /opt/homebrew/var/www/Sites/zintrust/tests/cli/test-scaffold 

[90mstdout[2m | tests/cli/FileGenerator.test.ts[2m > [22m[2mFileGenerator File Writing Basic[2m > [22m[2mshould write a file
[22m[39m[INFO] Created directory: /opt/homebrew/var/www/Sites/zintrust/tests/cli/test-scaffold 
[INFO] Created file: /opt/homebrew/var/www/Sites/zintrust/tests/cli/test-scaffold/test.txt 

[90mstdout[2m | tests/cli/FeatureScaffolder.test.ts[2m > [22m[2mFeatureScaffolder Feature Addition Files[2m > [22m[2mshould create test file if requested
[22m[39m[INFO] Created directory: /opt/homebrew/var/www/Sites/zintrust/tests/cli/test-features/test-service/src/features/cache 
[INFO] Created file: /opt/homebrew/var/www/Sites/zintrust/tests/cli/test-features/test-service/src/features/cache/index.ts 
[INFO] Created file: /opt/homebrew/var/www/Sites/zintrust/tests/cli/test-features/test-service/src/features/cache/cache.test.ts 
[INFO] Created file: /opt/homebrew/var/www/Sites/zintrust/tests/cli/test-features/test-service/src/features/cache/README.md 
[INFO] âœ… Added feature 'cache' with 3 files 

[90mstdout[2m | tests/cli/FeatureScaffolder.test.ts[2m > [22m[2mFeatureScaffolder Advanced Addition[2m > [22m[2mshould reject duplicate feature
[22m[39m[INFO] Created directory: /opt/homebrew/var/www/Sites/zintrust/tests/cli/test-features/test-service/src/features/queue 
[INFO] Created file: /opt/homebrew/var/www/Sites/zintrust/tests/cli/test-features/test-service/src/features/queue/index.ts 
[INFO] Created file: /opt/homebrew/var/www/Sites/zintrust/tests/cli/test-features/test-service/src/features/queue/README.md 
[INFO] âœ… Added feature 'queue' with 2 files 

[90mstdout[2m | tests/cli/FileGenerator.test.ts[2m > [22m[2mFileGenerator File Writing Basic[2m > [22m[2mshould create parent directories by default
[22m[39m[INFO] Created directory: /opt/homebrew/var/www/Sites/zintrust/tests/cli/test-scaffold/nested/path 
[INFO] Created file: /opt/homebrew/var/www/Sites/zintrust/tests/cli/test-scaffold/nested/path/file.txt 

[90mstdout[2m | tests/cli/FileGenerator.test.ts[2m > [22m[2mFileGenerator File Writing Basic[2m > [22m[2mshould skip existing files without overwrite
[22m[39m[INFO] Created directory: /opt/homebrew/var/www/Sites/zintrust/tests/cli/test-scaffold 
[INFO] Created file: /opt/homebrew/var/www/Sites/zintrust/tests/cli/test-scaffold/test.txt 

[90mstderr[2m | tests/cli/FileGenerator.test.ts[2m > [22m[2mFileGenerator File Writing Basic[2m > [22m[2mshould skip existing files without overwrite
[22m[39m[WARN] File already exists (skipped): /opt/homebrew/var/www/Sites/zintrust/tests/cli/test-scaffold/test.txt 

[90mstdout[2m | tests/cli/FileGenerator.test.ts[2m > [22m[2mFileGenerator File Writing Basic[2m > [22m[2mshould overwrite files with overwrite option
[22m[39m[INFO] Created directory: /opt/homebrew/var/www/Sites/zintrust/tests/cli/test-scaffold 
[INFO] Created file: /opt/homebrew/var/www/Sites/zintrust/tests/cli/test-scaffold/test.txt 
[INFO] Created file: /opt/homebrew/var/www/Sites/zintrust/tests/cli/test-scaffold/test.txt 

[90mstdout[2m | tests/cli/FileGenerator.test.ts[2m > [22m[2mFileGenerator File Writing Basic[2m > [22m[2mshould write with specific encoding
[22m[39m[INFO] Created directory: /opt/homebrew/var/www/Sites/zintrust/tests/cli/test-scaffold 
[INFO] Created file: /opt/homebrew/var/www/Sites/zintrust/tests/cli/test-scaffold/test.txt 

[90mstdout[2m | tests/cli/FeatureScaffolder.test.ts[2m > [22m[2mFeatureScaffolder Feature Types[2m > [22m[2mshould add all feature types
[22m[39m[INFO] Created directory: /opt/homebrew/var/www/Sites/zintrust/tests/cli/test-features/service-auth/src/features/auth 
[INFO] Created file: /opt/homebrew/var/www/Sites/zintrust/tests/cli/test-features/service-auth/src/features/auth/index.ts 
[INFO] Created file: /opt/homebrew/var/www/Sites/zintrust/tests/cli/test-features/service-auth/src/features/auth/README.md 
[INFO] âœ… Added feature 'auth' with 2 files 
[INFO] Created directory: /opt/homebrew/var/www/Sites/zintrust/tests/cli/test-features/service-logging/src/features/logging 
[INFO] Created file: /opt/homebrew/var/www/Sites/zintrust/tests/cli/test-features/service-logging/src/features/logging/index.ts 
[INFO] Created file: /opt/homebrew/var/www/Sites/zintrust/tests/cli/test-features/service-logging/src/features/logging/README.md 
[INFO] âœ… Added feature 'logging' with 2 files 
[INFO] Created directory: /opt/homebrew/var/www/Sites/zintrust/tests/cli/test-features/service-payments/src/features/payments 
[INFO] Created file: /opt/homebrew/var/www/Sites/zintrust/tests/cli/test-features/service-payments/src/features/payments/index.ts 
[INFO] Created file: /opt/homebrew/var/www/Sites/zintrust/tests/cli/test-features/service-payments/src/features/payments/README.md 
[INFO] âœ… Added feature 'payments' with 2 files 
[INFO] Created directory: /opt/homebrew/var/www/Sites/zintrust/tests/cli/test-features/service-api-docs/src/features/api-docs 
[INFO] Created file: /opt/homebrew/var/www/Sites/zintrust/tests/cli/test-features/service-api-docs/src/features/api-docs/index.ts 
[INFO] Created file: /opt/homebrew/var/www/Sites/zintrust/tests/cli/test-features/service-api-docs/src/features/api-docs/README.md 
[INFO] âœ… Added feature 'api-docs' with 2 files 
[INFO] Created directory: /opt/homebrew/var/www/Sites/zintrust/tests/cli/test-features/service-email/src/features/email 
[INFO] Created file: /opt/homebrew/var/www/Sites/zintrust/tests/cli/test-features/service-email/src/features/email/index.ts 
[INFO] Created file: /opt/homebrew/var/www/Sites/zintrust/tests/cli/test-features/service-email/src/features/email/README.md 
[INFO] âœ… Added feature 'email' with 2 files 
[INFO] Created directory: /opt/homebrew/var/www/Sites/zintrust/tests/cli/test-features/service-cache/src/features/cache 
[INFO] Created file: /opt/homebrew/var/www/Sites/zintrust/tests/cli/test-features/service-cache/src/features/cache/index.ts 
[INFO] Created file: /opt/homebrew/var/www/Sites/zintrust/tests/cli/test-features/service-cache/src/features/cache/README.md 
[INFO] âœ… Added feature 'cache' with 2 files 
[INFO] Created directory: /opt/homebrew/var/www/Sites/zintrust/tests/cli/test-features/service-queue/src/features/queue 
[INFO] Created file: /opt/homebrew/var/www/Sites/zintrust/tests/cli/test-features/service-queue/src/features/queue/index.ts 
[INFO] Created file: /opt/homebrew/var/www/Sites/zintrust/tests/cli/test-features/service-queue/src/features/queue/README.md 
[INFO] âœ… Added feature 'queue' with 2 files 
[INFO] Created directory: /opt/homebrew/var/www/Sites/zintrust/tests/cli/test-features/service-websocket/src/features/websocket 
[INFO] Created file: /opt/homebrew/var/www/Sites/zintrust/tests/cli/test-features/service-websocket/src/features/websocket/index.ts 
[INFO] Created file: /opt/homebrew/var/www/Sites/zintrust/tests/cli/test-features/service-websocket/src/features/websocket/README.md 
[INFO] âœ… Added feature 'websocket' with 2 files 

[90mstdout[2m | tests/cli/FeatureScaffolder.test.ts[2m > [22m[2mFeatureScaffolder Feature Types[2m > [22m[2mshould include feature content in generated file
[22m[39m[INFO] Created directory: /opt/homebrew/var/www/Sites/zintrust/tests/cli/test-features/test-service/src/features/auth 
[INFO] Created file: /opt/homebrew/var/www/Sites/zintrust/tests/cli/test-features/test-service/src/features/auth/index.ts 
[INFO] Created file: /opt/homebrew/var/www/Sites/zintrust/tests/cli/test-features/test-service/src/features/auth/README.md 
[INFO] âœ… Added feature 'auth' with 2 files 

[90mstdout[2m | tests/cli/FeatureScaffolder.test.ts[2m > [22m[2mFeatureScaffolder Feature Templates[2m > [22m[2mshould generate auth feature with token methods
[22m[39m[INFO] Created directory: /opt/homebrew/var/www/Sites/zintrust/tests/cli/test-features/test-service/src/features/auth 
[INFO] Created file: /opt/homebrew/var/www/Sites/zintrust/tests/cli/test-features/test-service/src/features/auth/index.ts 
[INFO] Created file: /opt/homebrew/var/www/Sites/zintrust/tests/cli/test-features/test-service/src/features/auth/README.md 
[INFO] âœ… Added feature 'auth' with 2 files 

[90mstdout[2m | tests/cli/FileGenerator.test.ts[2m > [22m[2mFileGenerator File Writing Multiple[2m > [22m[2mshould write multiple files
[22m[39m[INFO] Created directory: /opt/homebrew/var/www/Sites/zintrust/tests/cli/test-scaffold 
[INFO] Created file: /opt/homebrew/var/www/Sites/zintrust/tests/cli/test-scaffold/file1.txt 
[INFO] Created file: /opt/homebrew/var/www/Sites/zintrust/tests/cli/test-scaffold/file2.txt 
[INFO] Created file: /opt/homebrew/var/www/Sites/zintrust/tests/cli/test-scaffold/file3.txt 

[90mstdout[2m | tests/cli/FileGenerator.test.ts[2m > [22m[2mFileGenerator File Writing Multiple[2m > [22m[2mshould create nested files
[22m[39m[INFO] Created directory: /opt/homebrew/var/www/Sites/zintrust/tests/cli/test-scaffold/src/app 
[INFO] Created file: /opt/homebrew/var/www/Sites/zintrust/tests/cli/test-scaffold/src/app/index.ts 

[90mstdout[2m | tests/cli/FileGenerator.test.ts[2m > [22m[2mFileGenerator File Writing Multiple[2m > [22m[2mshould return count of created files
[22m[39m[INFO] Created directory: /opt/homebrew/var/www/Sites/zintrust/tests/cli/test-scaffold 
[INFO] Created file: /opt/homebrew/var/www/Sites/zintrust/tests/cli/test-scaffold/file1.txt 
[INFO] Created file: /opt/homebrew/var/www/Sites/zintrust/tests/cli/test-scaffold/file2.txt 

[90mstdout[2m | tests/cli/FileGenerator.test.ts[2m > [22m[2mFileGenerator File Reading and Deletion[2m > [22m[2mshould return true for existing files
[22m[39m[INFO] Created directory: /opt/homebrew/var/www/Sites/zintrust/tests/cli/test-scaffold 
[INFO] Created file: /opt/homebrew/var/www/Sites/zintrust/tests/cli/test-scaffold/test.txt 

[90mstdout[2m | tests/cli/FileGenerator.test.ts[2m > [22m[2mFileGenerator File Reading and Deletion[2m > [22m[2mshould return false for directories
[22m[39m[INFO] Created directory: /opt/homebrew/var/www/Sites/zintrust/tests/cli/test-scaffold 

[90mstdout[2m | tests/cli/FileGenerator.test.ts[2m > [22m[2mFileGenerator File Reading and Deletion[2m > [22m[2mshould read file content
[22m[39m[INFO] Created directory: /opt/homebrew/var/www/Sites/zintrust/tests/cli/test-scaffold 
[INFO] Created file: /opt/homebrew/var/www/Sites/zintrust/tests/cli/test-scaffold/test.txt 

[90mstdout[2m | tests/cli/FeatureScaffolder.test.ts[2m > [22m[2mFeatureScaffolder Feature Templates[2m > [22m[2mshould generate payments feature with transaction methods
[22m[39m[INFO] Created directory: /opt/homebrew/var/www/Sites/zintrust/tests/cli/test-features/test-service/src/features/payments 
[INFO] Created file: /opt/homebrew/var/www/Sites/zintrust/tests/cli/test-features/test-service/src/features/payments/index.ts 
[INFO] Created file: /opt/homebrew/var/www/Sites/zintrust/tests/cli/test-features/test-service/src/features/payments/README.md 
[INFO] âœ… Added feature 'payments' with 2 files 

[90mstdout[2m | tests/cli/FileGenerator.test.ts[2m > [22m[2mFileGenerator File Deletion and Listing[2m > [22m[2mshould delete a file
[22m[39m[INFO] Created directory: /opt/homebrew/var/www/Sites/zintrust/tests/cli/test-scaffold 
[INFO] Created file: /opt/homebrew/var/www/Sites/zintrust/tests/cli/test-scaffold/test.txt 
[INFO] Deleted file: /opt/homebrew/var/www/Sites/zintrust/tests/cli/test-scaffold/test.txt 

[90mstdout[2m | tests/cli/FileGenerator.test.ts[2m > [22m[2mFileGenerator File Deletion and Listing[2m > [22m[2mshould list files in directory
[22m[39m[INFO] Created directory: /opt/homebrew/var/www/Sites/zintrust/tests/cli/test-scaffold 
[INFO] Created file: /opt/homebrew/var/www/Sites/zintrust/tests/cli/test-scaffold/file1.txt 
[INFO] Created file: /opt/homebrew/var/www/Sites/zintrust/tests/cli/test-scaffold/file2.txt 

[90mstdout[2m | tests/cli/FileGenerator.test.ts[2m > [22m[2mFileGenerator File Deletion and Listing[2m > [22m[2mshould not list directories
[22m[39m[INFO] Created directory: /opt/homebrew/var/www/Sites/zintrust/tests/cli/test-scaffold/subdir 
[INFO] Created file: /opt/homebrew/var/www/Sites/zintrust/tests/cli/test-scaffold/file.txt 

[90mstdout[2m | tests/cli/FileGenerator.test.ts[2m > [22m[2mFileGenerator File Deletion and Listing[2m > [22m[2mshould list files recursively
[22m[39m[INFO] Created directory: /opt/homebrew/var/www/Sites/zintrust/tests/cli/test-scaffold 
[INFO] Created file: /opt/homebrew/var/www/Sites/zintrust/tests/cli/test-scaffold/file1.txt 
[INFO] Created directory: /opt/homebrew/var/www/Sites/zintrust/tests/cli/test-scaffold/subdir 
[INFO] Created file: /opt/homebrew/var/www/Sites/zintrust/tests/cli/test-scaffold/subdir/file2.txt 

[90mstdout[2m | tests/cli/FileGenerator.test.ts[2m > [22m[2mFileGenerator Copy Operations[2m > [22m[2mshould copy a file
[22m[39m[INFO] Created directory: /opt/homebrew/var/www/Sites/zintrust/tests/cli/test-scaffold 
[INFO] Created file: /opt/homebrew/var/www/Sites/zintrust/tests/cli/test-scaffold/source.txt 
[INFO] Copied file: /opt/homebrew/var/www/Sites/zintrust/tests/cli/test-scaffold/source.txt â†’ /opt/homebrew/var/www/Sites/zintrust/tests/cli/test-scaffold/dest.txt 

[90mstdout[2m | tests/cli/FeatureScaffolder.test.ts[2m > [22m[2mFeatureScaffolder Specialized Templates[2m > [22m[2mshould generate logging feature with log methods
[22m[39m[INFO] Created directory: /opt/homebrew/var/www/Sites/zintrust/tests/cli/test-features/test-service/src/features/logging 
[INFO] Created file: /opt/homebrew/var/www/Sites/zintrust/tests/cli/test-features/test-service/src/features/logging/index.ts 
[INFO] Created file: /opt/homebrew/var/www/Sites/zintrust/tests/cli/test-features/test-service/src/features/logging/README.md 
[INFO] âœ… Added feature 'logging' with 2 files 

[90mstdout[2m | tests/cli/FeatureScaffolder.test.ts[2m > [22m[2mFeatureScaffolder Specialized Templates[2m > [22m[2mshould generate api-docs feature
[22m[39m[INFO] Created directory: /opt/homebrew/var/www/Sites/zintrust/tests/cli/test-features/test-service/src/features/api-docs 
[INFO] Created file: /opt/homebrew/var/www/Sites/zintrust/tests/cli/test-features/test-service/src/features/api-docs/index.ts 
[INFO] Created file: /opt/homebrew/var/www/Sites/zintrust/tests/cli/test-features/test-service/src/features/api-docs/README.md 
[INFO] âœ… Added feature 'api-docs' with 2 files 

[90mstdout[2m | tests/cli/FileGenerator.test.ts[2m > [22m[2mFileGenerator Copy Operations[2m > [22m[2mshould create parent directories when copying
[22m[39m[INFO] Created directory: /opt/homebrew/var/www/Sites/zintrust/tests/cli/test-scaffold 
[INFO] Created file: /opt/homebrew/var/www/Sites/zintrust/tests/cli/test-scaffold/source.txt 
[INFO] Created directory: /opt/homebrew/var/www/Sites/zintrust/tests/cli/test-scaffold/nested/path 
[INFO] Copied file: /opt/homebrew/var/www/Sites/zintrust/tests/cli/test-scaffold/source.txt â†’ /opt/homebrew/var/www/Sites/zintrust/tests/cli/test-scaffold/nested/path/dest.txt 

[90mstdout[2m | tests/cli/FileGenerator.test.ts[2m > [22m[2mFileGenerator Copy Operations[2m > [22m[2mshould throw for non-existing source
[22m[39m[INFO] Created directory: /opt/homebrew/var/www/Sites/zintrust/tests/cli/test-scaffold 

[90mstdout[2m | tests/cli/FileGenerator.test.ts[2m > [22m[2mFileGenerator Size Operations[2m > [22m[2mshould calculate directory size
[22m[39m[INFO] Created directory: /opt/homebrew/var/www/Sites/zintrust/tests/cli/test-scaffold 
[INFO] Created file: /opt/homebrew/var/www/Sites/zintrust/tests/cli/test-scaffold/file.txt 

[90mstdout[2m | tests/cli/FileGenerator.test.ts[2m > [22m[2mFileGenerator Size Operations[2m > [22m[2mshould calculate size recursively
[22m[39m[INFO] Created directory: /opt/homebrew/var/www/Sites/zintrust/tests/cli/test-scaffold 
[INFO] Created file: /opt/homebrew/var/www/Sites/zintrust/tests/cli/test-scaffold/file1.txt 
[INFO] Created directory: /opt/homebrew/var/www/Sites/zintrust/tests/cli/test-scaffold/sub 
[INFO] Created file: /opt/homebrew/var/www/Sites/zintrust/tests/cli/test-scaffold/sub/file2.txt 

[90mstdout[2m | tests/cli/ControllerGenerator.test.ts[2m > [22m[2mControllerGenerator CRUD and Resource[2m > [22m[2mshould generate CRUD controller
[22m[39m[INFO] Created file: /opt/homebrew/var/www/Sites/zintrust/tests/tmp/controllers/UserController.ts 
[INFO] âœ… Generated controller: UserController 

 [32mâœ“[39m tests/cli/FeatureScaffolder.test.ts [2m([22m[2m17 tests[22m[2m)[22m[32m 70[2mms[22m[39m
 [32mâœ“[39m tests/cli/FileGenerator.test.ts [2m([22m[2m35 tests[22m[2m)[22m[32m 66[2mms[22m[39m
[90mstdout[2m | tests/cli/ControllerGenerator.test.ts[2m > [22m[2mControllerGenerator CRUD and Resource[2m > [22m[2mshould generate resource controller
[22m[39m[INFO] Created file: /opt/homebrew/var/www/Sites/zintrust/tests/tmp/controllers/PostController.ts 
[INFO] âœ… Generated controller: PostController 

 [32mâœ“[39m tests/unit/runtime/LambdaAdapter.test.ts [2m([22m[2m15 tests[22m[2m)[22m[32m 116[2mms[22m[39m
[90mstdout[2m | tests/cli/ControllerGenerator.test.ts[2m > [22m[2mControllerGenerator API and GraphQL[2m > [22m[2mshould generate API controller
[22m[39m[INFO] Created file: /opt/homebrew/var/www/Sites/zintrust/tests/tmp/controllers/ApiController.ts 
[INFO] âœ… Generated controller: ApiController 

 [32mâœ“[39m tests/unit/functions/lambda.test.ts [2m([22m[2m2 tests[22m[2m)[22m[32m 85[2mms[22m[39m
[90mstdout[2m | tests/cli/ControllerGenerator.test.ts[2m > [22m[2mControllerGenerator API and GraphQL[2m > [22m[2mshould generate GraphQL controller
[22m[39m[INFO] Created file: /opt/homebrew/var/www/Sites/zintrust/tests/tmp/controllers/GraphQLController.ts 
[INFO] âœ… Generated controller: GraphQLController 

[90mstdout[2m | tests/cli/ControllerGenerator.test.ts[2m > [22m[2mControllerGenerator WebSocket and Webhook[2m > [22m[2mshould generate WebSocket controller
[22m[39m[INFO] Created file: /opt/homebrew/var/www/Sites/zintrust/tests/tmp/controllers/WebSocketController.ts 
[INFO] âœ… Generated controller: WebSocketController 

[90mstdout[2m | tests/cli/ControllerGenerator.test.ts[2m > [22m[2mControllerGenerator Webhook[2m > [22m[2mshould generate Webhook controller
[22m[39m[INFO] Created file: /opt/homebrew/var/www/Sites/zintrust/tests/tmp/controllers/WebhookController.ts 
[INFO] âœ… Generated controller: WebhookController 

[90mstdout[2m | tests/cli/ControllerGenerator.test.ts[2m > [22m[2mControllerGenerator Webhook[2m > [22m[2mshould include error handling in CRUD controller
[22m[39m[INFO] Created file: /opt/homebrew/var/www/Sites/zintrust/tests/tmp/controllers/UserController.ts 
[INFO] âœ… Generated controller: UserController 

[90mstdout[2m | tests/cli/ControllerGenerator.test.ts[2m > [22m[2mControllerGenerator Edge Cases[2m > [22m[2mshould generate controller with custom methods
[22m[39m[INFO] Created file: /opt/homebrew/var/www/Sites/zintrust/tests/tmp/controllers/CustomController.ts 
[INFO] âœ… Generated controller: CustomController 

[90mstdout[2m | tests/cli/ControllerGenerator.test.ts[2m > [22m[2mControllerGenerator Batch Operations[2m > [22m[2mshould generate multiple controllers in same directory
[22m[39m[INFO] Created file: /opt/homebrew/var/www/Sites/zintrust/tests/tmp/controllers/UserController.ts 
[INFO] âœ… Generated controller: UserController 
[INFO] Created file: /opt/homebrew/var/www/Sites/zintrust/tests/tmp/controllers/PostController.ts 
[INFO] âœ… Generated controller: PostController 
[INFO] Created file: /opt/homebrew/var/www/Sites/zintrust/tests/tmp/controllers/AdminController.ts 
[INFO] âœ… Generated controller: AdminController 

[90mstdout[2m | tests/cli/ControllerGenerator.test.ts[2m > [22m[2mControllerGenerator Batch Operations[2m > [22m[2mshould default to resource type if not specified
[22m[39m[INFO] Created file: /opt/homebrew/var/www/Sites/zintrust/tests/tmp/controllers/DefaultController.ts 
[INFO] âœ… Generated controller: DefaultController 

[90mstderr[2m | tests/unit/cli/StartCommand.test.ts[2m > [22m[2mStartCommand[2m > [22m[2merrors if both --watch and --no-watch are provided
[22m[39m[ERROR] Command execution failed Error: Cannot use both --watch and --no-watch.

[90mstderr[2m | tests/unit/cli/StartCommand.test.ts[2m > [22m[2mStartCommand[2m > [22m[2merrors in testing mode
[22m[39m[ERROR] Command execution failed Error: Cannot start server in testing mode. Use --force to override (not supported).

[90mstderr[2m | tests/unit/cli/StartCommand.test.ts[2m > [22m[2mStartCommand[2m > [22m[2merrors in production mode when dist bootstrap is missing
[22m[39m[ERROR] Command execution failed Error: Compiled app not found at dist/src/boot/bootstrap.js Run 'npm run build' first.

[90mstderr[2m | tests/unit/cli/StartCommand.test.ts[2m > [22m[2mStartCommand[2m > [22m[2mstarts tsx watch src/boot/bootstrap.ts in framework repo development mode
[22m[39m[ERROR] Command execution failed Error: Compiled app not found at dist/src/boot/bootstrap.js Run 'npm run build' first.

 [32mâœ“[39m tests/cli/ControllerGenerator.test.ts [2m([22m[2m17 tests[22m[2m)[22m[32m 143[2mms[22m[39m
 [32mâœ“[39m tests/unit/cli/StartCommand.test.ts [2m([22m[2m6 tests[22m[2m)[22m[32m 63[2mms[22m[39m
[90mstderr[2m | tests/unit/runtime/CloudflareAdapter.test.ts[2m > [22m[2mCloudflareAdapter[2m > [22m[2mhandle should include error details when NODE_ENV=development
[22m[39m[ERROR] Cloudflare handler error boom

 [32mâœ“[39m tests/unit/runtime/CloudflareAdapter.test.ts [2m([22m[2m8 tests[22m[2m)[22m[32m 39[2mms[22m[39m
 [32mâœ“[39m tests/unit/cli/commands/FixCommand.test.ts [2m([22m[2m39 tests[22m[2m)[22m[32m 133[2mms[22m[39m
 [32mâœ“[39m tests/unit/microservices/PostgresAdapter.test.ts [2m([22m[2m9 tests[22m[2m)[22m[32m 24[2mms[22m[39m
 [32mâœ“[39m tests/unit/Application.test.ts [2m([22m[2m6 tests[22m[2m)[22m[32m 70[2mms[22m[39m
 [32mâœ“[39m tests/unit/cli/EnvFileLoader.test.ts [2m([22m[2m11 tests[22m[2m)[22m[32m 122[2mms[22m[39m
 [32mâœ“[39m tests/common/CommonUtils.test.ts [2m([22m[2m72 tests[22m[2m)[22m[32m 66[2mms[22m[39m
 [32mâœ“[39m tests/unit/cli/commands/QACommand.test.ts [2m([22m[2m66 tests[22m[2m)[22m[32m 125[2mms[22m[39m
[90mstdout[2m | tests/unit/cli/commands/AddCommand.test.ts[2m > [22m[2mAddCommand[2m > [22m[2mexecute[2m > [22m[2mshould handle service creation
[22m[39m[INFO] [i] Creating service: users... 

[90mstdout[2m | tests/unit/cli/commands/AddCommand.test.ts[2m > [22m[2mAddCommand[2m > [22m[2mexecute[2m > [22m[2mshould handle service creation
[22m[39m[INFO] [âœ“] Service 'users' created successfully! 
[INFO] [i] 
Files created: 1 
[INFO] [i] Location: /path 
[INFO] [i] 
Next steps:
  â€¢ Update service.config.json
  â€¢ Add environment variables
  â€¢ Create routes and controllers 

[90mstdout[2m | tests/unit/cli/commands/AddCommand.test.ts[2m > [22m[2mAddCommand[2m > [22m[2mexecute[2m > [22m[2mshould handle interactive service creation
[22m[39m[INFO] [i] Creating service: users... 

[90mstdout[2m | tests/unit/cli/commands/AddCommand.test.ts[2m > [22m[2mAddCommand[2m > [22m[2mexecute[2m > [22m[2mshould handle interactive service creation
[22m[39m[INFO] [âœ“] Service 'users' created successfully! 
[INFO] [i] 
Files created: 1 
[INFO] [i] Location: /path 
[INFO] [i] 
Next steps:
  â€¢ Update service.config.json
  â€¢ Add environment variables
  â€¢ Create routes and controllers 

[90mstdout[2m | tests/unit/cli/commands/AddCommand.test.ts[2m > [22m[2mAddCommand[2m > [22m[2mexecute[2m > [22m[2mshould handle feature creation
[22m[39m[INFO] [i] Adding feature: auth... 
[INFO] [âœ“] Feature 'auth' added successfully! 
[INFO] [i] Files created: 0 
[INFO] [i] 
Next steps:
  â€¢ Integrate feature in service
  â€¢ Update routes if needed
  â€¢ Add to configuration 

[90mstdout[2m | tests/unit/cli/commands/AddCommand.test.ts[2m > [22m[2mAddCommand[2m > [22m[2mexecute[2m > [22m[2mshould handle interactive feature creation
[22m[39m[INFO] [i] Adding feature: auth... 
[INFO] [âœ“] Feature 'auth' added successfully! 
[INFO] [i] Files created: 0 
[INFO] [i] 
Next steps:
  â€¢ Integrate feature in service
  â€¢ Update routes if needed
  â€¢ Add to configuration 

[90mstdout[2m | tests/unit/cli/commands/AddCommand.test.ts[2m > [22m[2mAddCommand[2m > [22m[2mexecute[2m > [22m[2mshould handle migration creation
[22m[39m[INFO] [i] Creating migration: create_users_table... 

[90mstdout[2m | tests/unit/cli/commands/AddCommand.test.ts[2m > [22m[2mAddCommand[2m > [22m[2mexecute[2m > [22m[2mshould handle migration creation
[22m[39m[INFO] [âœ“] Migration created successfully! 
[INFO] [i] File: migration.ts 
[INFO] [i] 
Next steps:
  â€¢ Edit migration file
  â€¢ Add up() and down() implementations
  â€¢ Run migrations 

[90mstdout[2m | tests/unit/cli/commands/AddCommand.test.ts[2m > [22m[2mAddCommand[2m > [22m[2mexecute[2m > [22m[2mshould handle interactive migration creation
[22m[39m[INFO] [i] Creating migration: create_users_table... 

[90mstdout[2m | tests/unit/cli/commands/AddCommand.test.ts[2m > [22m[2mAddCommand[2m > [22m[2mexecute[2m > [22m[2mshould handle interactive migration creation
[22m[39m[INFO] [âœ“] Migration created successfully! 
[INFO] [i] File: migration.ts 
[INFO] [i] 
Next steps:
  â€¢ Edit migration file
  â€¢ Add up() and down() implementations
  â€¢ Run migrations 

[90mstdout[2m | tests/unit/cli/commands/AddCommand.test.ts[2m > [22m[2mAddCommand[2m > [22m[2mexecute[2m > [22m[2mshould handle model creation
[22m[39m[INFO] [i] Creating model: User... 

[90mstdout[2m | tests/unit/cli/commands/AddCommand.test.ts[2m > [22m[2mAddCommand[2m > [22m[2mexecute[2m > [22m[2mshould handle model creation
[22m[39m[INFO] [âœ“] Model 'User' created successfully! 
[INFO] [i] File: User.ts 
[INFO] [i] 
Next steps:
  â€¢ Add fillable attributes
  â€¢ Define relationships
  â€¢ Create migration for table 

[90mstdout[2m | tests/unit/cli/commands/AddCommand.test.ts[2m > [22m[2mAddCommand[2m > [22m[2mexecute[2m > [22m[2mshould handle interactive model creation
[22m[39m[INFO] [i] Creating model: User... 

[90mstdout[2m | tests/unit/cli/commands/AddCommand.test.ts[2m > [22m[2mAddCommand[2m > [22m[2mexecute[2m > [22m[2mshould handle interactive model creation
[22m[39m[INFO] [âœ“] Model 'User' created successfully! 
[INFO] [i] File: User.ts 
[INFO] [i] 
Next steps:
  â€¢ Add fillable attributes
  â€¢ Define relationships
  â€¢ Create migration for table 

[90mstdout[2m | tests/unit/cli/commands/AddCommand.test.ts[2m > [22m[2mAddCommand[2m > [22m[2mexecute[2m > [22m[2mshould handle controller creation
[22m[39m[INFO] [i] Creating controller: UserController... 

[90mstdout[2m | tests/unit/cli/commands/AddCommand.test.ts[2m > [22m[2mAddCommand[2m > [22m[2mexecute[2m > [22m[2mshould handle controller creation
[22m[39m[INFO] [âœ“] Controller 'UserController' created successfully! 
[INFO] [i] File: UserController.ts 
[INFO] [i] 
Next steps:
  â€¢ Implement action methods
  â€¢ Add validation logic
  â€¢ Register routes for this controller 

[90mstdout[2m | tests/unit/cli/commands/AddCommand.test.ts[2m > [22m[2mAddCommand[2m > [22m[2mexecute[2m > [22m[2mshould handle interactive controller creation
[22m[39m[INFO] [i] Creating controller: UserController... 

[90mstdout[2m | tests/unit/cli/commands/AddCommand.test.ts[2m > [22m[2mAddCommand[2m > [22m[2mexecute[2m > [22m[2mshould handle interactive controller creation
[22m[39m[INFO] [âœ“] Controller 'UserController' created successfully! 
[INFO] [i] File: UserController.ts 
[INFO] [i] 
Next steps:
  â€¢ Implement action methods
  â€¢ Add validation logic
  â€¢ Register routes for this controller 

[90mstdout[2m | tests/unit/cli/commands/AddCommand.test.ts[2m > [22m[2mAddCommand[2m > [22m[2mexecute[2m > [22m[2mshould handle routes creation
[22m[39m[INFO] [i] Creating routes: api... 

[90mstdout[2m | tests/unit/cli/commands/AddCommand.test.ts[2m > [22m[2mAddCommand[2m > [22m[2mexecute[2m > [22m[2mshould handle routes creation
[22m[39m[INFO] [âœ“] Routes file 'api' created successfully! 
[INFO] [i] File: api.ts 
[INFO] [i] 
Next steps:
  â€¢ Add route definitions
  â€¢ Import controllers
  â€¢ Register in main router 

[90mstdout[2m | tests/unit/cli/commands/AddCommand.test.ts[2m > [22m[2mAddCommand[2m > [22m[2mexecute[2m > [22m[2mshould handle interactive routes creation
[22m[39m[INFO] [i] Creating routes: api... 

[90mstdout[2m | tests/unit/cli/commands/AddCommand.test.ts[2m > [22m[2mAddCommand[2m > [22m[2mexecute[2m > [22m[2mshould handle interactive routes creation
[22m[39m[INFO] [âœ“] Routes file 'api' created successfully! 
[INFO] [i] File: api.ts 
[INFO] [i] 
Next steps:
  â€¢ Add route definitions
  â€¢ Import controllers
  â€¢ Register in main router 

[90mstdout[2m | tests/unit/cli/commands/AddCommand.test.ts[2m > [22m[2mAddCommand[2m > [22m[2mexecute[2m > [22m[2mshould handle factory creation
[22m[39m[INFO] [i] Creating factory: UserFactory for model User... 

[90mstdout[2m | tests/unit/cli/commands/AddCommand.test.ts[2m > [22m[2mAddCommand[2m > [22m[2mexecute[2m > [22m[2mshould handle factory creation
[22m[39m[INFO] [âœ“] Factory 'UserFactory' created successfully! 
[INFO] [i] File: UserFactory.ts 
[INFO] [i] 
Usage in tests:
  const user = new UserFactory().create();
  const users = new UserFactory().count(10).create(); 
[INFO] [i] 
Available states:
  â€¢ active() - for published/active data
  â€¢ inactive() - for draft/inactive data
  â€¢ deleted() - for soft-deleted data 

[90mstdout[2m | tests/unit/cli/commands/AddCommand.test.ts[2m > [22m[2mAddCommand[2m > [22m[2mexecute[2m > [22m[2mshould handle interactive factory creation with relationships
[22m[39m[INFO] [i] Creating factory: UserFactory for model User... 

[90mstdout[2m | tests/unit/cli/commands/AddCommand.test.ts[2m > [22m[2mAddCommand[2m > [22m[2mexecute[2m > [22m[2mshould handle interactive factory creation with relationships
[22m[39m[INFO] [âœ“] Factory 'UserFactory' created successfully! 
[INFO] [i] File: UserFactory.ts 
[INFO] [i] 
Usage in tests:
  const user = new UserFactory().create();
  const users = new UserFactory().count(10).create(); 
[INFO] [i] 
Available states:
  â€¢ active() - for published/active data
  â€¢ inactive() - for draft/inactive data
  â€¢ deleted() - for soft-deleted data 

 [32mâœ“[39m tests/unit/microservices/ServiceAuthMiddleware.test.ts [2m([22m[2m12 tests[22m[2m)[22m[32m 76[2mms[22m[39m
[90mstdout[2m | tests/unit/cli/commands/AddCommand.test.ts[2m > [22m[2mAddCommand[2m > [22m[2mexecute[2m > [22m[2mshould handle seeder creation
[22m[39m[INFO] [i] Creating seeder: UserSeeder for model User... 

[90mstdout[2m | tests/unit/cli/commands/AddCommand.test.ts[2m > [22m[2mAddCommand[2m > [22m[2mexecute[2m > [22m[2mshould handle seeder creation
[22m[39m[INFO] [âœ“] Seeder 'UserSeeder' created successfully! 
[INFO] [i] File: UserSeeder.ts 
[INFO] [i] 
Usage in migrations or database seeds:
  await UserSeeder.run()          // Run with 100 records
  await UserSeeder.getRecords()   // Get records without inserting 
[INFO] [i] 
Other methods:
  await UserSeeder.reset()            // Truncate table
  await UserSeeder.runWithTruncate()  // Reset and seed 

[90mstdout[2m | tests/unit/cli/commands/AddCommand.test.ts[2m > [22m[2mAddCommand[2m > [22m[2mexecute[2m > [22m[2mshould handle interactive seeder creation
[22m[39m[INFO] [i] Creating seeder: UserSeeder for model User... 

[90mstdout[2m | tests/unit/cli/commands/AddCommand.test.ts[2m > [22m[2mAddCommand[2m > [22m[2mexecute[2m > [22m[2mshould handle interactive seeder creation
[22m[39m[INFO] [âœ“] Seeder 'UserSeeder' created successfully! 
[INFO] [i] File: UserSeeder.ts 
[INFO] [i] 
Usage in migrations or database seeds:
  await UserSeeder.run()          // Run with 50 records
  await UserSeeder.getRecords()   // Get records without inserting 
[INFO] [i] 
With state distribution:
  await UserSeeder.seedWithStates()     // 50% active, 30% inactive, 20% deleted 
[INFO] [i] 
With relationships:
  await UserSeeder.seedWithRelationships()  // Seed with related data 
[INFO] [i] 
Other methods:
  await UserSeeder.reset()            // Truncate table
  await UserSeeder.runWithTruncate()  // Reset and seed 

[90mstdout[2m | tests/unit/cli/commands/AddCommand.test.ts[2m > [22m[2mAddCommand[2m > [22m[2mexecute[2m > [22m[2mshould handle requestfactory creation
[22m[39m[INFO] [âœ“] Request factory 'CreateUserRequestFactory' created successfully! 
[INFO] [i] Factory: CreateUserRequestFactory.ts 
[INFO] [i] DTO: CreateUserRequest.ts 
[INFO] [i] 
Usage in tests:
  const request = CreateUserRequestFactory.create()           // Create single request
  const requests = CreateUserRequestFactory.times(5).makeMany() // Create multiple requests
  const invalid = CreateUserRequestFactory.create().state('invalid').make() // Test validation 

[90mstdout[2m | tests/unit/cli/commands/AddCommand.test.ts[2m > [22m[2mAddCommand[2m > [22m[2mexecute[2m > [22m[2mshould handle interactive requestfactory creation
[22m[39m[INFO] [âœ“] Request factory 'CreateUserRequestFactory' created successfully! 
[INFO] [i] Factory: CreateUserRequestFactory.ts 
[INFO] [i] 
Usage in tests:
  const request = CreateUserRequestFactory.create()           // Create single request
  const requests = CreateUserRequestFactory.times(5).makeMany() // Create multiple requests
  const invalid = CreateUserRequestFactory.create().state('invalid').make() // Test validation 

[90mstdout[2m | tests/unit/cli/commands/AddCommand.test.ts[2m > [22m[2mAddCommand[2m > [22m[2mexecute[2m > [22m[2mshould handle responsefactory creation
[22m[39m[INFO] [âœ“] Response factory 'UserResponseFactory' created successfully! 
[INFO] [i] Factory: UserResponseFactory.ts 
[INFO] [i] DTO: UserResponse.ts 
[INFO] [i] 
Usage in tests:
  const response = UserResponseFactory.create()           // Create single response
  const responses = UserResponseFactory.times(5).makeMany() // Create multiple responses
  const error = UserResponseFactory.create().state('error').make() // Test error responses 

[90mstdout[2m | tests/unit/cli/commands/AddCommand.test.ts[2m > [22m[2mAddCommand[2m > [22m[2mexecute[2m > [22m[2mshould handle interactive responsefactory creation
[22m[39m[INFO] [âœ“] Response factory 'UserResponseFactory' created successfully! 
[INFO] [i] Factory: UserResponseFactory.ts 
[INFO] [i] 
Usage in tests:
  const response = UserResponseFactory.create()           // Create single response
  const responses = UserResponseFactory.times(5).makeMany() // Create multiple responses
  const error = UserResponseFactory.create().state('error').make() // Test error responses 

[90mstdout[2m | tests/unit/cli/commands/AddCommand.test.ts[2m > [22m[2mAddCommand[2m > [22m[2mexecute[2m > [22m[2mshould handle paginated responsefactory creation
[22m[39m[INFO] [âœ“] Response factory 'UserResponseFactory' created successfully! 
[INFO] [i] Factory: UserResponseFactory.ts 
[INFO] [i] 
Usage in tests:
  const response = UserResponseFactory.create()           // Create single response
  const responses = UserResponseFactory.times(5).makeMany() // Create multiple responses
  const error = UserResponseFactory.create().state('error').make() // Test error responses 

[90mstdout[2m | tests/unit/cli/commands/AddCommand.test.ts[2m > [22m[2mAddCommand[2m > [22m[2mexecute[2m > [22m[2mshould handle workflow creation
[22m[39m[INFO] [i] Generating workflow: deploy... 

[90mstdout[2m | tests/unit/cli/commands/AddCommand.test.ts[2m > [22m[2mAddCommand[2m > [22m[2mexecute[2m > [22m[2mshould handle workflow creation
[22m[39m[INFO] [âœ“] Success 

[90mstdout[2m | tests/unit/cli/commands/AddCommand.test.ts[2m > [22m[2mAddCommand[2m > [22m[2mexecute[2m > [22m[2mshould handle interactive workflow creation
[22m[39m[INFO] [i] Generating workflow: deploy... 

[90mstdout[2m | tests/unit/cli/commands/AddCommand.test.ts[2m > [22m[2mAddCommand[2m > [22m[2mexecute[2m > [22m[2mshould handle interactive workflow creation
[22m[39m[INFO] [âœ“] Success 

[90mstderr[2m | tests/unit/cli/commands/AddCommand.test.ts[2m > [22m[2mAddCommand[2m > [22m[2mexecute[2m > [22m[2mshould throw error for unknown type
[22m[39m[WARN] [!] Failed: Unknown type "unknown". Use: service, feature, migration, model, controller, routes, factory, seeder, requestfactory, responsefactory, or workflow 

[90mstderr[2m | tests/unit/cli/commands/AddCommand.test.ts[2m > [22m[2mAddCommand[2m > [22m[2mexecute[2m > [22m[2mshould throw error when service name is missing in no-interactive mode
[22m[39m[WARN] [!] Failed: Service name is required 

[90mstderr[2m | tests/unit/cli/commands/AddCommand.test.ts[2m > [22m[2mAddCommand[2m > [22m[2mexecute[2m > [22m[2mshould throw error when feature name is missing in no-interactive mode
[22m[39m[WARN] [!] Failed: Feature name is required 

[90mstderr[2m | tests/unit/cli/commands/AddCommand.test.ts[2m > [22m[2mAddCommand[2m > [22m[2mexecute[2m > [22m[2mshould throw error when migration name is missing in no-interactive mode
[22m[39m[WARN] [!] Failed: Migration name is required 

[90mstderr[2m | tests/unit/cli/commands/AddCommand.test.ts[2m > [22m[2mAddCommand[2m > [22m[2mexecute[2m > [22m[2mshould throw error when model name is required for factory
[22m[39m[WARN] [!] Failed: Model name is required for factory generation 

[90mstdout[2m | tests/unit/cli/commands/AddCommand.test.ts[2m > [22m[2mAddCommand[2m > [22m[2mexecute[2m > [22m[2mshould throw error when generator fails
[22m[39m[INFO] [i] Creating service: users... 

[90mstderr[2m | tests/unit/cli/commands/AddCommand.test.ts[2m > [22m[2mAddCommand[2m > [22m[2mexecute[2m > [22m[2mshould throw error when generator fails
[22m[39m[WARN] [!] Failed: Scaffold failed 

[90mstdout[2m | tests/unit/cli/commands/AddCommand.test.ts[2m > [22m[2mAddCommand[2m > [22m[2mexecute[2m > [22m[2mshould handle request-factory alias
[22m[39m[INFO] [âœ“] Request factory 'MyFactory' created successfully! 
[INFO] [i] Factory: path 
[INFO] [i] 
Usage in tests:
  const request = MyFactory.create()           // Create single request
  const requests = MyFactory.times(5).makeMany() // Create multiple requests
  const invalid = MyFactory.create().state('invalid').make() // Test validation 

[90mstdout[2m | tests/unit/cli/commands/AddCommand.test.ts[2m > [22m[2mAddCommand[2m > [22m[2mexecute[2m > [22m[2mshould handle response-factory alias
[22m[39m[INFO] [âœ“] Response factory 'MyFactory' created successfully! 
[INFO] [i] Factory: path 
[INFO] [i] 
Usage in tests:
  const response = MyFactory.create()           // Create single response
  const responses = MyFactory.times(5).makeMany() // Create multiple responses
  const error = MyFactory.create().state('error').make() // Test error responses 

[90mstderr[2m | tests/unit/cli/commands/AddCommand.test.ts[2m > [22m[2mAddCommand[2m > [22m[2mexecute[2m > [22m[2mshould throw error when type is missing
[22m[39m[WARN] [!] Failed: Please specify what to add: service, feature, migration, model, controller, routes, factory, or seeder 

[90mstderr[2m | tests/unit/cli/commands/AddCommand.test.ts[2m > [22m[2mAddCommand[2m > [22m[2mexecute[2m > [22m[2mshould handle seeder with no model name in no-interactive mode
[22m[39m[WARN] [!] Failed: Model name is required for seeder generation 

[90mstderr[2m | tests/unit/cli/commands/AddCommand.test.ts[2m > [22m[2mAddCommand[2m > [22m[2mexecute[2m > [22m[2mshould handle factory with no model name in no-interactive mode
[22m[39m[WARN] [!] Failed: Model name is required for factory generation 

[90mstderr[2m | tests/unit/cli/commands/AddCommand.test.ts[2m > [22m[2mAddCommand[2m > [22m[2mexecute[2m > [22m[2mshould handle feature with no service path in no-interactive mode
[22m[39m[WARN] [!] Failed: Service path is required 

[90mstderr[2m | tests/unit/cli/commands/AddCommand.test.ts[2m > [22m[2mAddCommand[2m > [22m[2mexecute[2m > [22m[2mshould handle model with no name in no-interactive mode
[22m[39m[WARN] [!] Failed: Model name is required 

[90mstderr[2m | tests/unit/cli/commands/AddCommand.test.ts[2m > [22m[2mAddCommand[2m > [22m[2mexecute[2m > [22m[2mshould handle controller with no name in no-interactive mode
[22m[39m[WARN] [!] Failed: Controller name is required 

[90mstderr[2m | tests/unit/cli/commands/AddCommand.test.ts[2m > [22m[2mAddCommand[2m > [22m[2mexecute[2m > [22m[2mshould handle routes with no name in no-interactive mode
[22m[39m[WARN] [!] Failed: Route group name is required 

[90mstderr[2m | tests/unit/cli/commands/AddCommand.test.ts[2m > [22m[2mAddCommand[2m > [22m[2mexecute[2m > [22m[2mshould handle requestfactory with no name in no-interactive mode
[22m[39m[WARN] [!] Failed: Factory name is required 

[90mstderr[2m | tests/unit/cli/commands/AddCommand.test.ts[2m > [22m[2mAddCommand[2m > [22m[2mexecute[2m > [22m[2mshould handle responsefactory with no name in no-interactive mode
[22m[39m[WARN] [!] Failed: Factory name is required 

[90mstdout[2m | tests/unit/cli/commands/AddCommand.test.ts[2m > [22m[2mAddCommand[2m > [22m[2mexecute[2m > [22m[2mshould add a response factory with error type
[22m[39m[INFO] [âœ“] Response factory 'ErrorResponseFactory' created successfully! 
[INFO] [i] Factory: path 
[INFO] [i] 
Usage in tests:
  const response = ErrorResponseFactory.create()           // Create single response
  const responses = ErrorResponseFactory.times(5).makeMany() // Create multiple responses
  const error = ErrorResponseFactory.create().state('error').make() // Test error responses 

[90mstdout[2m | tests/unit/cli/commands/AddCommand.test.ts[2m > [22m[2mAddCommand[2m > [22m[2mexecute[2m > [22m[2mshould add a response factory with paginated type
[22m[39m[INFO] [âœ“] Response factory 'PaginatedResponseFactory' created successfully! 
[INFO] [i] Factory: path 
[INFO] [i] 
Usage in tests:
  const response = PaginatedResponseFactory.create()           // Create single response
  const responses = PaginatedResponseFactory.times(5).makeMany() // Create multiple responses
  const error = PaginatedResponseFactory.create().state('error').make() // Test error responses 

[90mstdout[2m | tests/unit/cli/commands/AddCommand.test.ts[2m > [22m[2mAddCommand[2m > [22m[2mexecute[2m > [22m[2mshould add a workflow with specific platform
[22m[39m[INFO] [i] Generating workflow: deploy... 

[90mstdout[2m | tests/unit/cli/commands/AddCommand.test.ts[2m > [22m[2mAddCommand[2m > [22m[2mexecute[2m > [22m[2mshould add a workflow with specific platform
[22m[39m[INFO] [âœ“] Success 

[90mstdout[2m | tests/unit/cli/commands/AddCommand.test.ts[2m > [22m[2mAddCommand[2m > [22m[2mexecute[2m > [22m[2mshould add a workflow with all platforms
[22m[39m[INFO] [i] Generating workflow: deploy... 

[90mstdout[2m | tests/unit/cli/commands/AddCommand.test.ts[2m > [22m[2mAddCommand[2m > [22m[2mexecute[2m > [22m[2mshould add a workflow with all platforms
[22m[39m[INFO] [âœ“] Success 

[90mstdout[2m | tests/unit/cli/commands/AddCommand.test.ts[2m > [22m[2mAddCommand[2m > [22m[2mexecute[2m > [22m[2mshould handle unexpected errors in executeAdd
[22m[39m[INFO] [i] Creating service: TestService... 

[90mstderr[2m | tests/unit/cli/commands/AddCommand.test.ts[2m > [22m[2mAddCommand[2m > [22m[2mexecute[2m > [22m[2mshould handle unexpected errors in executeAdd
[22m[39m[WARN] [!] Failed: Unexpected error 

[90mstdout[2m | tests/unit/cli/commands/AddCommand.test.ts[2m > [22m[2mAddCommand[2m > [22m[2mInternal Helpers & Validators[2m > [22m[2mshould handle factory generator failure
[22m[39m[INFO] [i] Creating factory: UserFactory for model User... 

[90mstderr[2m | tests/unit/cli/commands/AddCommand.test.ts[2m > [22m[2mAddCommand[2m > [22m[2mInternal Helpers & Validators[2m > [22m[2mshould handle factory generator failure
[22m[39m[WARN] [!] Failed: Factory generation failed 

[90mstdout[2m | tests/unit/cli/commands/AddCommand.test.ts[2m > [22m[2mAddCommand[2m > [22m[2mInternal Helpers & Validators[2m > [22m[2mshould handle seeder generator failure
[22m[39m[INFO] [i] Creating seeder: UserSeeder for model User... 

[90mstderr[2m | tests/unit/cli/commands/AddCommand.test.ts[2m > [22m[2mAddCommand[2m > [22m[2mInternal Helpers & Validators[2m > [22m[2mshould handle seeder generator failure
[22m[39m[WARN] [!] Failed: Seeder generation failed 

[90mstdout[2m | tests/unit/cli/commands/AddCommand.test.ts[2m > [22m[2mAddCommand[2m > [22m[2mInternal Helpers & Validators[2m > [22m[2mshould create directory if it does not exist
[22m[39m[INFO] [i] Creating seeder: UserSeeder for model User... 

[90mstdout[2m | tests/unit/cli/commands/AddCommand.test.ts[2m > [22m[2mAddCommand[2m > [22m[2mInternal Helpers & Validators[2m > [22m[2mshould create directory if it does not exist
[22m[39m[INFO] [âœ“] Seeder 'UserSeeder' created successfully! 
[INFO] [i] File: seeder.ts 
[INFO] [i] 
Usage in migrations or database seeds:
  await UserSeeder.run()          // Run with 100 records
  await UserSeeder.getRecords()   // Get records without inserting 
[INFO] [i] 
Other methods:
  await UserSeeder.reset()            // Truncate table
  await UserSeeder.runWithTruncate()  // Reset and seed 

[90mstderr[2m | tests/unit/cli/commands/AddCommand.test.ts[2m > [22m[2mAddCommand[2m > [22m[2mInternal Helpers & Validators[2m > [22m[2mshould throw error when factory name is missing in no-interactive mode
[22m[39m[WARN] [!] Failed: Factory name is required 

[90mstderr[2m | tests/unit/cli/commands/AddCommand.test.ts[2m > [22m[2mAddCommand[2m > [22m[2mInternal Helpers & Validators[2m > [22m[2mshould throw error when seeder name is missing in no-interactive mode
[22m[39m[WARN] [!] Failed: Seeder name is required 

 [32mâœ“[39m tests/unit/config/security.test.ts [2m([22m[2m3 tests[22m[2m)[22m[32m 14[2mms[22m[39m
 [32mâœ“[39m tests/unit/cli/commands/AddCommand.test.ts [2m([22m[2m62 tests[22m[2m)[22m[32m 76[2mms[22m[39m
 [32mâœ“[39m tests/unit/orm/SQLite-rawQuery.test.ts [2m([22m[2m11 tests[22m[2m)[22m[32m 22[2mms[22m[39m
 [32mâœ“[39m tests/unit/cli/commands/StartCommand.test.ts [2m([22m[2m34 tests[22m[2m)[22m[32m 41[2mms[22m[39m
 [32mâœ“[39m tests/cli/AddCommand.test.ts [2m([22m[2m4 tests[22m[2m)[22m[32m 211[2mms[22m[39m
[90mstdout[2m | tests/cli/RouteGenerator.test.ts[2m > [22m[2mRouteGenerator Basic Generation[2m > [22m[2mshould generate basic routes
[22m[39m[INFO] Created file: /opt/homebrew/var/www/Sites/zintrust/tests/tmp/routes-basic/api.ts 
[INFO] âœ… Generated routes: /opt/homebrew/var/www/Sites/zintrust/tests/tmp/routes-basic/api.ts (2 routes) 

[90mstdout[2m | tests/cli/RouteGenerator.test.ts[2m > [22m[2mRouteGenerator Prefixed Routes[2m > [22m[2mshould generate routes with prefix
[22m[39m[INFO] Created file: /opt/homebrew/var/www/Sites/zintrust/tests/tmp/routes-prefix/api_v1.ts 
[INFO] âœ… Generated routes: /opt/homebrew/var/www/Sites/zintrust/tests/tmp/routes-prefix/api_v1.ts (1 routes) 

[90mstdout[2m | tests/cli/RouteGenerator.test.ts[2m > [22m[2mRouteGenerator Middleware Routes[2m > [22m[2mshould generate routes with middleware
[22m[39m[INFO] Created file: /opt/homebrew/var/www/Sites/zintrust/tests/tmp/routes-middleware/auth_routes.ts 
[INFO] âœ… Generated routes: /opt/homebrew/var/www/Sites/zintrust/tests/tmp/routes-middleware/auth_routes.ts (1 routes) 

[90mstdout[2m | tests/cli/RouteGenerator.test.ts[2m > [22m[2mRouteGenerator Advanced Tests[2m > [22m[2mshould generate resource routes
[22m[39m[INFO] Created file: /opt/homebrew/var/www/Sites/zintrust/tests/tmp/routes-adv/resource_routes.ts 
[INFO] âœ… Generated routes: /opt/homebrew/var/www/Sites/zintrust/tests/tmp/routes-adv/resource_routes.ts (1 routes) 

[90mstdout[2m | tests/cli/RouteGenerator.test.ts[2m > [22m[2mRouteGenerator Controller Imports[2m > [22m[2mshould include imports for all controllers
[22m[39m[INFO] Created file: /opt/homebrew/var/www/Sites/zintrust/tests/tmp/routes-imports/multi_controller_routes.ts 
[INFO] âœ… Generated routes: /opt/homebrew/var/www/Sites/zintrust/tests/tmp/routes-imports/multi_controller_routes.ts (2 routes) 

[90mstdout[2m | tests/cli/RouteGenerator.test.ts[2m > [22m[2mRouteGenerator Parameter Routes[2m > [22m[2mshould generate routes with parameters
[22m[39m[INFO] Created file: /opt/homebrew/var/www/Sites/zintrust/tests/tmp/routes-params/param_routes.ts 
[INFO] âœ… Generated routes: /opt/homebrew/var/www/Sites/zintrust/tests/tmp/routes-params/param_routes.ts (1 routes) 

[90mstdout[2m | tests/cli/RouteGenerator.test.ts[2m > [22m[2mRouteGenerator Edge Cases[2m > [22m[2mshould generate routes without group prefix
[22m[39m[INFO] Created file: /opt/homebrew/var/www/Sites/zintrust/tests/tmp/routes-edge/web.ts 
[INFO] âœ… Generated routes: /opt/homebrew/var/www/Sites/zintrust/tests/tmp/routes-edge/web.ts (1 routes) 

[90mstdout[2m | tests/cli/RouteGenerator.test.ts[2m > [22m[2mRouteGenerator Edge Cases[2m > [22m[2mshould handle routes with nested paths
[22m[39m[INFO] Created file: /opt/homebrew/var/www/Sites/zintrust/tests/tmp/routes-edge/nested_routes.ts 
[INFO] âœ… Generated routes: /opt/homebrew/var/www/Sites/zintrust/tests/tmp/routes-edge/nested_routes.ts (1 routes) 

 [32mâœ“[39m tests/cli/RouteGenerator.test.ts [2m([22m[2m16 tests[22m[2m)[22m[32m 50[2mms[22m[39m
[90mstdout[2m | tests/cli/ModelGenerator.test.ts[2m > [22m[2mModelGenerator Basic Generation Basic[2m > [22m[2mshould generate basic model
[22m[39m[INFO] Created file: /opt/homebrew/var/www/Sites/zintrust/tests/tmp/models/User.ts 
[INFO] âœ… Generated model: User 

[90mstdout[2m | tests/cli/ModelGenerator.test.ts[2m > [22m[2mModelGenerator Basic Generation Basic[2m > [22m[2mshould generate model with fields
[22m[39m[INFO] Created file: /opt/homebrew/var/www/Sites/zintrust/tests/tmp/models/User.ts 
[INFO] âœ… Generated model: User 

[90mstdout[2m | tests/cli/ModelGenerator.test.ts[2m > [22m[2mModelGenerator Basic Generation Timestamps[2m > [22m[2mshould generate model with timestamps
[22m[39m[INFO] Created file: /opt/homebrew/var/www/Sites/zintrust/tests/tmp/models/User.ts 
[INFO] âœ… Generated model: User 

[90mstdout[2m | tests/cli/ModelGenerator.test.ts[2m > [22m[2mModelGenerator Basic Generation Timestamps[2m > [22m[2mshould generate model without timestamps
[22m[39m[INFO] Created file: /opt/homebrew/var/www/Sites/zintrust/tests/tmp/models/Config.ts 
[INFO] âœ… Generated model: Config 

[90mstderr[2m | tests/unit/runtime/DenoAdapter.test.ts[2m > [22m[2mDenoAdapter[2m > [22m[2mhandle should return ErrorResponse and include details in DENO_ENV=development
[22m[39m[ERROR] Deno handler error boom

[90mstdout[2m | tests/cli/ModelGenerator.test.ts[2m > [22m[2mModelGenerator Advanced Generation[2m > [22m[2mshould generate model with relationships
[22m[39m[INFO] Created file: /opt/homebrew/var/www/Sites/zintrust/tests/tmp/models/Post.ts 
[INFO] âœ… Generated model: Post 

[90mstdout[2m | tests/cli/ModelGenerator.test.ts[2m > [22m[2mModelGenerator Advanced Generation[2m > [22m[2mshould generate model with soft delete
[22m[39m[INFO] Created file: /opt/homebrew/var/www/Sites/zintrust/tests/tmp/models/Article.ts 
[INFO] âœ… Generated model: Article 

[90mstdout[2m | tests/cli/ModelGenerator.test.ts[2m > [22m[2mModelGenerator Field Casts[2m > [22m[2mshould generate model with field casts
[22m[39m[INFO] Created file: /opt/homebrew/var/www/Sites/zintrust/tests/tmp/models/Record.ts 
[INFO] âœ… Generated model: Record 

[90mstdout[2m | tests/cli/ModelGenerator.test.ts[2m > [22m[2mModelGenerator Edge Cases[2m > [22m[2mshould handle multiple relationships
[22m[39m[INFO] Created file: /opt/homebrew/var/www/Sites/zintrust/tests/tmp/models/BlogPost.ts 
[INFO] âœ… Generated model: BlogPost 

[90mstdout[2m | tests/cli/ModelGenerator.test.ts[2m > [22m[2mModelGenerator Edge Cases[2m > [22m[2mshould auto-generate table name from model name
[22m[39m[INFO] Created file: /opt/homebrew/var/www/Sites/zintrust/tests/tmp/models/BlogPost.ts 
[INFO] âœ… Generated model: BlogPost 

 [32mâœ“[39m tests/unit/runtime/DenoAdapter.test.ts [2m([22m[2m12 tests[22m[2m)[22m[32m 32[2mms[22m[39m
 [32mâœ“[39m tests/cli/ModelGenerator.test.ts [2m([22m[2m17 tests[22m[2m)[22m[32m 67[2mms[22m[39m
 [32mâœ“[39m tests/unit/app/models.test.ts [2m([22m[2m2 tests[22m[2m)[22m[32m 66[2mms[22m[39m
 [32mâœ“[39m tests/unit/app/controllers/user-controller.test.ts [2m([22m[2m18 tests[22m[2m)[22m[32m 54[2mms[22m[39m
[90mstdout[2m | tests/integration/microservices.test.ts[2m > [22m[2mMicroservices Service Discovery[2m > [22m[2mshould discover services from filesystem
[22m[39m[INFO] âœ… Discovered 3 microservices 

 [32mâœ“[39m tests/unit/cli/commands/ConfigCommand.test.ts [2m([22m[2m116 tests[22m[2m)[22m[32m 36[2mms[22m[39m
[90mstdout[2m | tests/integration/microservices.test.ts[2m > [22m[2mMicroservices Service Discovery[2m > [22m[2mshould filter services by SERVICES env var
[22m[39m[INFO] âœ… Discovered 2 microservices 

[90mstdout[2m | tests/integration/microservices.test.ts[2m > [22m[2mMicroservices Service Discovery
[22m[39m[INFO] Stopping all microservices... 

[90mstdout[2m | tests/integration/microservices.test.ts[2m > [22m[2mMicroservices Service Registry[2m > [22m[2mshould register service
[22m[39m[INFO] âœ… Discovered 3 microservices 

[90mstdout[2m | tests/integration/microservices.test.ts[2m > [22m[2mMicroservices Service Registry[2m > [22m[2mshould register service
[22m[39m[INFO] Registered microservice: orders 
[INFO] Registered microservice: payments 
[INFO] Registered microservice: users 
[INFO] ðŸ“‹ Registered 3 services with manager 

[90mstdout[2m | tests/integration/microservices.test.ts[2m > [22m[2mMicroservices Service Registry
[22m[39m[INFO] Stopping all microservices... 

[90mstdout[2m | tests/integration/microservices.test.ts[2m > [22m[2mMicroservices Authentication Strategies Basic
[22m[39m[INFO] Stopping all microservices... 

[90mstdout[2m | tests/integration/microservices.test.ts[2m > [22m[2mMicroservices Authentication Strategies JWT
[22m[39m[INFO] Stopping all microservices... 

[90mstdout[2m | tests/integration/microservices.test.ts[2m > [22m[2mMicroservices Authentication Middleware
[22m[39m[INFO] Stopping all microservices... 

[90mstdout[2m | tests/integration/microservices.test.ts[2m > [22m[2mMicroservices Authentication Middleware Rejection
[22m[39m[INFO] Stopping all microservices... 

[90mstdout[2m | tests/integration/microservices.test.ts[2m > [22m[2mMicroservices Request Tracing
[22m[39m[INFO] Stopping all microservices... 

[90mstdout[2m | tests/integration/microservices.test.ts[2m > [22m[2mMicroservices Health Checks
[22m[39m[INFO] Stopping all microservices... 

[90mstdout[2m | tests/integration/microservices.test.ts[2m > [22m[2mMicroservices Database Isolation
[22m[39m[INFO] âœ… Discovered 3 microservices 

[90mstdout[2m | tests/integration/microservices.test.ts[2m > [22m[2mMicroservices Database Isolation
[22m[39m[INFO] Stopping all microservices... 

[90mstdout[2m | tests/integration/microservices.test.ts[2m > [22m[2mMicroservices PostgreSQL Adapter
[22m[39m[INFO] Stopping all microservices... 

[90mstdout[2m | tests/integration/microservices.test.ts[2m > [22m[2mMicroservices Auth and Tracing Configuration
[22m[39m[INFO] âœ… Discovered 3 microservices 

[90mstdout[2m | tests/integration/microservices.test.ts[2m > [22m[2mMicroservices Auth and Tracing Configuration
[22m[39m[INFO] Stopping all microservices... 

 [32mâœ“[39m tests/integration/microservices.test.ts [2m([22m[2m30 tests[22m[2m)[22m[32m 28[2mms[22m[39m
[90mstdout[2m | tests/unit/Priority7Generators.test.ts[2m > [22m[2mServiceRequestFactoryGenerator Generation Tests - Part 1[2m > [22m[2mshould generate service request factory
[22m[39m[INFO] Created file: /var/folders/m8/pz2rx2296lgbnfdvkctnkxbm0000gn/T/test-gen-1-1766762615662/CreateUserRequestFactory.ts 
[INFO] âœ… Generated service request factory: /var/folders/m8/pz2rx2296lgbnfdvkctnkxbm0000gn/T/test-gen-1-1766762615662/CreateUserRequestFactory.ts 

[90mstdout[2m | tests/unit/Priority7Generators.test.ts[2m > [22m[2mServiceRequestFactoryGenerator Generation Tests - Part 2[2m > [22m[2mshould include field types in factory
[22m[39m[INFO] Created file: /var/folders/m8/pz2rx2296lgbnfdvkctnkxbm0000gn/T/test-gen-2-1766762615669/ListUsersRequestFactory.ts 
[INFO] âœ… Generated service request factory: /var/folders/m8/pz2rx2296lgbnfdvkctnkxbm0000gn/T/test-gen-2-1766762615669/ListUsersRequestFactory.ts 

[90mstdout[2m | tests/unit/Priority7Generators.test.ts[2m > [22m[2mServiceRequestFactoryGenerator Generation Tests - Part 3[2m > [22m[2mshould include state builders
[22m[39m[INFO] Created file: /var/folders/m8/pz2rx2296lgbnfdvkctnkxbm0000gn/T/test-gen-3-1766762615670/UpdateUserRequestFactory.ts 
[INFO] âœ… Generated service request factory: /var/folders/m8/pz2rx2296lgbnfdvkctnkxbm0000gn/T/test-gen-3-1766762615670/UpdateUserRequestFactory.ts 

[90mstdout[2m | tests/unit/Priority7Generators.test.ts[2m > [22m[2mServiceRequestFactoryGenerator Generation Tests - Part 4[2m > [22m[2mshould generate factory with chain methods
[22m[39m[INFO] Created file: /var/folders/m8/pz2rx2296lgbnfdvkctnkxbm0000gn/T/test-gen-3-1766762615671/DeleteUserRequestFactory.ts 
[INFO] âœ… Generated service request factory: /var/folders/m8/pz2rx2296lgbnfdvkctnkxbm0000gn/T/test-gen-3-1766762615671/DeleteUserRequestFactory.ts 

[90mstdout[2m | tests/unit/Priority7Generators.test.ts[2m > [22m[2mServiceIntegrationTestGenerator Generation Tests - Part 1[2m > [22m[2mshould generate integration test file
[22m[39m[INFO] Created file: /var/folders/m8/pz2rx2296lgbnfdvkctnkxbm0000gn/T/test-gen-int-1-1766762615676/userService.test.ts 
[INFO] âœ… Created service integration test: userService.test.ts 

[90mstdout[2m | tests/unit/Priority7Generators.test.ts[2m > [22m[2mServiceIntegrationTestGenerator Generation Tests - Part 2[2m > [22m[2mshould include all endpoints in tests
[22m[39m[INFO] Created file: /var/folders/m8/pz2rx2296lgbnfdvkctnkxbm0000gn/T/test-gen-int-2-1766762615678/orderService.test.ts 
[INFO] âœ… Created service integration test: orderService.test.ts 

[90mstdout[2m | tests/unit/Priority7Generators.test.ts[2m > [22m[2mServiceIntegrationTestGenerator Generation Tests - Part 4[2m > [22m[2mshould include service client with all HTTP methods
[22m[39m[INFO] Created file: /var/folders/m8/pz2rx2296lgbnfdvkctnkxbm0000gn/T/test-gen-int-4-1766762615681/paymentService.test.ts 
[INFO] âœ… Created service integration test: paymentService.test.ts 

[90mstdout[2m | tests/unit/Priority7Generators.test.ts[2m > [22m[2mServiceIntegrationTestGenerator Generation Tests - Part 3[2m > [22m[2mshould include test helpers
[22m[39m[INFO] Created file: /var/folders/m8/pz2rx2296lgbnfdvkctnkxbm0000gn/T/test-gen-int-3-1766762615692/notificationService.test.ts 
[INFO] âœ… Created service integration test: notificationService.test.ts 

[90mstdout[2m | tests/unit/Priority7Generators.test.ts[2m > [22m[2mServiceIntegrationTestGenerator Generation Tests - Part 3[2m > [22m[2mshould include consumer service reference when provided
[22m[39m[INFO] Created file: /var/folders/m8/pz2rx2296lgbnfdvkctnkxbm0000gn/T/test-gen-int-3-1766762615693/userService.test.ts 
[INFO] âœ… Created service integration test: userService.test.ts 

[90mstdout[2m | tests/unit/Priority7Generators.test.ts[2m > [22m[2mPriority 7 - Microservices Integration - Part 1[2m > [22m[2mshould generate request factory
[22m[39m[INFO] Created file: /var/folders/m8/pz2rx2296lgbnfdvkctnkxbm0000gn/T/test-int-1-1766762615695/AuthenticateRequestFactory.ts 
[INFO] âœ… Generated service request factory: /var/folders/m8/pz2rx2296lgbnfdvkctnkxbm0000gn/T/test-int-1-1766762615695/AuthenticateRequestFactory.ts 

[90mstdout[2m | tests/unit/Priority7Generators.test.ts[2m > [22m[2mPriority 7 - Microservices Integration - Part 2[2m > [22m[2mshould generate integration test
[22m[39m[INFO] Created file: /var/folders/m8/pz2rx2296lgbnfdvkctnkxbm0000gn/T/test-int-2-1766762615696/authService.test.ts 
[INFO] âœ… Created service integration test: authService.test.ts 

[90mstdout[2m | tests/unit/Priority7Generators.test.ts[2m > [22m[2mPriority 7 - Microservices Integration - Part 3[2m > [22m[2mshould generate request factories for multiple HTTP methods
[22m[39m[INFO] Created file: /var/folders/m8/pz2rx2296lgbnfdvkctnkxbm0000gn/T/test-int-3-1766762615699/GETUserRequestFactory.ts 
[INFO] âœ… Generated service request factory: /var/folders/m8/pz2rx2296lgbnfdvkctnkxbm0000gn/T/test-int-3-1766762615699/GETUserRequestFactory.ts 
[INFO] Created file: /var/folders/m8/pz2rx2296lgbnfdvkctnkxbm0000gn/T/test-int-3-1766762615699/POSTUserRequestFactory.ts 
[INFO] âœ… Generated service request factory: /var/folders/m8/pz2rx2296lgbnfdvkctnkxbm0000gn/T/test-int-3-1766762615699/POSTUserRequestFactory.ts 
[INFO] Created file: /var/folders/m8/pz2rx2296lgbnfdvkctnkxbm0000gn/T/test-int-3-1766762615699/PUTUserRequestFactory.ts 
[INFO] âœ… Generated service request factory: /var/folders/m8/pz2rx2296lgbnfdvkctnkxbm0000gn/T/test-int-3-1766762615699/PUTUserRequestFactory.ts 
[INFO] Created file: /var/folders/m8/pz2rx2296lgbnfdvkctnkxbm0000gn/T/test-int-3-1766762615699/PATCHUserRequestFactory.ts 
[INFO] âœ… Generated service request factory: /var/folders/m8/pz2rx2296lgbnfdvkctnkxbm0000gn/T/test-int-3-1766762615699/PATCHUserRequestFactory.ts 
[INFO] Created file: /var/folders/m8/pz2rx2296lgbnfdvkctnkxbm0000gn/T/test-int-3-1766762615699/DELETEUserRequestFactory.ts 
[INFO] âœ… Generated service request factory: /var/folders/m8/pz2rx2296lgbnfdvkctnkxbm0000gn/T/test-int-3-1766762615699/DELETEUserRequestFactory.ts 

 [32mâœ“[39m tests/unit/Priority7Generators.test.ts [2m([22m[2m21 tests[22m[2m)[22m[32m 46[2mms[22m[39m
[90mstdout[2m | tests/cli/MigrationGenerator.test.ts[2m > [22m[2mMigrationGenerator Multiple Migrations[2m > [22m[2mshould create multiple migrations in same directory
[22m[39m[INFO] Created file: /opt/homebrew/var/www/Sites/zintrust/tests/cli/test-migrations/migrations/20251226152335_create_posts_table.ts 
[INFO] âœ… Created migration: 20251226152335_create_posts_table.ts 

[90mstdout[2m | tests/cli/MigrationGenerator.test.ts[2m > [22m[2mMigrationGenerator Generation Advanced[2m > [22m[2mshould return correct migration info on success
[22m[39m[INFO] Created file: /opt/homebrew/var/www/Sites/zintrust/tests/cli/test-migrations/migrations/20251226152335_create_users_table.ts 
[INFO] âœ… Created migration: 20251226152335_create_users_table.ts 

[90mstdout[2m | tests/unit/RealSourceCodeCoverage.test.ts[2m > [22m[2mReal Source Code Tests - Direct Module Coverage[2m > [22m[2mLogger Module - Coverage Enhancement[2m > [22m[2mshould call info without throwing
[22m[39m[INFO] test message 

[90mstderr[2m | tests/unit/RealSourceCodeCoverage.test.ts[2m > [22m[2mReal Source Code Tests - Direct Module Coverage[2m > [22m[2mLogger Module - Coverage Enhancement[2m > [22m[2mshould call warn without throwing
[22m[39m[WARN] test message 

[90mstderr[2m | tests/unit/RealSourceCodeCoverage.test.ts[2m > [22m[2mReal Source Code Tests - Direct Module Coverage[2m > [22m[2mLogger Module - Coverage Enhancement[2m > [22m[2mshould call error without throwing
[22m[39m[ERROR] test message test

[90mstdout[2m | tests/unit/RealSourceCodeCoverage.test.ts[2m > [22m[2mReal Source Code Tests - Direct Module Coverage[2m > [22m[2mLogger Module - Coverage Enhancement[2m > [22m[2mshould handle info with data parameter
[22m[39m[INFO] test { key: [32m'value'[39m }

[90mstderr[2m | tests/unit/RealSourceCodeCoverage.test.ts[2m > [22m[2mReal Source Code Tests - Direct Module Coverage[2m > [22m[2mLogger Module - Coverage Enhancement[2m > [22m[2mshould handle warn with data parameter
[22m[39m[WARN] test { key: [32m'value'[39m }

[90mstdout[2m | tests/unit/RealSourceCodeCoverage.test.ts[2m > [22m[2mReal Source Code Tests - Direct Module Coverage[2m > [22m[2mLogger Module - Coverage Enhancement[2m > [22m[2mshould handle multiple consecutive log calls
[22m[39m[INFO] info 

[90mstderr[2m | tests/unit/RealSourceCodeCoverage.test.ts[2m > [22m[2mReal Source Code Tests - Direct Module Coverage[2m > [22m[2mLogger Module - Coverage Enhancement[2m > [22m[2mshould handle multiple consecutive log calls
[22m[39m[WARN] warn 
[ERROR] error test

[90mstdout[2m | tests/cli/MigrationGenerator.test.ts[2m > [22m[2mMigrationGenerator Migration Content[2m > [22m[2mshould have valid TypeScript syntax
[22m[39m[INFO] Created file: /opt/homebrew/var/www/Sites/zintrust/tests/cli/test-migrations/migrations/20251226152335_create_users_table.ts 
[INFO] âœ… Created migration: 20251226152335_create_users_table.ts 

[90mstdout[2m | tests/cli/MigrationGenerator.test.ts[2m > [22m[2mMigrationGenerator Migration Content[2m > [22m[2mshould include comments and documentation
[22m[39m[INFO] Created file: /opt/homebrew/var/www/Sites/zintrust/tests/cli/test-migrations/migrations/20251226152335_create_users_table.ts 
[INFO] âœ… Created migration: 20251226152335_create_users_table.ts 

[90mstdout[2m | tests/unit/RealSourceCodeCoverage.test.ts[2m > [22m[2mReal Source Code Tests - Direct Module Coverage[2m > [22m[2mLogger Usage Patterns[2m > [22m[2mshould log different message types
[22m[39m[INFO] Simple string 
[INFO] String with numbers 123 
[INFO] String with special chars !@#$% 
[INFO]  

[90mstdout[2m | tests/unit/RealSourceCodeCoverage.test.ts[2m > [22m[2mReal Source Code Tests - Direct Module Coverage[2m > [22m[2mLogger Usage Patterns[2m > [22m[2mshould log with different data types
[22m[39m[INFO] test { key: [32m'value'[39m }
[INFO] test { nested: { key: [32m'value'[39m } }
[INFO] test { array: [ [33m1[39m, [33m2[39m, [33m3[39m ] }
[INFO] test { number: [33m123[39m }
[INFO] test { string: [32m'test'[39m }
[INFO] test { boolean: [33mtrue[39m }

[90mstderr[2m | tests/unit/RealSourceCodeCoverage.test.ts[2m > [22m[2mReal Source Code Tests - Direct Module Coverage[2m > [22m[2mLogger Usage Patterns[2m > [22m[2mshould handle error with different error types
[22m[39m[ERROR] error occurred Generic error
[ERROR] error occurred Type error
[ERROR] error occurred Range error
[ERROR] error occurred Syntax error

[90mstdout[2m | tests/unit/RealSourceCodeCoverage.test.ts[2m > [22m[2mReal Source Code Tests - Direct Module Coverage[2m > [22m[2mLogger Usage Patterns[2m > [22m[2mshould log all levels in sequence
[22m[39m[INFO] info message { level: [32m'info'[39m }

[90mstderr[2m | tests/unit/RealSourceCodeCoverage.test.ts[2m > [22m[2mReal Source Code Tests - Direct Module Coverage[2m > [22m[2mLogger Usage Patterns[2m > [22m[2mshould log all levels in sequence
[22m[39m[WARN] warn message { level: [32m'warn'[39m }
[ERROR] error message error

[90mstdout[2m | tests/unit/RealSourceCodeCoverage.test.ts[2m > [22m[2mReal Source Code Tests - Direct Module Coverage[2m > [22m[2mLogger Usage Patterns[2m > [22m[2mshould handle rapid consecutive logging
[22m[39m[INFO] message 0 
[INFO] message 1 
[INFO] message 2 
[INFO] message 3 
[INFO] message 4 
[INFO] message 5 
[INFO] message 6 
[INFO] message 7 
[INFO] message 8 
[INFO] message 9 

[90mstdout[2m | tests/unit/RealSourceCodeCoverage.test.ts[2m > [22m[2mReal Source Code Tests - Direct Module Coverage[2m > [22m[2mLogger Usage Patterns[2m > [22m[2mshould handle logging with complex objects
[22m[39m[INFO] Complex log {
  user: {
    id: [33m1[39m,
    name: [32m'Test'[39m,
    email: [32m'test@example.com'[39m,
    roles: [ [32m'admin'[39m, [32m'user'[39m ],
    meta: {
      created: [35m2025-12-26T15:23:35.744Z[39m,
      updated: [35m2025-12-26T15:23:35.744Z[39m
    }
  },
  request: {
    method: [32m'POST'[39m,
    url: [32m'/api/users'[39m,
    headers: { [32m'content-type'[39m: [32m'application/json'[39m }
  }
}

[90mstdout[2m | tests/unit/RealSourceCodeCoverage.test.ts[2m > [22m[2mReal Source Code Tests - Direct Module Coverage[2m > [22m[2mLogger Integration Points[2m > [22m[2mshould be usable across different contexts
[22m[39m[INFO] context1 
[INFO] context2 
[INFO] context3 

[90mstdout[2m | tests/unit/RealSourceCodeCoverage.test.ts[2m > [22m[2mReal Source Code Tests - Direct Module Coverage[2m > [22m[2mLogger Integration Points[2m > [22m[2mshould maintain state across calls
[22m[39m[INFO] second 

[90mstderr[2m | tests/unit/RealSourceCodeCoverage.test.ts[2m > [22m[2mReal Source Code Tests - Direct Module Coverage[2m > [22m[2mLogger Integration Points[2m > [22m[2mshould maintain state across calls
[22m[39m[WARN] third 

[90mstderr[2m | tests/unit/RealSourceCodeCoverage.test.ts[2m > [22m[2mReal Source Code Tests - Direct Module Coverage[2m > [22m[2mLogger Integration Points[2m > [22m[2mshould handle error objects gracefully
[22m[39m[ERROR] Error with stack Test error

[90mstdout[2m | tests/unit/RealSourceCodeCoverage.test.ts[2m > [22m[2mReal Source Code Tests - Direct Module Coverage[2m > [22m[2mLogger Integration Points[2m > [22m[2mshould work with empty or minimal data
[22m[39m[INFO]    

[90mstderr[2m | tests/unit/RealSourceCodeCoverage.test.ts[2m > [22m[2mReal Source Code Tests - Direct Module Coverage[2m > [22m[2mLogger Integration Points[2m > [22m[2mshould work with empty or minimal data
[22m[39m[WARN] 
 

[90mstdout[2m | tests/unit/RealSourceCodeCoverage.test.ts[2m > [22m[2mReal Source Code Tests - Direct Module Coverage[2m > [22m[2mLogger Integration Points[2m > [22m[2mshould work with large data objects
[22m[39m[INFO] Large data {
  users: [
    { id: [33m0[39m, name: [32m'User 0'[39m, email: [32m'user0@example.com'[39m },
    { id: [33m1[39m, name: [32m'User 1'[39m, email: [32m'user1@example.com'[39m },
    { id: [33m2[39m, name: [32m'User 2'[39m, email: [32m'user2@example.com'[39m },
    { id: [33m3[39m, name: [32m'User 3'[39m, email: [32m'user3@example.com'[39m },
    { id: [33m4[39m, name: [32m'User 4'[39m, email: [32m'user4@example.com'[39m },
    { id: [33m5[39m, name: [32m'User 5'[39m, email: [32m'user5@example.com'[39m },
    { id: [33m6[39m, name: [32m'User 6'[39m, email: [32m'user6@example.com'[39m },
    { id: [33m7[39m, name: [32m'User 7'[39m, email: [32m'user7@example.com'[39m },
    { id: [33m8[39m, name: [32m'User 8'[39m, email: [32m'user8@example.com'[39m },
    { id: [33m9[39m, name: [32m'User 9'[39m, email: [32m'user9@example.com'[39m },
    { id: [33m10[39m, name: [32m'User 10'[39m, email: [32m'user10@example.com'[39m },
    { id: [33m11[39m, name: [32m'User 11'[39m, email: [32m'user11@example.com'[39m },
    { id: [33m12[39m, name: [32m'User 12'[39m, email: [32m'user12@example.com'[39m },
    { id: [33m13[39m, name: [32m'User 13'[39m, email: [32m'user13@example.com'[39m },
    { id: [33m14[39m, name: [32m'User 14'[39m, email: [32m'user14@example.com'[39m },
    { id: [33m15[39m, name: [32m'User 15'[39m, email: [32m'user15@example.com'[39m },
    { id: [33m16[39m, name: [32m'User 16'[39m, email: [32m'user16@example.com'[39m },
    { id: [33m17[39m, name: [32m'User 17'[39m, email: [32m'user17@example.com'[39m },
    { id: [33m18[39m, name: [32m'User 18'[39m, email: [32m'user18@example.com'[39m },
    { id: [33m19[39m, name: [32m'User 19'[39m, email: [32m'user19@example.com'[39m },
    { id: [33m20[39m, name: [32m'User 20'[39m, email: [32m'user20@example.com'[39m },
    { id: [33m21[39m, name: [32m'User 21'[39m, email: [32m'user21@example.com'[39m },
    { id: [33m22[39m, name: [32m'User 22'[39m, email: [32m'user22@example.com'[39m },
    { id: [33m23[39m, name: [32m'User 23'[39m, email: [32m'user23@example.com'[39m },
    { id: [33m24[39m, name: [32m'User 24'[39m, email: [32m'user24@example.com'[39m },
    { id: [33m25[39m, name: [32m'User 25'[39m, email: [32m'user25@example.com'[39m },
    { id: [33m26[39m, name: [32m'User 26'[39m, email: [32m'user26@example.com'[39m },
    { id: [33m27[39m, name: [32m'User 27'[39m, email: [32m'user27@example.com'[39m },
    { id: [33m28[39m, name: [32m'User 28'[39m, email: [32m'user28@example.com'[39m },
    { id: [33m29[39m, name: [32m'User 29'[39m, email: [32m'user29@example.com'[39m },
    { id: [33m30[39m, name: [32m'User 30'[39m, email: [32m'user30@example.com'[39m },
    { id: [33m31[39m, name: [32m'User 31'[39m, email: [32m'user31@example.com'[39m },
    { id: [33m32[39m, name: [32m'User 32'[39m, email: [32m'user32@example.com'[39m },
    { id: [33m33[39m, name: [32m'User 33'[39m, email: [32m'user33@example.com'[39m },
    { id: [33m34[39m, name: [32m'User 34'[39m, email: [32m'user34@example.com'[39m },
    { id: [33m35[39m, name: [32m'User 35'[39m, email: [32m'user35@example.com'[39m },
    { id: [33m36[39m, name: [32m'User 36'[39m, email: [32m'user36@example.com'[39m },
    { id: [33m37[39m, name: [32m'User 37'[39m, email: [32m'user37@example.com'[39m },
    { id: [33m38[39m, name: [32m'User 38'[39m, email: [32m'user38@example.com'[39m },
    { id: [33m39[39m, name: [32m'User 39'[39m, email: [32m'user39@example.com'[39m },
    { id: [33m40[39m, name: [32m'User 40'[39m, email: [32m'user40@example.com'[39m },
    { id: [33m41[39m, name: [32m'User 41'[39m, email: [32m'user41@example.com'[39m },
    { id: [33m42[39m, name: [32m'User 42'[39m, email: [32m'user42@example.com'[39m },
    { id: [33m43[39m, name: [32m'User 43'[39m, email: [32m'user43@example.com'[39m },
    { id: [33m44[39m, name: [32m'User 44'[39m, email: [32m'user44@example.com'[39m },
    { id: [33m45[39m, name: [32m'User 45'[39m, email: [32m'user45@example.com'[39m },
    { id: [33m46[39m, name: [32m'User 46'[39m, email: [32m'user46@example.com'[39m },
    { id: [33m47[39m, name: [32m'User 47'[39m, email: [32m'user47@example.com'[39m },
    { id: [33m48[39m, name: [32m'User 48'[39m, email: [32m'user48@example.com'[39m },
    { id: [33m49[39m, name: [32m'User 49'[39m, email: [32m'user49@example.com'[39m },
    { id: [33m50[39m, name: [32m'User 50'[39m, email: [32m'user50@example.com'[39m },
    { id: [33m51[39m, name: [32m'User 51'[39m, email: [32m'user51@example.com'[39m },
    { id: [33m52[39m, name: [32m'User 52'[39m, email: [32m'user52@example.com'[39m },
    { id: [33m53[39m, name: [32m'User 53'[39m, email: [32m'user53@example.com'[39m },
    { id: [33m54[39m, name: [32m'User 54'[39m, email: [32m'user54@example.com'[39m },
    { id: [33m55[39m, name: [32m'User 55'[39m, email: [32m'user55@example.com'[39m },
    { id: [33m56[39m, name: [32m'User 56'[39m, email: [32m'user56@example.com'[39m },
    { id: [33m57[39m, name: [32m'User 57'[39m, email: [32m'user57@example.com'[39m },
    { id: [33m58[39m, name: [32m'User 58'[39m, email: [32m'user58@example.com'[39m },
    { id: [33m59[39m, name: [32m'User 59'[39m, email: [32m'user59@example.com'[39m },
    { id: [33m60[39m, name: [32m'User 60'[39m, email: [32m'user60@example.com'[39m },
    { id: [33m61[39m, name: [32m'User 61'[39m, email: [32m'user61@example.com'[39m },
    { id: [33m62[39m, name: [32m'User 62'[39m, email: [32m'user62@example.com'[39m },
    { id: [33m63[39m, name: [32m'User 63'[39m, email: [32m'user63@example.com'[39m },
    { id: [33m64[39m, name: [32m'User 64'[39m, email: [32m'user64@example.com'[39m },
    { id: [33m65[39m, name: [32m'User 65'[39m, email: [32m'user65@example.com'[39m },
    { id: [33m66[39m, name: [32m'User 66'[39m, email: [32m'user66@example.com'[39m },
    { id: [33m67[39m, name: [32m'User 67'[39m, email: [32m'user67@example.com'[39m },
    { id: [33m68[39m, name: [32m'User 68'[39m, email: [32m'user68@example.com'[39m },
    { id: [33m69[39m, name: [32m'User 69'[39m, email: [32m'user69@example.com'[39m },
    { id: [33m70[39m, name: [32m'User 70'[39m, email: [32m'user70@example.com'[39m },
    { id: [33m71[39m, name: [32m'User 71'[39m, email: [32m'user71@example.com'[39m },
    { id: [33m72[39m, name: [32m'User 72'[39m, email: [32m'user72@example.com'[39m },
    { id: [33m73[39m, name: [32m'User 73'[39m, email: [32m'user73@example.com'[39m },
    { id: [33m74[39m, name: [32m'User 74'[39m, email: [32m'user74@example.com'[39m },
    { id: [33m75[39m, name: [32m'User 75'[39m, email: [32m'user75@example.com'[39m },
    { id: [33m76[39m, name: [32m'User 76'[39m, email: [32m'user76@example.com'[39m },
    { id: [33m77[39m, name: [32m'User 77'[39m, email: [32m'user77@example.com'[39m },
    { id: [33m78[39m, name: [32m'User 78'[39m, email: [32m'user78@example.com'[39m },
    { id: [33m79[39m, name: [32m'User 79'[39m, email: [32m'user79@example.com'[39m },
    { id: [33m80[39m, name: [32m'User 80'[39m, email: [32m'user80@example.com'[39m },
    { id: [33m81[39m, name: [32m'User 81'[39m, email: [32m'user81@example.com'[39m },
    { id: [33m82[39m, name: [32m'User 82'[39m, email: [32m'user82@example.com'[39m },
    { id: [33m83[39m, name: [32m'User 83'[39m, email: [32m'user83@example.com'[39m },
    { id: [33m84[39m, name: [32m'User 84'[39m, email: [32m'user84@example.com'[39m },
    { id: [33m85[39m, name: [32m'User 85'[39m, email: [32m'user85@example.com'[39m },
    { id: [33m86[39m, name: [32m'User 86'[39m, email: [32m'user86@example.com'[39m },
    { id: [33m87[39m, name: [32m'User 87'[39m, email: [32m'user87@example.com'[39m },
    { id: [33m88[39m, name: [32m'User 88'[39m, email: [32m'user88@example.com'[39m },
    { id: [33m89[39m, name: [32m'User 89'[39m, email: [32m'user89@example.com'[39m },
    { id: [33m90[39m, name: [32m'User 90'[39m, email: [32m'user90@example.com'[39m },
    { id: [33m91[39m, name: [32m'User 91'[39m, email: [32m'user91@example.com'[39m },
    { id: [33m92[39m, name: [32m'User 92'[39m, email: [32m'user92@example.com'[39m },
    { id: [33m93[39m, name: [32m'User 93'[39m, email: [32m'user93@example.com'[39m },
    { id: [33m94[39m, name: [32m'User 94'[39m, email: [32m'user94@example.com'[39m },
    { id: [33m95[39m, name: [32m'User 95'[39m, email: [32m'user95@example.com'[39m },
    { id: [33m96[39m, name: [32m'User 96'[39m, email: [32m'user96@example.com'[39m },
    { id: [33m97[39m, name: [32m'User 97'[39m, email: [32m'user97@example.com'[39m },
    { id: [33m98[39m, name: [32m'User 98'[39m, email: [32m'user98@example.com'[39m },
    { id: [33m99[39m, name: [32m'User 99'[39m, email: [32m'user99@example.com'[39m }
  ]
}

 [32mâœ“[39m tests/cli/MigrationGenerator.test.ts [2m([22m[2m21 tests[22m[2m)[22m[33m 2655[2mms[22m[39m
     [33m[2mâœ“[22m[39m should reject duplicate migration [33m 1107[2mms[22m[39m
     [33m[2mâœ“[22m[39m should create multiple migrations in same directory [33m 1511[2mms[22m[39m
 [32mâœ“[39m tests/unit/RealSourceCodeCoverage.test.ts [2m([22m[2m50 tests[22m[2m)[22m[32m 27[2mms[22m[39m
 [32mâœ“[39m tests/unit/orm/Model.test.ts [2m([22m[2m11 tests[22m[2m)[22m[32m 24[2mms[22m[39m
 [32mâœ“[39m tests/unit/CsrfTokenManager.test.ts [2m([22m[2m14 tests[22m[2m)[22m[32m 21[2mms[22m[39m
[90mstdout[2m | tests/unit/boot/ApplicationRoutesLoading.test.ts[2m > [22m[2mApplication route loading[2m > [22m[2mprefers app-local routes over framework routes
[22m[39m[INFO] ðŸš€ Booting Zintrust Application in test mode... 

[90mstdout[2m | tests/unit/boot/ApplicationRoutesLoading.test.ts[2m > [22m[2mApplication route loading[2m > [22m[2mprefers app-local routes over framework routes
[22m[39m[INFO] âœ… Application booted successfully 

 [32mâœ“[39m tests/unit/microservices/ServiceBundler.test.ts [2m([22m[2m42 tests[22m[2m)[22m[32m 28[2mms[22m[39m
 [32mâœ“[39m tests/unit/boot/ApplicationRoutesLoading.test.ts [2m([22m[2m1 test[22m[2m)[22m[32m 53[2mms[22m[39m
 [32mâœ“[39m tests/unit/cli/commands/D1MigrateCommand.test.ts [2m([22m[2m38 tests[22m[2m)[22m[32m 39[2mms[22m[39m
 [32mâœ“[39m tests/unit/cli/CLI.run.test.ts [2m([22m[2m21 tests[22m[2m)[22m[32m 22[2mms[22m[39m
 [32mâœ“[39m tests/unit/cli/commands/DebugCommand.test.ts [2m([22m[2m51 tests[22m[2m)[22m[32m 24[2mms[22m[39m
 [32mâœ“[39m tests/cli/ConfigManager.test.ts [2m([22m[2m12 tests[22m[2m)[22m[32m 65[2mms[22m[39m
 [32mâœ“[39m tests/cli/Logger.test.ts [2m([22m[2m16 tests[22m[2m)[22m[32m 16[2mms[22m[39m
 [32mâœ“[39m tests/unit/N1Detector.test.ts [2m([22m[2m16 tests[22m[2m)[22m[32m 22[2mms[22m[39m
 [32mâœ“[39m tests/unit/orm/ConnectionManager.test.ts [2m([22m[2m6 tests[22m[2m)[22m[32m 30[2mms[22m[39m
[90mstderr[2m | tests/unit/runtime/NodeServerAdapter.test.ts[2m > [22m[2mNodeServerAdapter[2m > [22m[2mshould send 500 and include message in development when handler throws
[22m[39m[ERROR] Request processing error boom
[ERROR] Request handler error boom

 [32mâœ“[39m tests/unit/config/logger.test.ts [2m([22m[2m9 tests[22m[2m)[22m[32m 19[2mms[22m[39m
[90mstderr[2m | tests/unit/runtime/NodeServerAdapter.test.ts[2m > [22m[2mNodeServerAdapter[2m > [22m[2mshould send 400 on request stream error
[22m[39m[ERROR] Request stream error stream
[ERROR] Request error stream

 [32mâœ“[39m tests/unit/runtime/NodeServerAdapter.test.ts [2m([22m[2m10 tests[22m[2m)[22m[32m 27[2mms[22m[39m
 [32mâœ“[39m tests/unit/cache/drivers/mongo-driver.test.ts [2m([22m[2m7 tests[22m[2m)[22m[32m 33[2mms[22m[39m
 [32mâœ“[39m tests/unit/builder/BundleOptimizer.test.ts [2m([22m[2m47 tests[22m[2m)[22m[32m 65[2mms[22m[39m
 [32mâœ“[39m tests/cli/ConfigValidator.test.ts [2m([22m[2m17 tests[22m[2m)[22m[32m 4[2mms[22m[39m
 [32mâœ“[39m tests/unit/app/ProfilerMiddleware.test.ts [2m([22m[2m3 tests[22m[2m)[22m[32m 15[2mms[22m[39m
 [32mâœ“[39m tests/unit/microservices/MicroserviceManager.test.ts [2m([22m[2m67 tests[22m[2m)[22m[32m 27[2mms[22m[39m
 [32mâœ“[39m tests/unit/routing/Router.test.ts [2m([22m[2m11 tests[22m[2m)[22m[32m 19[2mms[22m[39m
 [32mâœ“[39m tests/unit/CoverageFinalPush.test.ts [2m([22m[2m34 tests[22m[2m)[22m[32m 13[2mms[22m[39m
 [32mâœ“[39m tests/unit/cache/drivers/kv-driver.test.ts [2m([22m[2m4 tests[22m[2m)[22m[32m 16[2mms[22m[39m
 [32mâœ“[39m tests/unit/TargetedCommandsEnhancement.test.ts [2m([22m[2m34 tests[22m[2m)[22m[32m 13[2mms[22m[39m
[90mstderr[2m | tests/unit/security/XssProtection.test.ts[2m > [22m[2mXssProtection[2m > [22m[2mencodeUri[2m > [22m[2mshould return empty string and handle errors when encoding fails
[22m[39m[ERROR] URI encoding failed boom

 [32mâœ“[39m tests/unit/security/XssProtection.test.ts [2m([22m[2m25 tests[22m[2m)[22m[32m 12[2mms[22m[39m
 [32mâœ“[39m tests/unit/orm/SQLServerAdapter.test.ts [2m([22m[2m14 tests[22m[2m)[22m[32m 10[2mms[22m[39m
 [32mâœ“[39m tests/unit/AdapterBranchCoverage.test.ts [2m([22m[2m42 tests[22m[2m)[22m[32m 16[2mms[22m[39m
 [32mâœ“[39m tests/unit/cache/drivers/redis-driver.test.ts [2m([22m[2m4 tests[22m[2m)[22m[32m 9[2mms[22m[39m
 [32mâœ“[39m tests/unit/microservices/ServiceHealthMonitor.test.ts [2m([22m[2m11 tests[22m[2m)[22m[32m 115[2mms[22m[39m
 [32mâœ“[39m tests/unit/Relationships.test.ts [2m([22m[2m3 tests[22m[2m)[22m[32m 16[2mms[22m[39m
 [32mâœ“[39m tests/unit/orm/D1-rawQuery.test.ts [2m([22m[2m11 tests[22m[2m)[22m[32m 53[2mms[22m[39m
 [32mâœ“[39m tests/cli/ConfigCommand.test.ts [2m([22m[2m8 tests[22m[2m)[22m[32m 4[2mms[22m[39m
 [32mâœ“[39m tests/unit/orm/Database.test.ts [2m([22m[2m23 tests[22m[2m)[22m[32m 10[2mms[22m[39m
 [32mâœ“[39m tests/unit/BranchCoverageEnhancement.test.ts [2m([22m[2m35 tests[22m[2m)[22m[32m 7[2mms[22m[39m
[90mstderr[2m | tests/unit/cli/utils/spawn.test.ts[2m > [22m[2mSpawnUtil[2m > [22m[2mhandles signal forwarding errors
[22m[39m[ERROR] Failed to forward signal to child process Kill failed

[90mstderr[2m | tests/unit/cli/utils/spawn.test.ts[2m > [22m[2mSpawnUtil[2m > [22m[2mthrows generic error for other spawn failures
[22m[39m[ERROR] Failed to spawn child process spawn failed

 [32mâœ“[39m tests/unit/cli/utils/spawn.test.ts [2m([22m[2m11 tests[22m[2m)[22m[32m 12[2mms[22m[39m
 [32mâœ“[39m tests/unit/cli/commands/MigrateCommand.test.ts [2m([22m[2m39 tests[22m[2m)[22m[32m 13[2mms[22m[39m
 [32mâœ“[39m tests/unit/cache/cache-driver.test.ts [2m([22m[2m1 test[22m[2m)[22m[32m 28[2mms[22m[39m
 [32mâœ“[39m tests/unit/performance/Benchmark.test.ts [2m([22m[2m8 tests[22m[2m)[22m[32m 21[2mms[22m[39m
 [32mâœ“[39m tests/unit/orm/Schema.test.ts [2m([22m[2m73 tests[22m[2m)[22m[32m 13[2mms[22m[39m
 [32mâœ“[39m tests/unit/cli/commands/SimulateCommand.test.ts [2m([22m[2m5 tests[22m[2m)[22m[32m 10[2mms[22m[39m
 [32mâœ“[39m tests/unit/routes/api.test.ts [2m([22m[2m7 tests[22m[2m)[22m[32m 10[2mms[22m[39m
[90mstdout[2m | tests/unit/orm/MySQLAdapter.test.ts[2m > [22m[2mMySQLAdapter[2m > [22m[2mshould connect successfully
[22m[39m[INFO] âœ“ MySQL connected (localhost:3306) 

[90mstdout[2m | tests/unit/orm/MySQLAdapter.test.ts[2m > [22m[2mMySQLAdapter[2m > [22m[2mshould disconnect successfully
[22m[39m[INFO] âœ“ MySQL disconnected 

 [32mâœ“[39m tests/unit/runtime/RuntimeDetector.test.ts [2m([22m[2m26 tests[22m[2m)[22m[32m 7[2mms[22m[39m
[90mstdout[2m | tests/unit/orm/MySQLAdapter.test.ts[2m > [22m[2mMySQLAdapter[2m > [22m[2mshould return empty result for query (mock implementation)
[22m[39m[INFO] âœ“ MySQL connected (localhost:3306) 

[90mstdout[2m | tests/unit/orm/MySQLAdapter.test.ts[2m > [22m[2mMySQLAdapter[2m > [22m[2mshould return null for queryOne (mock implementation)
[22m[39m[INFO] âœ“ MySQL connected (localhost:3306) 

[90mstdout[2m | tests/unit/orm/MySQLAdapter.test.ts[2m > [22m[2mMySQLAdapter[2m > [22m[2mshould execute transaction callback
[22m[39m[INFO] âœ“ MySQL connected (localhost:3306) 

[90mstdout[2m | tests/unit/orm/MySQLAdapter.test.ts[2m > [22m[2mMySQLAdapter[2m > [22m[2mshould handle transaction with connection pool
[22m[39m[INFO] âœ“ MySQL connected (localhost:3306) 

[90mstdout[2m | tests/unit/orm/MySQLAdapter.test.ts[2m > [22m[2mMySQLAdapter[2m > [22m[2mshould get parameter placeholder
[22m[39m[INFO] âœ“ MySQL connected (localhost:3306) 

[90mstdout[2m | tests/unit/orm/MySQLAdapter.test.ts[2m > [22m[2mMySQLAdapter[2m > [22m[2mshould handle config with custom port
[22m[39m[INFO] âœ“ MySQL connected (localhost:3307) 

[90mstdout[2m | tests/unit/orm/MySQLAdapter.test.ts[2m > [22m[2mMySQLAdapter[2m > [22m[2mshould handle config without port (default port)
[22m[39m[INFO] âœ“ MySQL connected (localhost:undefined) 

[90mstdout[2m | tests/unit/orm/MySQLAdapter.test.ts[2m > [22m[2mMySQLAdapter[2m > [22m[2mshould handle transaction error and rollback
[22m[39m[INFO] âœ“ MySQL connected (localhost:3306) 

[90mstderr[2m | tests/unit/orm/MySQLAdapter.test.ts[2m > [22m[2mMySQLAdapter[2m > [22m[2mshould handle transaction error and rollback
[22m[39m[ERROR] MySQL transaction failed Transaction failed

[90mstderr[2m | tests/unit/orm/MySQLAdapter.test.ts[2m > [22m[2mMySQLAdapter[2m > [22m[2mshould handle transaction error and rollback
[22m[39m[ERROR] MySQL transaction failed Transaction failed

[90mstdout[2m | tests/unit/orm/MySQLAdapter.test.ts[2m > [22m[2mMySQLAdapter[2m > [22m[2mshould handle transaction error with non-error object
[22m[39m[INFO] âœ“ MySQL connected (localhost:3306) 

[90mstderr[2m | tests/unit/orm/MySQLAdapter.test.ts[2m > [22m[2mMySQLAdapter[2m > [22m[2mshould handle transaction error with non-error object
[22m[39m[ERROR] MySQL transaction failed string error

[90mstdout[2m | tests/unit/orm/MySQLAdapter.test.ts[2m > [22m[2mMySQLAdapter[2m > [22m[2mshould handle transaction success
[22m[39m[INFO] âœ“ MySQL connected (localhost:3306) 

 [32mâœ“[39m tests/unit/orm/MySQLAdapter.test.ts [2m([22m[2m15 tests[22m[2m)[22m[32m 9[2mms[22m[39m
 [32mâœ“[39m tests/unit/cli/commands/PluginCommand.test.ts [2m([22m[2m11 tests[22m[2m)[22m[32m 10[2mms[22m[39m
[90mstdout[2m | tests/unit/orm/SQLiteAdapter.test.ts[2m > [22m[2mSQLiteAdapter[2m > [22m[2mshould connect successfully
[22m[39m[INFO] âœ“ SQLite connected (:memory:) 

[90mstdout[2m | tests/unit/orm/SQLiteAdapter.test.ts[2m > [22m[2mSQLiteAdapter[2m > [22m[2mshould disconnect successfully
[22m[39m[INFO] âœ“ SQLite disconnected 

[90mstdout[2m | tests/unit/orm/SQLiteAdapter.test.ts[2m > [22m[2mSQLiteAdapter[2m > [22m[2mshould return empty result for query
[22m[39m[INFO] âœ“ SQLite connected (:memory:) 

 [32mâœ“[39m tests/unit/cli/commands/PrepareCommand.test.ts [2m([22m[2m6 tests[22m[2m)[22m[32m 12[2mms[22m[39m
 [32mâœ“[39m tests/unit/scripts/env.test.ts [2m([22m[2m19 tests[22m[2m)[22m[32m 9[2mms[22m[39m
 [32mâœ“[39m tests/unit/orm/SQLiteAdapter.test.ts [2m([22m[2m8 tests[22m[2m)[22m[32m 19[2mms[22m[39m
 [32mâœ“[39m tests/unit/orm/MySQL-rawQuery.test.ts [2m([22m[2m10 tests[22m[2m)[22m[32m 9[2mms[22m[39m
[90mstdout[2m | tests/unit/orm/D1Adapter.test.ts[2m > [22m[2mD1Adapter[2m > [22m[2mshould initialize correctly
[22m[39m[INFO] âœ“ D1 connected 

[90mstdout[2m | tests/unit/orm/D1Adapter.test.ts[2m > [22m[2mD1Adapter[2m > [22m[2mshould execute query
[22m[39m[INFO] âœ“ D1 connected 

[90mstdout[2m | tests/unit/orm/D1Adapter.test.ts[2m > [22m[2mD1Adapter[2m > [22m[2mshould execute queryOne
[22m[39m[INFO] âœ“ D1 connected 

[90mstdout[2m | tests/unit/orm/D1Adapter.test.ts[2m > [22m[2mD1Adapter[2m > [22m[2mshould handle query errors
[22m[39m[INFO] âœ“ D1 connected 

[90mstderr[2m | tests/unit/orm/D1Adapter.test.ts[2m > [22m[2mD1Adapter[2m > [22m[2mshould handle query errors
[22m[39m[ERROR] D1 query failed: SELECT * FROM users D1 Error

[90mstdout[2m | tests/unit/orm/D1Adapter.test.ts[2m > [22m[2mD1Adapter[2m > [22m[2mshould warn if DB binding is missing
[22m[39m[INFO] âœ“ D1 connected 

[90mstdout[2m | tests/unit/orm/D1Adapter.test.ts[2m > [22m[2mD1Adapter[2m > [22m[2mshould throw if queryOne called without DB binding
[22m[39m[INFO] âœ“ D1 connected 

[90mstdout[2m | tests/unit/orm/D1Adapter.test.ts[2m > [22m[2mD1Adapter[2m > [22m[2mshould handle queryOne errors
[22m[39m[INFO] âœ“ D1 connected 

[90mstderr[2m | tests/unit/orm/D1Adapter.test.ts[2m > [22m[2mD1Adapter[2m > [22m[2mshould handle queryOne errors
[22m[39m[ERROR] D1 queryOne failed: SELECT * FROM users LIMIT 1 QueryOne failed

[90mstdout[2m | tests/unit/orm/D1Adapter.test.ts[2m > [22m[2mD1Adapter[2m > [22m[2mshould handle transaction callback
[22m[39m[INFO] âœ“ D1 connected 

[90mstdout[2m | tests/unit/orm/D1Adapter.test.ts[2m > [22m[2mD1Adapter[2m > [22m[2mshould disconnect successfully
[22m[39m[INFO] âœ“ D1 disconnected 

 [32mâœ“[39m tests/unit/orm/D1Adapter.test.ts [2m([22m[2m10 tests[22m[2m)[22m[32m 8[2mms[22m[39m
[90mstdout[2m | tests/unit/FeatureScaffolder.test.ts[2m > [22m[2mFeatureScaffolder[2m > [22m[2madds a feature and creates files
[22m[39m[INFO] Created directory: /var/folders/m8/pz2rx2296lgbnfdvkctnkxbm0000gn/T/zintrust-service-QhpP5b/src/features 
[INFO] Created directory: /var/folders/m8/pz2rx2296lgbnfdvkctnkxbm0000gn/T/zintrust-service-QhpP5b/src/features/auth 
[INFO] Created file: /var/folders/m8/pz2rx2296lgbnfdvkctnkxbm0000gn/T/zintrust-service-QhpP5b/src/features/auth/index.ts 
[INFO] Created file: /var/folders/m8/pz2rx2296lgbnfdvkctnkxbm0000gn/T/zintrust-service-QhpP5b/src/features/auth/auth.test.ts 
[INFO] Created file: /var/folders/m8/pz2rx2296lgbnfdvkctnkxbm0000gn/T/zintrust-service-QhpP5b/src/features/auth/README.md 
[INFO] âœ… Added feature 'auth' with 3 files 

[90mstdout[2m | tests/unit/FeatureScaffolder.test.ts[2m > [22m[2mFeatureScaffolder[2m > [22m[2madds a feature and creates files
[22m[39m[INFO] Deleted directory: /var/folders/m8/pz2rx2296lgbnfdvkctnkxbm0000gn/T/zintrust-service-QhpP5b 

[90mstdout[2m | tests/unit/FeatureScaffolder.test.ts[2m > [22m[2mFeatureScaffolder[2m > [22m[2mreturns an error when feature already exists
[22m[39m[INFO] Created directory: /var/folders/m8/pz2rx2296lgbnfdvkctnkxbm0000gn/T/zintrust-service-SA8pKH/src/features 
[INFO] Created directory: /var/folders/m8/pz2rx2296lgbnfdvkctnkxbm0000gn/T/zintrust-service-SA8pKH/src/features/cache 
[INFO] Created file: /var/folders/m8/pz2rx2296lgbnfdvkctnkxbm0000gn/T/zintrust-service-SA8pKH/src/features/cache/index.ts 
[INFO] Created file: /var/folders/m8/pz2rx2296lgbnfdvkctnkxbm0000gn/T/zintrust-service-SA8pKH/src/features/cache/README.md 
[INFO] âœ… Added feature 'cache' with 2 files 

[90mstdout[2m | tests/unit/FeatureScaffolder.test.ts[2m > [22m[2mFeatureScaffolder[2m > [22m[2mreturns an error when feature already exists
[22m[39m[INFO] Deleted directory: /var/folders/m8/pz2rx2296lgbnfdvkctnkxbm0000gn/T/zintrust-service-SA8pKH 

 [32mâœ“[39m tests/unit/FeatureScaffolder.test.ts [2m([22m[2m4 tests[22m[2m)[22m[32m 10[2mms[22m[39m
 [32mâœ“[39m tests/unit/QueryLogger.test.ts [2m([22m[2m16 tests[22m[2m)[22m[32m 6[2mms[22m[39m
 [32mâœ“[39m tests/unit/cache/drivers/memory-driver.test.ts [2m([22m[2m5 tests[22m[2m)[22m[32m 6[2mms[22m[39m
 [32mâœ“[39m tests/unit/cli/scaffolding/WorkflowGenerator.test.ts [2m([22m[2m25 tests[22m[2m)[22m[32m 14[2mms[22m[39m
 [32mâœ“[39m tests/unit/cli/ErrorHandler.test.ts [2m([22m[2m14 tests[22m[2m)[22m[32m 9[2mms[22m[39m
[90mstderr[2m | tests/unit/middleware/CsrfMiddleware.test.ts[2m > [22m[2mCsrfMiddleware[2m > [22m[2mshould reject invalid token
[22m[39m[WARN] CSRF validation failed for session test-session 

 [32mâœ“[39m tests/unit/http/Kernel.test.ts [2m([22m[2m8 tests[22m[2m)[22m[32m 12[2mms[22m[39m
 [32mâœ“[39m tests/unit/microservices/MicroserviceBootstrap.test.ts [2m([22m[2m3 tests[22m[2m)[22m[32m 6[2mms[22m[39m
 [32mâœ“[39m tests/unit/middleware/CsrfMiddleware.test.ts [2m([22m[2m3 tests[22m[2m)[22m[32m 17[2mms[22m[39m
[90mstderr[2m | tests/unit/middleware/RateLimiter.test.ts[2m > [22m[2mRateLimiter[2m > [22m[2mshould block requests exceeding limit
[22m[39m[WARN] Rate limit exceeded for IP: 127.0.0.1 

[90mstderr[2m | tests/unit/cli/BaseCommand.test.ts[2m > [22m[2mBaseCommand[2m > [22m[2mshould handle errors during execution
[22m[39m[ERROR] Command execution failed Test error

[90mstderr[2m | tests/unit/cli/BaseCommand.test.ts[2m > [22m[2mBaseCommand[2m > [22m[2mshould handle non-error objects during execution
[22m[39m[ERROR] Command execution failed String error

 [32mâœ“[39m tests/unit/middleware/RateLimiter.test.ts [2m([22m[2m4 tests[22m[2m)[22m[32m 8[2mms[22m[39m
 [32mâœ“[39m tests/unit/cli/BaseCommand.test.ts [2m([22m[2m6 tests[22m[2m)[22m[32m 6[2mms[22m[39m
[90mstderr[2m | tests/unit/Validator.test.ts[2m > [22m[2mValidator Helpers and Multiple Rules[2m > [22m[2mshould return boolean without throwing
[22m[39m[ERROR] Validation failed Validation failed

[90mstderr[2m | tests/unit/validation/Validator.test.ts[2m > [22m[2mValidator[2m > [22m[2mshould check validity without throwing
[22m[39m[ERROR] Validation failed Validation failed

 [32mâœ“[39m tests/unit/Validator.test.ts [2m([22m[2m22 tests[22m[2m)[22m[32m 8[2mms[22m[39m
 [32mâœ“[39m tests/unit/validation/Validator.test.ts [2m([22m[2m12 tests[22m[2m)[22m[32m 9[2mms[22m[39m
 [32mâœ“[39m tests/unit/runtime/RuntimeAdapter.test.ts [2m([22m[2m11 tests[22m[2m)[22m[32m 8[2mms[22m[39m
 [32mâœ“[39m tests/unit/MemoryProfiler.test.ts [2m([22m[2m7 tests[22m[2m)[22m[32m 10[2mms[22m[39m
 [32mâœ“[39m tests/unit/cli/PromptHelper.test.ts [2m([22m[2m19 tests[22m[2m)[22m[32m 7[2mms[22m[39m
 [32mâœ“[39m tests/unit/SecurityValidationCoverage.test.ts [2m([22m[2m33 tests[22m[2m)[22m[32m 8[2mms[22m[39m
 [32mâœ“[39m tests/unit/cli/utils/DistPackager.test.ts [2m([22m[2m7 tests[22m[2m)[22m[32m 9[2mms[22m[39m
 [32mâœ“[39m tests/unit/RoutingHTTPCoverage.test.ts [2m([22m[2m41 tests[22m[2m)[22m[32m 10[2mms[22m[39m
 [32mâœ“[39m tests/unit/orm/QueryBuilder.test.ts [2m([22m[2m14 tests[22m[2m)[22m[32m 8[2mms[22m[39m
 [32mâœ“[39m tests/unit/orm/PostgreSQL-rawQuery.test.ts [2m([22m[2m10 tests[22m[2m)[22m[32m 5[2mms[22m[39m
 [32mâœ“[39m tests/unit/DatabaseCriticalPaths.test.ts [2m([22m[2m17 tests[22m[2m)[22m[32m 6[2mms[22m[39m
 [32mâœ“[39m tests/unit/orm/SQLServer-rawQuery.test.ts [2m([22m[2m11 tests[22m[2m)[22m[32m 5[2mms[22m[39m
 [32mâœ“[39m tests/unit/middleware/SecurityMiddleware.test.ts [2m([22m[2m3 tests[22m[2m)[22m[32m 5[2mms[22m[39m
 [32mâœ“[39m tests/unit/XssProtection.test.ts [2m([22m[2m31 tests[22m[2m)[22m[32m 5[2mms[22m[39m
[90mstdout[2m | tests/unit/orm/PostgreSQLAdapter.test.ts[2m > [22m[2mPostgreSQLAdapter[2m > [22m[2mshould connect successfully
[22m[39m[INFO] âœ“ PostgreSQL connected (localhost:5432) 

[90mstdout[2m | tests/unit/orm/PostgreSQLAdapter.test.ts[2m > [22m[2mPostgreSQLAdapter[2m > [22m[2mshould disconnect successfully
[22m[39m[INFO] âœ“ PostgreSQL disconnected 

[90mstdout[2m | tests/unit/orm/PostgreSQLAdapter.test.ts[2m > [22m[2mPostgreSQLAdapter[2m > [22m[2mshould return empty result for query (mock implementation)
[22m[39m[INFO] âœ“ PostgreSQL connected (localhost:5432) 

[90mstdout[2m | tests/unit/orm/PostgreSQLAdapter.test.ts[2m > [22m[2mPostgreSQLAdapter[2m > [22m[2mshould return null for queryOne (mock implementation)
[22m[39m[INFO] âœ“ PostgreSQL connected (localhost:5432) 

[90mstdout[2m | tests/unit/orm/PostgreSQLAdapter.test.ts[2m > [22m[2mPostgreSQLAdapter[2m > [22m[2mshould execute transaction callback
[22m[39m[INFO] âœ“ PostgreSQL connected (localhost:5432) 

[90mstdout[2m | tests/unit/orm/PostgreSQLAdapter.test.ts[2m > [22m[2mPostgreSQLAdapter[2m > [22m[2mshould handle transaction errors
[22m[39m[INFO] âœ“ PostgreSQL connected (localhost:5432) 

[90mstderr[2m | tests/unit/orm/PostgreSQLAdapter.test.ts[2m > [22m[2mPostgreSQLAdapter[2m > [22m[2mshould handle transaction errors
[22m[39m[ERROR] PostgreSQL transaction failed Transaction failed

[90mstdout[2m | tests/unit/orm/PostgreSQLAdapter.test.ts[2m > [22m[2mPostgreSQLAdapter[2m > [22m[2mshould handle config with custom port
[22m[39m[INFO] âœ“ PostgreSQL connected (localhost:5433) 

[90mstdout[2m | tests/unit/orm/PostgreSQLAdapter.test.ts[2m > [22m[2mPostgreSQLAdapter[2m > [22m[2mshould handle config without port (default port)
[22m[39m[INFO] âœ“ PostgreSQL connected (localhost:undefined) 

 [32mâœ“[39m tests/unit/cli/commands/KeyGenerateCommand.test.ts [2m([22m[2m8 tests[22m[2m)[22m[32m 5[2mms[22m[39m
 [32mâœ“[39m tests/unit/orm/PostgreSQLAdapter.test.ts [2m([22m[2m12 tests[22m[2m)[22m[32m 5[2mms[22m[39m
 [32mâœ“[39m tests/unit/LowCoverageTargeted.test.ts [2m([22m[2m18 tests[22m[2m)[22m[32m 6[2mms[22m[39m
 [32mâœ“[39m tests/unit/http/Response.test.ts [2m([22m[2m10 tests[22m[2m)[22m[32m 4[2mms[22m[39m
 [32mâœ“[39m tests/unit/config/env.test.ts [2m([22m[2m16 tests[22m[2m)[22m[32m 7[2mms[22m[39m
 [32mâœ“[39m tests/unit/security/CsrfTokenManager.test.ts [2m([22m[2m11 tests[22m[2m)[22m[32m 3[2mms[22m[39m
 [32mâœ“[39m tests/unit/microservices/RequestTracingMiddleware.test.ts [2m([22m[2m5 tests[22m[2m)[22m[32m 4[2mms[22m[39m
 [32mâœ“[39m tests/unit/profiling/RequestProfiler.test.ts [2m([22m[2m5 tests[22m[2m)[22m[32m 5[2mms[22m[39m
 [32mâœ“[39m tests/unit/http/Controller.test.ts [2m([22m[2m6 tests[22m[2m)[22m[32m 6[2mms[22m[39m
 [32mâœ“[39m tests/unit/microservices/MicroserviceGenerator.test.ts [2m([22m[2m1 test[22m[2m)[22m[32m 5[2mms[22m[39m
 [32mâœ“[39m tests/unit/http/Request.test.ts [2m([22m[2m13 tests[22m[2m)[22m[32m 4[2mms[22m[39m
 [32mâœ“[39m tests/unit/QueryBuilderExtended.test.ts [2m([22m[2m6 tests[22m[2m)[22m[32m 3[2mms[22m[39m
 [32mâœ“[39m tests/unit/config/SecretsManager.test.ts [2m([22m[2m5 tests[22m[2m)[22m[32m 3[2mms[22m[39m
 [32mâœ“[39m tests/cli/ErrorHandler.test.ts [2m([22m[2m6 tests[22m[2m)[22m[32m 5[2mms[22m[39m
 [32mâœ“[39m tests/unit/container/ServiceContainer.test.ts [2m([22m[2m7 tests[22m[2m)[22m[32m 5[2mms[22m[39m
 [32mâœ“[39m tests/unit/ServiceContainer.test.ts [2m([22m[2m5 tests[22m[2m)[22m[32m 17[2mms[22m[39m
 [32mâœ“[39m tests/unit/middleware/MiddlewareStack.test.ts [2m([22m[2m3 tests[22m[2m)[22m[32m 3[2mms[22m[39m
 [32mâœ“[39m tests/unit/Server.test.ts [2m([22m[2m4 tests[22m[2m)[22m[32m 4[2mms[22m[39m
 [32mâœ“[39m tests/unit/security/UrlValidator.test.ts [2m([22m[2m6 tests[22m[2m)[22m[32m 3[2mms[22m[39m
 [32mâœ“[39m tests/unit/orm/DatabaseAdapter.test.ts [2m([22m[2m3 tests[22m[2m)[22m[32m 2[2mms[22m[39m
 [32mâœ“[39m tests/unit/config/microservices.test.ts [2m([22m[2m1 test[22m[2m)[22m[32m 2[2mms[22m[39m
[90mstdout[2m | tests/unit/config/features.test.ts[2m > [22m[2mFeatureFlags[2m > [22m[2minitialize should disable raw queries by default
[22m[39m[INFO] ðŸ”’ Raw SQL Queries are DISABLED (default, recommended for production) 

[90mstderr[2m | tests/unit/config/features.test.ts[2m > [22m[2mFeatureFlags[2m > [22m[2minitialize should enable raw queries when USE_RAW_QRY=true
[22m[39m[WARN] âš ï¸  FEATURE FLAG ENABLED: Raw SQL Queries are now available via adapter.rawQuery() 
[WARN] âš ï¸  This bypasses QueryBuilder safety - use only when necessary 
[WARN] âš ï¸  Ensure parameters are properly bound to prevent SQL injection 

 [32mâœ“[39m tests/unit/config/app.test.ts [2m([22m[2m2 tests[22m[2m)[22m[32m 4[2mms[22m[39m
 [32mâœ“[39m tests/unit/config/features.test.ts [2m([22m[2m3 tests[22m[2m)[22m[32m 3[2mms[22m[39m
 [32mâœ“[39m tests/unit/config/constants.test.ts [2m([22m[2m4 tests[22m[2m)[22m[32m 4[2mms[22m[39m
 [32mâœ“[39m tests/unit/ORMBranchCoverage.test.ts [2m([22m[2m3 tests[22m[2m)[22m[32m 3[2mms[22m[39m
 [32mâœ“[39m tests/unit/exceptions/ZintrustError.test.ts [2m([22m[2m6 tests[22m[2m)[22m[32m 2[2mms[22m[39m
 [32mâœ“[39m tests/unit/config/storage.test.ts [2m([22m[2m3 tests[22m[2m)[22m[32m 2[2mms[22m[39m
 [32mâœ“[39m tests/cli/BaseCommand.test.ts [2m([22m[2m2 tests[22m[2m)[22m[32m 3[2mms[22m[39m
 [32mâœ“[39m tests/unit/orm/Relationships.test.ts [2m([22m[2m4 tests[22m[2m)[22m[32m 3[2mms[22m[39m
 [32mâœ“[39m tests/unit/config/database.test.ts [2m([22m[2m3 tests[22m[2m)[22m[32m 2[2mms[22m[39m
 [32mâœ“[39m tests/unit/config/queue.test.ts [2m([22m[2m3 tests[22m[2m)[22m[32m 2[2mms[22m[39m
 [32mâœ“[39m tests/unit/config/cache.test.ts [2m([22m[2m3 tests[22m[2m)[22m[32m 2[2mms[22m[39m
 [32mâœ“[39m tests/unit/profiling/types.test.ts [2m([22m[2m1 test[22m[2m)[22m[32m 2[2mms[22m[39m

[31mâŽ¯âŽ¯âŽ¯âŽ¯âŽ¯âŽ¯âŽ¯[39m[1m[41m Failed Tests 6 [49m[22m[31mâŽ¯âŽ¯âŽ¯âŽ¯âŽ¯âŽ¯âŽ¯[39m

[41m[1m FAIL [22m[49m tests/cli/TemplateEngine.test.ts[2m > [22mTemplateEngine Rendering Paths and Content[2m > [22mrenderPath[2m > [22mshould render file paths with variables
[31m[1mTypeError[22m: __vite_ssr_import_0__.TemplateEngine.renderPath is not a function[39m
[36m [2mâ¯[22m tests/cli/TemplateEngine.test.ts:[2m92:37[22m[39m
    [90m 90| [39m      [35mconst[39m path [33m=[39m [32m'app/Models/{{ModelName}}.ts'[39m[33m;[39m
    [90m 91| [39m      [35mconst[39m variables [33m=[39m { [33mModelName[39m[33m:[39m [32m'User'[39m }[33m;[39m
    [90m 92| [39m      [35mconst[39m result [33m=[39m [33mTemplateEngine[39m[33m.[39m[34mrenderPath[39m(path[33m,[39m variables)[33m;[39m
    [90m   | [39m                                    [31m^[39m
    [90m 93| [39m
    [90m 94| [39m      [34mexpect[39m(result)[33m.[39m[34mtoBe[39m([32m'app/Models/User.ts'[39m)[33m;[39m

[31m[2mâŽ¯âŽ¯âŽ¯âŽ¯âŽ¯âŽ¯âŽ¯âŽ¯âŽ¯âŽ¯âŽ¯âŽ¯âŽ¯âŽ¯âŽ¯âŽ¯âŽ¯âŽ¯âŽ¯âŽ¯âŽ¯âŽ¯âŽ¯âŽ¯[1/6]âŽ¯[22m[39m

[41m[1m FAIL [22m[49m tests/cli/TemplateEngine.test.ts[2m > [22mTemplateEngine Rendering Paths and Content[2m > [22mrenderPath[2m > [22mshould handle multiple variables in path
[31m[1mTypeError[22m: __vite_ssr_import_0__.TemplateEngine.renderPath is not a function[39m
[36m [2mâ¯[22m tests/cli/TemplateEngine.test.ts:[2m100:37[22m[39m
    [90m 98| [39m      [35mconst[39m path [33m=[39m [32m'{{domain}}/{{service}}/routes.ts'[39m[33m;[39m
    [90m 99| [39m      [35mconst[39m variables [33m=[39m { domain[33m:[39m [32m'ecommerce'[39m[33m,[39m service[33m:[39m [32m'users'[39m }[33m;[39m
    [90m100| [39m      [35mconst[39m result [33m=[39m [33mTemplateEngine[39m[33m.[39m[34mrenderPath[39m(path[33m,[39m variables)[33m;[39m
    [90m   | [39m                                    [31m^[39m
    [90m101| [39m
    [90m102| [39m      [34mexpect[39m(result)[33m.[39m[34mtoBe[39m([32m'ecommerce/users/routes.ts'[39m)[33m;[39m

[31m[2mâŽ¯âŽ¯âŽ¯âŽ¯âŽ¯âŽ¯âŽ¯âŽ¯âŽ¯âŽ¯âŽ¯âŽ¯âŽ¯âŽ¯âŽ¯âŽ¯âŽ¯âŽ¯âŽ¯âŽ¯âŽ¯âŽ¯âŽ¯âŽ¯[2/6]âŽ¯[22m[39m

[41m[1m FAIL [22m[49m tests/cli/TemplateEngine.test.ts[2m > [22mTemplateEngine Rendering Paths and Content[2m > [22mrenderContent[2m > [22mshould render content with variables
[31m[1mTypeError[22m: __vite_ssr_import_0__.TemplateEngine.renderContent is not a function[39m
[36m [2mâ¯[22m tests/cli/TemplateEngine.test.ts:[2m110:37[22m[39m
    [90m108| [39m      [35mconst[39m content [33m=[39m [32m'export const {{Name}} = Object.freeze({});'[39m[33m;[39m
    [90m109| [39m      [35mconst[39m variables [33m=[39m { [33mName[39m[33m:[39m [32m'User'[39m }[33m;[39m
    [90m110| [39m      [35mconst[39m result [33m=[39m [33mTemplateEngine[39m[33m.[39m[34mrenderContent[39m(content[33m,[39m variables)[33m;[39m
    [90m   | [39m                                    [31m^[39m
    [90m111| [39m
    [90m112| [39m      [34mexpect[39m(result)[33m.[39m[34mtoBe[39m([32m'export const User = Object.freeze({});'[39m)[33m;[39m

[31m[2mâŽ¯âŽ¯âŽ¯âŽ¯âŽ¯âŽ¯âŽ¯âŽ¯âŽ¯âŽ¯âŽ¯âŽ¯âŽ¯âŽ¯âŽ¯âŽ¯âŽ¯âŽ¯âŽ¯âŽ¯âŽ¯âŽ¯âŽ¯âŽ¯[3/6]âŽ¯[22m[39m

[41m[1m FAIL [22m[49m tests/cli/TemplateEngine.test.ts[2m > [22mTemplateEngine Rendering Paths and Content[2m > [22mrenderContent[2m > [22mshould handle multi-line content
[31m[1mTypeError[22m: __vite_ssr_import_0__.TemplateEngine.renderContent is not a function[39m
[36m [2mâ¯[22m tests/cli/TemplateEngine.test.ts:[2m120:37[22m[39m
    [90m118| [39m});`[39m[33m;[39m
    [90m119| [39m      [35mconst[39m variables [33m=[39m { [33mName[39m[33m:[39m [32m'User'[39m }[33m;[39m
    [90m120| [39m      [35mconst[39m result [33m=[39m [33mTemplateEngine[39m[33m.[39m[34mrenderContent[39m(content[33m,[39m variables)[33m;[39m
    [90m   | [39m                                    [31m^[39m
    [90m121| [39m
    [90m122| [39m      [34mexpect[39m(result)[33m.[39m[34mtoContain[39m([32m'export const User = Object.freeze({'[39m)[33m;[39m

[31m[2mâŽ¯âŽ¯âŽ¯âŽ¯âŽ¯âŽ¯âŽ¯âŽ¯âŽ¯âŽ¯âŽ¯âŽ¯âŽ¯âŽ¯âŽ¯âŽ¯âŽ¯âŽ¯âŽ¯âŽ¯âŽ¯âŽ¯âŽ¯âŽ¯[4/6]âŽ¯[22m[39m

[41m[1m FAIL [22m[49m tests/cli/TemplateEngine.test.ts[2m > [22mTemplateEngine Built-in Templates[2m > [22mBUILT_IN_TEMPLATES[2m > [22mtemplate files should be valid
[31m[1mAssertionError[22m: expected undefined to be defined[39m
[36m [2mâ¯[22m tests/cli/TemplateEngine.test.ts:[2m256:32[22m[39m
    [90m254| [39m        [35mfor[39m ([35mconst[39m file [35mof[39m (template [35mas[39m any)[33m.[39mfiles) {
    [90m255| [39m          [34mexpect[39m(file[33m.[39mpath)[33m.[39m[34mtoBeDefined[39m()[33m;[39m
    [90m256| [39m          [34mexpect[39m(file[33m.[39mcontent)[33m.[39m[34mtoBeDefined[39m()[33m;[39m
    [90m   | [39m                               [31m^[39m
    [90m257| [39m          [34mexpect[39m([35mtypeof[39m file[33m.[39mpath)[33m.[39m[34mtoBe[39m([32m'string'[39m)[33m;[39m
    [90m258| [39m          [34mexpect[39m([35mtypeof[39m file[33m.[39mcontent)[33m.[39m[34mtoBe[39m([32m'string'[39m)[33m;[39m

[31m[2mâŽ¯âŽ¯âŽ¯âŽ¯âŽ¯âŽ¯âŽ¯âŽ¯âŽ¯âŽ¯âŽ¯âŽ¯âŽ¯âŽ¯âŽ¯âŽ¯âŽ¯âŽ¯âŽ¯âŽ¯âŽ¯âŽ¯âŽ¯âŽ¯[5/6]âŽ¯[22m[39m

[41m[1m FAIL [22m[49m tests/unit/cli/commands/NewCommand.test.ts[2m > [22mNewCommand[2m > [22mClass Structure[2m > [22mshould inherit from BaseCommand
[31m[1mAssertionError[22m: expected [ 'Object' ] to include 'BaseCommand'[39m
[36m [2mâ¯[22m tests/unit/cli/commands/NewCommand.test.ts:[2m59:32[22m[39m
    [90m 58| [39m      [35mlet[39m proto [33m=[39m [33mObject[39m[33m.[39m[34mgetPrototypeOf[39m(command)[33m;[39m
    [90m 59| [39m
    [90m 60| [39m      [35mwhile[39m (proto) {
    [90m   | [39m                              [31m^[39m
    [90m 61| [39m        [35mconst[39m name [33m=[39m proto[33m?.[39mconstructor[33m?.[39mname[33m;[39m
    [90m 62| [39m        if (typeof name === 'string' && name.length > 0) constructorNaâ€¦

[31m[2mâŽ¯âŽ¯âŽ¯âŽ¯âŽ¯âŽ¯âŽ¯âŽ¯âŽ¯âŽ¯âŽ¯âŽ¯âŽ¯âŽ¯âŽ¯âŽ¯âŽ¯âŽ¯âŽ¯âŽ¯âŽ¯âŽ¯âŽ¯âŽ¯[6/6]âŽ¯[22m[39m


[2m Test Files [22m [1m[31m2 failed[39m[22m[2m | [22m[1m[32m160 passed[39m[22m[90m (162)[39m
[2m      Tests [22m [1m[31m6 failed[39m[22m[2m | [22m[1m[32m2696 passed[39m[22m[90m (2702)[39m
[2m   Start at [22m 16:23:32
[2m   Duration [22m 6.24s[2m (transform 6.18s, setup 892ms, import 10.72s, tests 10.79s, environment 18ms)[22m

